=== build:dahilg-assets (meshopt+ktx, all 4 levels) ===
  public/da-hilg/meemaw.meta.json       0.00 MB

  total output (incl. anims + meta): 128.71 MB
  level + 4 chars:  sources 90.12 MB -> outputs 41.66 MB  (53.8% smaller)

  meta: offset=[-0.095, 37.545, -0.695] groundY=37.545 houseCenter=[-0.095, 49.312, -0.695]

ALL ASSERTIONS PASSED
=== minimaps ===
ALL ASSERTIONS PASSED
ALL ASSERTIONS PASSED
ALL ASSERTIONS PASSED
ALL ASSERTIONS PASSED
=== unity source bridge ===
unity glb level.glb 49.11 MB <- public/da-hilg/level.glb
unity vegetation canyon.glb: kept 96/214 tree instances
unity glb canyon.glb 36.66 MB <- public/da-hilg/canyon.glb
unity vegetation stanton.glb: kept 93/197 tree instances
unity glb stanton.glb 60.91 MB <- public/da-hilg/stanton.glb
unity glb cece.glb 0.29 MB <- public/da-hilg/cece.glb
unity glb drew.glb 0.50 MB <- public/da-hilg/drew.glb
unity glb kelli.glb 1.69 MB <- public/da-hilg/kelli.glb
unity glb mike.glb 0.94 MB <- public/da-hilg/mike.glb
unity vegetation meemaw.glb: kept 103/213 tree instances
unity glb meemaw.glb 37.73 MB <- public/da-hilg/meemaw.glb
unity glb sun3d.glb 0.17 MB <- public/da-hilg/sun3d.glb
unity glb anims/attack.glb 0.75 MB <- public/da-hilg/anims/attack.glb
unity glb anims/cheer.glb 0.75 MB <- public/da-hilg/anims/cheer.glb
unity glb anims/climb.glb 0.50 MB <- public/da-hilg/anims/climb.glb
unity glb anims/crawl.glb 0.50 MB <- public/da-hilg/anims/crawl.glb
unity glb anims/dance.glb 0.75 MB <- public/da-hilg/anims/dance.glb
unity glb anims/hit.glb 0.50 MB <- public/da-hilg/anims/hit.glb
unity glb anims/idle.glb 0.06 MB <- public/da-hilg/anims/idle.glb
unity glb anims/jump.glb 0.43 MB <- public/da-hilg/anims/jump.glb
unity glb anims/knockdown.glb 0.50 MB <- public/da-hilg/anims/knockdown.glb
unity glb anims/run.glb 0.50 MB <- public/da-hilg/anims/run.glb
unity glb anims/stumble.glb 0.50 MB <- public/da-hilg/anims/stumble.glb
unity glb anims/walk.glb 0.50 MB <- public/da-hilg/anims/walk.glb
unity glb anims/wave.glb 0.75 MB <- public/da-hilg/anims/wave.glb
=== ASSET PIPELINE DONE ===
