=== STEP 1: re-export canyon + stanton (new exporter, cached sidecars) ===

== re-export canyon from exports/canyon-middle-school ==
  restored 11 sidecar files into working locations
+ node scripts/export_property_glb.mjs
grass clumps (animated nodes): 520   wind clip: GrassWind (3s loop)
THREE.GLTFExporter: Creating normalized normal attribute from the non-normalized one.
THREE.GLTFExporter: Creating normalized normal attribute from the non-normalized one.
THREE.GLTFExporter: Creating normalized normal attribute from the non-normalized one.
THREE.GLTFExporter: Creating normalized normal attribute from the non-normalized one.
terrain: USGS 3DEP 1m (CA_AlamedaCounty_2021 bare-earth DTM)
crop half: 356 m   buildings: 34 (0 skipped on owner lots)   trees: 241 (heuristic (no LiDAR/OSM trees))
tree layer: 241 visual instances -> 'Trees' group + 'Collision_Trees' trunk boxes  [trees_placed.json (241 instances, 6 templates)]
layers:
  Terrain            518400 verts
  House_walls        54 verts
  House_roof         129 verts
  House_siding_lines 216 verts
  House_window_trim  270 verts
  Buildings_walls    1152 verts
  Buildings_roofs    3618 verts
  Buildings_siding_lines 4080 verts
  Buildings_window_trim 15804 verts
  Buildings_windows  1464 verts
  Roofs_photo        21 verts
  Ground_Pads        804 verts
  Roads              35851 verts
  Driveways          65 verts
  Driveways_Mapped   8170 verts
  ParkingAreas_Mapped 9 verts
  Sidewalks          33826 verts
  Sidewalks_Mapped   3871 verts
  Crosswalks_Mapped  692 verts
  RoadCurbs          22791 verts
  GapDirt            13893 verts
  RoadLines          3438 verts
  Doors              210 verts
  Doors_trim         630 verts
  Doors_transom      210 verts
  Shrubs             200 verts
  Collision_Terrain  8281 verts
  Collision_Roads    96377 verts
  Collision_Buildings 402 verts
  LOD_Buildings_Low  402 verts
  Tree_0             10383 verts
  Tree_1             3690 verts
  Tree_2             8748 verts
  Tree_3             8748 verts
  Tree_4             8748 verts
  Tree_5             7341 verts
  Tree_6             8748 verts
  Tree_7             7341 verts
  Tree_8             7341 verts
  Tree_9             3690 verts
  Tree_10            10383 verts
  Tree_11            10383 verts
  Tree_12            7341 verts
  Tree_13            7341 verts
  Tree_14            8748 verts
  Tree_15            10383 verts
  Tree_16            8748 verts
  Tree_17            3690 verts
  Tree_18            10383 verts
  Tree_19            10383 verts
  Tree_20            10383 verts
  Tree_21            8748 verts
  Tree_22            7341 verts
  Tree_23            8748 verts
  Tree_24            7341 verts
  Tree_25            3690 verts
  Tree_26            10383 verts
  Tree_27            10383 verts
  Tree_28            7341 verts
  Tree_29            7341 verts
  Tree_30            8748 verts
  Tree_31            10383 verts
  Tree_32            10383 verts
  Tree_33            3690 verts
  Tree_34            8748 verts
  Tree_35            8748 verts
  Tree_36            7341 verts
  Tree_37            10383 verts
  Tree_38            7341 verts
  Tree_39            7341 verts
  Tree_40            7341 verts
  Tree_41            3690 verts
  Tree_42            7764 verts
  Tree_43            10383 verts
  Tree_44            7341 verts
  Tree_45            8748 verts
  Tree_46            8748 verts
  Tree_47            8748 verts
  Tree_48            7341 verts
  Tree_49            3690 verts
  Tree_50            8748 verts
  Tree_51            8748 verts
  Tree_52            10383 verts
  Tree_53            10383 verts
  Tree_54            7341 verts
  Tree_55            10383 verts
  Tree_56            7341 verts
  Tree_57            3690 verts
  Tree_58            7764 verts
  Tree_59            10383 verts
  Tree_60            7341 verts
  Tree_61            7341 verts
  Tree_62            8748 verts
  Tree_63            7341 verts
  Tree_64            10383 verts
  Tree_65            3690 verts
  Tree_66            8748 verts
  Tree_67            8748 verts
  Tree_68            7764 verts
  Tree_69            10383 verts
  Tree_70            7341 verts
  Tree_71            10383 verts
  Tree_72            7341 verts
  Tree_73            3690 verts
  Tree_74            8748 verts
  Tree_75            7341 verts
  Tree_76            10383 verts
  Tree_77            7341 verts
  Tree_78            8748 verts
  Tree_79            7764 verts
  Tree_80            10383 verts
  Tree_81            3690 verts
  Tree_82            8748 verts
  Tree_83            8748 verts
  Tree_84            8748 verts
  Tree_85            10383 verts
  Tree_86            7341 verts
  Tree_87            7341 verts
  Tree_88            7341 verts
  Tree_89            7341 verts
  Tree_90            7764 verts
  Tree_91            10383 verts
  Tree_92            7341 verts
  Tree_93            7341 verts
  Tree_94            8748 verts
  Tree_95            8748 verts
  Tree_96            10383 verts
  Tree_97            10383 verts
  Tree_98            7341 verts
  Tree_99            7764 verts
  Tree_100           8748 verts
  Tree_101           7341 verts
  Tree_102           3690 verts
  Tree_103           10383 verts
  Tree_104           7341 verts
  Tree_105           7341 verts
  Tree_106           10383 verts
  Tree_107           10383 verts
  Tree_108           10383 verts
  Tree_109           7341 verts
  Tree_110           3690 verts
  Tree_111           8748 verts
  Tree_112           10383 verts
  Tree_113           10383 verts
  Tree_114           7341 verts
  Tree_115           8748 verts
  Tree_116           8748 verts
  Tree_117           10383 verts
  Tree_118           3690 verts
  Tree_119           10383 verts
  Tree_120           7341 verts
  Tree_121           7341 verts
  Tree_122           8748 verts
  Tree_123           7764 verts
  Tree_124           10383 verts
  Tree_125           7341 verts
  Tree_126           3690 verts
  Tree_127           10383 verts
  Tree_128           10383 verts
  Tree_129           10383 verts
  Tree_130           8748 verts
  Tree_131           7341 verts
  Tree_132           8748 verts
  Tree_133           10383 verts
  Tree_134           3690 verts
  Tree_135           10383 verts
  Tree_136           8748 verts
  Tree_137           10383 verts
  Tree_138           8748 verts
  Tree_139           8748 verts
  Tree_140           10383 verts
  Tree_141           8748 verts
  Tree_142           3690 verts
  Tree_143           8748 verts
  Tree_144           7341 verts
  Tree_145           10383 verts
  Tree_146           7341 verts
  Tree_147           7341 verts
  Tree_148           8748 verts
  Tree_149           7341 verts
  Tree_150           3690 verts
  Tree_151           10383 verts
  Tree_152           10383 verts
  Tree_153           7341 verts
  Tree_154           8748 verts
  Tree_155           8748 verts
  Tree_156           7341 verts
  Tree_157           10383 verts
  Tree_158           3690 verts
  Tree_159           7764 verts
  Tree_160           8748 verts
  Tree_161           10383 verts
  Tree_162           7341 verts
  Tree_163           7341 verts
  Tree_164           10383 verts
  Tree_165           10383 verts
  Tree_166           3690 verts
  Tree_167           8748 verts
  Tree_168           10383 verts
  Tree_169           7341 verts
  Tree_170           8748 verts
  Tree_171           8748 verts
  Tree_172           10383 verts
  Tree_173           8748 verts
  Tree_174           3690 verts
  Tree_175           7764 verts
  Tree_176           8748 verts
  Tree_177           10383 verts
  Tree_178           7341 verts
  Tree_179           7341 verts
  Tree_180           8748 verts
  Tree_181           8748 verts
  Tree_182           3690 verts
  Tree_183           10383 verts
  Tree_184           10383 verts
  Tree_185           8748 verts
  Tree_186           7341 verts
  Tree_187           8748 verts
  Tree_188           10383 verts
  Tree_189           10383 verts
  Tree_190           3690 verts
  Tree_191           7341 verts
  Tree_192           8748 verts
  Tree_193           10383 verts
  Tree_194           8748 verts
  Tree_195           7341 verts
  Tree_196           8748 verts
  Tree_197           10383 verts
  Tree_198           3690 verts
  Tree_199           10383 verts
  Tree_200           10383 verts
  Tree_201           7341 verts
  Tree_202           7341 verts
  Tree_203           7341 verts
  Tree_204           10383 verts
  Tree_205           10383 verts
  Tree_206           3690 verts
  Tree_207           7341 verts
  Tree_208           8748 verts
  Tree_209           10383 verts
  Tree_210           7764 verts
  Tree_211           7341 verts
  Tree_212           7341 verts
  Tree_213           8748 verts
  Tree_214           3690 verts
  Tree_215           8748 verts
  Tree_216           7341 verts
  Tree_217           7341 verts
  Tree_218           8748 verts
  Tree_219           8748 verts
  Tree_220           8748 verts
  Tree_221           7341 verts
  Tree_222           3690 verts
  Tree_223           7341 verts
  Tree_224           8748 verts
  Tree_225           10383 verts
  Tree_226           7764 verts
  Tree_227           8748 verts
  Tree_228           7341 verts
  Tree_229           7341 verts
  Tree_230           3690 verts
  Tree_231           10383 verts
  Tree_232           10383 verts
  Tree_233           10383 verts
  Tree_234           7341 verts
  Tree_235           7341 verts
  Tree_236           8748 verts
  Tree_237           10383 verts
  Tree_238           3690 verts
  Tree_239           8748 verts
  Tree_240           10383 verts
  Collision_Trees    1928 verts
  YourLots           3303 verts
  GrassClump_0000    30 verts
  GrassClump_0001    30 verts
  GrassClump_0002    30 verts
  GrassClump_0003    30 verts
  GrassClump_0004    30 verts
  GrassClump_0005    30 verts
  GrassClump_0006    30 verts
  GrassClump_0007    30 verts
  GrassClump_0008    30 verts
  GrassClump_0009    30 verts
  GrassClump_0010    30 verts
  GrassClump_0011    30 verts
  GrassClump_0012    30 verts
  GrassClump_0013    30 verts
  GrassClump_0014    30 verts
  GrassClump_0015    30 verts
  GrassClump_0016    30 verts
  GrassClump_0017    30 verts
  GrassClump_0018    30 verts
  GrassClump_0019    30 verts
  GrassClump_0020    30 verts
  GrassClump_0021    30 verts
  GrassClump_0022    30 verts
  GrassClump_0023    30 verts
  GrassClump_0024    30 verts
  GrassClump_0025    30 verts
  GrassClump_0026    30 verts
  GrassClump_0027    30 verts
  GrassClump_0028    30 verts
  GrassClump_0029    30 verts
  GrassClump_0030    30 verts
  GrassClump_0031    30 verts
  GrassClump_0032    30 verts
  GrassClump_0033    30 verts
  GrassClump_0034    30 verts
  GrassClump_0035    30 verts
  GrassClump_0036    30 verts
  GrassClump_0037    30 verts
  GrassClump_0038    30 verts
  GrassClump_0039    30 verts
  GrassClump_0040    30 verts
  GrassClump_0041    30 verts
  GrassClump_0042    30 verts
  GrassClump_0043    30 verts
  GrassClump_0044    30 verts
  GrassClump_0045    30 verts
  GrassClump_0046    30 verts
  GrassClump_0047    30 verts
  GrassClump_0048    30 verts
  GrassClump_0049    30 verts
  GrassClump_0050    30 verts
  GrassClump_0051    30 verts
  GrassClump_0052    30 verts
  GrassClump_0053    30 verts
  GrassClump_0054    30 verts
  GrassClump_0055    30 verts
  GrassClump_0056    30 verts
  GrassClump_0057    30 verts
  GrassClump_0058    30 verts
  GrassClump_0059    30 verts
  GrassClump_0060    30 verts
  GrassClump_0061    30 verts
  GrassClump_0062    30 verts
  GrassClump_0063    30 verts
  GrassClump_0064    30 verts
  GrassClump_0065    30 verts
  GrassClump_0066    30 verts
  GrassClump_0067    30 verts
  GrassClump_0068    30 verts
  GrassClump_0069    30 verts
  GrassClump_0070    30 verts
  GrassClump_0071    30 verts
  GrassClump_0072    30 verts
  GrassClump_0073    30 verts
  GrassClump_0074    30 verts
  GrassClump_0075    30 verts
  GrassClump_0076    30 verts
  GrassClump_0077    30 verts
  GrassClump_0078    30 verts
  GrassClump_0079    30 verts
  GrassClump_0080    30 verts
  GrassClump_0081    30 verts
  GrassClump_0082    30 verts
  GrassClump_0083    30 verts
  GrassClump_0084    30 verts
  GrassClump_0085    30 verts
  GrassClump_0086    30 verts
  GrassClump_0087    30 verts
  GrassClump_0088    30 verts
  GrassClump_0089    30 verts
  GrassClump_0090    30 verts
  GrassClump_0091    30 verts
  GrassClump_0092    30 verts
  GrassClump_0093    30 verts
  GrassClump_0094    30 verts
  GrassClump_0095    30 verts
  GrassClump_0096    30 verts
  GrassClump_0097    30 verts
  GrassClump_0098    30 verts
  GrassClump_0099    30 verts
  GrassClump_0100    30 verts
  GrassClump_0101    30 verts
  GrassClump_0102    30 verts
  GrassClump_0103    30 verts
  GrassClump_0104    30 verts
  GrassClump_0105    30 verts
  GrassClump_0106    30 verts
  GrassClump_0107    30 verts
  GrassClump_0108    30 verts
  GrassClump_0109    30 verts
  GrassClump_0110    30 verts
  GrassClump_0111    30 verts
  GrassClump_0112    30 verts
  GrassClump_0113    30 verts
  GrassClump_0114    30 verts
  GrassClump_0115    30 verts
  GrassClump_0116    30 verts
  GrassClump_0117    30 verts
  GrassClump_0118    30 verts
  GrassClump_0119    30 verts
  GrassClump_0120    30 verts
  GrassClump_0121    30 verts
  GrassClump_0122    30 verts
  GrassClump_0123    30 verts
  GrassClump_0124    30 verts
  GrassClump_0125    30 verts
  GrassClump_0126    30 verts
  GrassClump_0127    30 verts
  GrassClump_0128    30 verts
  GrassClump_0129    30 verts
  GrassClump_0130    30 verts
  GrassClump_0131    30 verts
  GrassClump_0132    30 verts
  GrassClump_0133    30 verts
  GrassClump_0134    30 verts
  GrassClump_0135    30 verts
  GrassClump_0136    30 verts
  GrassClump_0137    30 verts
  GrassClump_0138    30 verts
  GrassClump_0139    30 verts
  GrassClump_0140    30 verts
  GrassClump_0141    30 verts
  GrassClump_0142    30 verts
  GrassClump_0143    30 verts
  GrassClump_0144    30 verts
  GrassClump_0145    30 verts
  GrassClump_0146    30 verts
  GrassClump_0147    30 verts
  GrassClump_0148    30 verts
  GrassClump_0149    30 verts
  GrassClump_0150    30 verts
  GrassClump_0151    30 verts
  GrassClump_0152    30 verts
  GrassClump_0153    30 verts
  GrassClump_0154    30 verts
  GrassClump_0155    30 verts
  GrassClump_0156    30 verts
  GrassClump_0157    30 verts
  GrassClump_0158    30 verts
  GrassClump_0159    30 verts
  GrassClump_0160    30 verts
  GrassClump_0161    30 verts
  GrassClump_0162    30 verts
  GrassClump_0163    30 verts
  GrassClump_0164    30 verts
  GrassClump_0165    30 verts
  GrassClump_0166    30 verts
  GrassClump_0167    30 verts
  GrassClump_0168    30 verts
  GrassClump_0169    30 verts
  GrassClump_0170    30 verts
  GrassClump_0171    30 verts
  GrassClump_0172    30 verts
  GrassClump_0173    30 verts
  GrassClump_0174    30 verts
  GrassClump_0175    30 verts
  GrassClump_0176    30 verts
  GrassClump_0177    30 verts
  GrassClump_0178    30 verts
  GrassClump_0179    30 verts
  GrassClump_0180    30 verts
  GrassClump_0181    30 verts
  GrassClump_0182    30 verts
  GrassClump_0183    30 verts
  GrassClump_0184    30 verts
  GrassClump_0185    30 verts
  GrassClump_0186    30 verts
  GrassClump_0187    30 verts
  GrassClump_0188    30 verts
  GrassClump_0189    30 verts
  GrassClump_0190    30 verts
  GrassClump_0191    30 verts
  GrassClump_0192    30 verts
  GrassClump_0193    30 verts
  GrassClump_0194    30 verts
  GrassClump_0195    30 verts
  GrassClump_0196    30 verts
  GrassClump_0197    30 verts
  GrassClump_0198    30 verts
  GrassClump_0199    30 verts
  GrassClump_0200    30 verts
  GrassClump_0201    30 verts
  GrassClump_0202    30 verts
  GrassClump_0203    30 verts
  GrassClump_0204    30 verts
  GrassClump_0205    30 verts
  GrassClump_0206    30 verts
  GrassClump_0207    30 verts
  GrassClump_0208    30 verts
  GrassClump_0209    30 verts
  GrassClump_0210    30 verts
  GrassClump_0211    30 verts
  GrassClump_0212    30 verts
  GrassClump_0213    30 verts
  GrassClump_0214    30 verts
  GrassClump_0215    30 verts
  GrassClump_0216    30 verts
  GrassClump_0217    30 verts
  GrassClump_0218    30 verts
  GrassClump_0219    30 verts
  GrassClump_0220    30 verts
  GrassClump_0221    30 verts
  GrassClump_0222    30 verts
  GrassClump_0223    30 verts
  GrassClump_0224    30 verts
  GrassClump_0225    30 verts
  GrassClump_0226    30 verts
  GrassClump_0227    30 verts
  GrassClump_0228    30 verts
  GrassClump_0229    30 verts
  GrassClump_0230    30 verts
  GrassClump_0231    30 verts
  GrassClump_0232    30 verts
  GrassClump_0233    30 verts
  GrassClump_0234    30 verts
  GrassClump_0235    30 verts
  GrassClump_0236    30 verts
  GrassClump_0237    30 verts
  GrassClump_0238    30 verts
  GrassClump_0239    30 verts
  GrassClump_0240    30 verts
  GrassClump_0241    30 verts
  GrassClump_0242    30 verts
  GrassClump_0243    30 verts
  GrassClump_0244    30 verts
  GrassClump_0245    30 verts
  GrassClump_0246    30 verts
  GrassClump_0247    30 verts
  GrassClump_0248    30 verts
  GrassClump_0249    30 verts
  GrassClump_0250    30 verts
  GrassClump_0251    30 verts
  GrassClump_0252    30 verts
  GrassClump_0253    30 verts
  GrassClump_0254    30 verts
  GrassClump_0255    30 verts
  GrassClump_0256    30 verts
  GrassClump_0257    30 verts
  GrassClump_0258    30 verts
  GrassClump_0259    30 verts
  GrassClump_0260    30 verts
  GrassClump_0261    30 verts
  GrassClump_0262    30 verts
  GrassClump_0263    30 verts
  GrassClump_0264    30 verts
  GrassClump_0265    30 verts
  GrassClump_0266    30 verts
  GrassClump_0267    30 verts
  GrassClump_0268    30 verts
  GrassClump_0269    30 verts
  GrassClump_0270    30 verts
  GrassClump_0271    30 verts
  GrassClump_0272    30 verts
  GrassClump_0273    30 verts
  GrassClump_0274    30 verts
  GrassClump_0275    30 verts
  GrassClump_0276    30 verts
  GrassClump_0277    30 verts
  GrassClump_0278    30 verts
  GrassClump_0279    30 verts
  GrassClump_0280    30 verts
  GrassClump_0281    30 verts
  GrassClump_0282    30 verts
  GrassClump_0283    30 verts
  GrassClump_0284    30 verts
  GrassClump_0285    30 verts
  GrassClump_0286    30 verts
  GrassClump_0287    30 verts
  GrassClump_0288    30 verts
  GrassClump_0289    30 verts
  GrassClump_0290    30 verts
  GrassClump_0291    30 verts
  GrassClump_0292    30 verts
  GrassClump_0293    30 verts
  GrassClump_0294    30 verts
  GrassClump_0295    30 verts
  GrassClump_0296    30 verts
  GrassClump_0297    30 verts
  GrassClump_0298    30 verts
  GrassClump_0299    30 verts
  GrassClump_0300    30 verts
  GrassClump_0301    30 verts
  GrassClump_0302    30 verts
  GrassClump_0303    30 verts
  GrassClump_0304    30 verts
  GrassClump_0305    30 verts
  GrassClump_0306    30 verts
  GrassClump_0307    30 verts
  GrassClump_0308    30 verts
  GrassClump_0309    30 verts
  GrassClump_0310    30 verts
  GrassClump_0311    30 verts
  GrassClump_0312    30 verts
  GrassClump_0313    30 verts
  GrassClump_0314    30 verts
  GrassClump_0315    30 verts
  GrassClump_0316    30 verts
  GrassClump_0317    30 verts
  GrassClump_0318    30 verts
  GrassClump_0319    30 verts
  GrassClump_0320    30 verts
  GrassClump_0321    30 verts
  GrassClump_0322    30 verts
  GrassClump_0323    30 verts
  GrassClump_0324    30 verts
  GrassClump_0325    30 verts
  GrassClump_0326    30 verts
  GrassClump_0327    30 verts
  GrassClump_0328    30 verts
  GrassClump_0329    30 verts
  GrassClump_0330    30 verts
  GrassClump_0331    30 verts
  GrassClump_0332    30 verts
  GrassClump_0333    30 verts
  GrassClump_0334    30 verts
  GrassClump_0335    30 verts
  GrassClump_0336    30 verts
  GrassClump_0337    30 verts
  GrassClump_0338    30 verts
  GrassClump_0339    30 verts
  GrassClump_0340    30 verts
  GrassClump_0341    30 verts
  GrassClump_0342    30 verts
  GrassClump_0343    30 verts
  GrassClump_0344    30 verts
  GrassClump_0345    30 verts
  GrassClump_0346    30 verts
  GrassClump_0347    30 verts
  GrassClump_0348    30 verts
  GrassClump_0349    30 verts
  GrassClump_0350    30 verts
  GrassClump_0351    30 verts
  GrassClump_0352    30 verts
  GrassClump_0353    30 verts
  GrassClump_0354    30 verts
  GrassClump_0355    30 verts
  GrassClump_0356    30 verts
  GrassClump_0357    30 verts
  GrassClump_0358    30 verts
  GrassClump_0359    30 verts
  GrassClump_0360    30 verts
  GrassClump_0361    30 verts
  GrassClump_0362    30 verts
  GrassClump_0363    30 verts
  GrassClump_0364    30 verts
  GrassClump_0365    30 verts
  GrassClump_0366    30 verts
  GrassClump_0367    30 verts
  GrassClump_0368    30 verts
  GrassClump_0369    30 verts
  GrassClump_0370    30 verts
  GrassClump_0371    30 verts
  GrassClump_0372    30 verts
  GrassClump_0373    30 verts
  GrassClump_0374    30 verts
  GrassClump_0375    30 verts
  GrassClump_0376    30 verts
  GrassClump_0377    30 verts
  GrassClump_0378    30 verts
  GrassClump_0379    30 verts
  GrassClump_0380    30 verts
  GrassClump_0381    30 verts
  GrassClump_0382    30 verts
  GrassClump_0383    30 verts
  GrassClump_0384    30 verts
  GrassClump_0385    30 verts
  GrassClump_0386    30 verts
  GrassClump_0387    30 verts
  GrassClump_0388    30 verts
  GrassClump_0389    30 verts
  GrassClump_0390    30 verts
  GrassClump_0391    30 verts
  GrassClump_0392    30 verts
  GrassClump_0393    30 verts
  GrassClump_0394    30 verts
  GrassClump_0395    30 verts
  GrassClump_0396    30 verts
  GrassClump_0397    30 verts
  GrassClump_0398    30 verts
  GrassClump_0399    30 verts
  GrassClump_0400    30 verts
  GrassClump_0401    30 verts
  GrassClump_0402    30 verts
  GrassClump_0403    30 verts
  GrassClump_0404    30 verts
  GrassClump_0405    30 verts
  GrassClump_0406    30 verts
  GrassClump_0407    30 verts
  GrassClump_0408    30 verts
  GrassClump_0409    30 verts
  GrassClump_0410    30 verts
  GrassClump_0411    30 verts
  GrassClump_0412    30 verts
  GrassClump_0413    30 verts
  GrassClump_0414    30 verts
  GrassClump_0415    30 verts
  GrassClump_0416    30 verts
  GrassClump_0417    30 verts
  GrassClump_0418    30 verts
  GrassClump_0419    30 verts
  GrassClump_0420    30 verts
  GrassClump_0421    30 verts
  GrassClump_0422    30 verts
  GrassClump_0423    30 verts
  GrassClump_0424    30 verts
  GrassClump_0425    30 verts
  GrassClump_0426    30 verts
  GrassClump_0427    30 verts
  GrassClump_0428    30 verts
  GrassClump_0429    30 verts
  GrassClump_0430    30 verts
  GrassClump_0431    30 verts
  GrassClump_0432    30 verts
  GrassClump_0433    30 verts
  GrassClump_0434    30 verts
  GrassClump_0435    30 verts
  GrassClump_0436    30 verts
  GrassClump_0437    30 verts
  GrassClump_0438    30 verts
  GrassClump_0439    30 verts
  GrassClump_0440    30 verts
  GrassClump_0441    30 verts
  GrassClump_0442    30 verts
  GrassClump_0443    30 verts
  GrassClump_0444    30 verts
  GrassClump_0445    30 verts
  GrassClump_0446    30 verts
  GrassClump_0447    30 verts
  GrassClump_0448    30 verts
  GrassClump_0449    30 verts
  GrassClump_0450    30 verts
  GrassClump_0451    30 verts
  GrassClump_0452    30 verts
  GrassClump_0453    30 verts
  GrassClump_0454    30 verts
  GrassClump_0455    30 verts
  GrassClump_0456    30 verts
  GrassClump_0457    30 verts
  GrassClump_0458    30 verts
  GrassClump_0459    30 verts
  GrassClump_0460    30 verts
  GrassClump_0461    30 verts
  GrassClump_0462    30 verts
  GrassClump_0463    30 verts
  GrassClump_0464    30 verts
  GrassClump_0465    30 verts
  GrassClump_0466    30 verts
  GrassClump_0467    30 verts
  GrassClump_0468    30 verts
  GrassClump_0469    30 verts
  GrassClump_0470    30 verts
  GrassClump_0471    30 verts
  GrassClump_0472    30 verts
  GrassClump_0473    30 verts
  GrassClump_0474    30 verts
  GrassClump_0475    30 verts
  GrassClump_0476    30 verts
  GrassClump_0477    30 verts
  GrassClump_0478    30 verts
  GrassClump_0479    30 verts
  GrassClump_0480    30 verts
  GrassClump_0481    30 verts
  GrassClump_0482    30 verts
  GrassClump_0483    30 verts
  GrassClump_0484    30 verts
  GrassClump_0485    30 verts
  GrassClump_0486    30 verts
  GrassClump_0487    30 verts
  GrassClump_0488    30 verts
  GrassClump_0489    30 verts
  GrassClump_0490    30 verts
  GrassClump_0491    30 verts
  GrassClump_0492    30 verts
  GrassClump_0493    30 verts
  GrassClump_0494    30 verts
  GrassClump_0495    30 verts
  GrassClump_0496    30 verts
  GrassClump_0497    30 verts
  GrassClump_0498    30 verts
  GrassClump_0499    30 verts
  GrassClump_0500    30 verts
  GrassClump_0501    30 verts
  GrassClump_0502    30 verts
  GrassClump_0503    30 verts
  GrassClump_0504    30 verts
  GrassClump_0505    30 verts
  GrassClump_0506    30 verts
  GrassClump_0507    30 verts
  GrassClump_0508    30 verts
  GrassClump_0509    30 verts
  GrassClump_0510    30 verts
  GrassClump_0511    30 verts
  GrassClump_0512    30 verts
  GrassClump_0513    30 verts
  GrassClump_0514    30 verts
  GrassClump_0515    30 verts
  GrassClump_0516    30 verts
  GrassClump_0517    30 verts
  GrassClump_0518    30 verts
  GrassClump_0519    30 verts
street-view facade overlays: 0
textured materials: 82 (aerial->terrain/roofs_photo, facade->walls, asphalt->roads/driveways/parking/crosswalks, concrete->sidewalks/curbs, shingle->solid roofs)
wrote /Users/mcohen/dev/home/exports/1840-dahill-property.glb (72645 KB)
  wrote exports/canyon-middle-school-property.glb (74.4 MB)

== re-export stanton from exports/stanton-elementary ==
  restored 11 sidecar files into working locations
+ node scripts/export_property_glb.mjs
grass clumps (animated nodes): 520   wind clip: GrassWind (3s loop)
THREE.GLTFExporter: Creating normalized normal attribute from the non-normalized one.
THREE.GLTFExporter: Creating normalized normal attribute from the non-normalized one.
THREE.GLTFExporter: Creating normalized normal attribute from the non-normalized one.
terrain: USGS 3DEP 1m (CA_AlamedaCounty_2021 bare-earth DTM)
crop half: 226 m   buildings: 251 (0 skipped on owner lots)   trees: 241 (heuristic (no LiDAR/OSM trees))
tree layer: 241 visual instances -> 'Trees' group + 'Collision_Trees' trunk boxes  [trees_placed.json (241 instances, 6 templates)]
layers:
  Terrain            211600 verts
  House_walls        24 verts
  House_roof         72 verts
  House_siding_lines 96 verts
  House_window_trim  120 verts
  Buildings_walls    11124 verts
  Buildings_roofs    34152 verts
  Buildings_siding_lines 36120 verts
  Buildings_window_trim 104076 verts
  Buildings_windows  10590 verts
  Roofs_photo        6 verts
  Ground_Pads        7432 verts
  Roads              29432 verts
  Driveways          91 verts
  Driveways_Mapped   768 verts
  ParkingAreas_Mapped 4 verts
  Sidewalks          34500 verts
  Crosswalks_Mapped  92 verts
  RoadCurbs          19162 verts
  GapDirt            11718 verts
  RoadLines          2730 verts
  Doors              1512 verts
  Doors_trim         4536 verts
  Doors_transom      1512 verts
  Shrubs             200 verts
  Collision_Terrain  3364 verts
  Collision_Roads    76605 verts
  Collision_Buildings 3716 verts
  LOD_Buildings_Low  3716 verts
  Tree_0             10383 verts
  Tree_1             3690 verts
  Tree_2             7764 verts
  Tree_3             8748 verts
  Tree_4             10383 verts
  Tree_5             7341 verts
  Tree_6             7341 verts
  Tree_7             7341 verts
  Tree_8             7341 verts
  Tree_9             3690 verts
  Tree_10            8748 verts
  Tree_11            10383 verts
  Tree_12            8748 verts
  Tree_13            7341 verts
  Tree_14            8748 verts
  Tree_15            7341 verts
  Tree_16            8748 verts
  Tree_17            3690 verts
  Tree_18            8748 verts
  Tree_19            8748 verts
  Tree_20            10383 verts
  Tree_21            10383 verts
  Tree_22            8748 verts
  Tree_23            7341 verts
  Tree_24            7341 verts
  Tree_25            3690 verts
  Tree_26            7341 verts
  Tree_27            7764 verts
  Tree_28            7341 verts
  Tree_29            7341 verts
  Tree_30            8748 verts
  Tree_31            10383 verts
  Tree_32            10383 verts
  Tree_33            3690 verts
  Tree_34            7341 verts
  Tree_35            7764 verts
  Tree_36            10383 verts
  Tree_37            7341 verts
  Tree_38            8748 verts
  Tree_39            7341 verts
  Tree_40            7341 verts
  Tree_41            3690 verts
  Tree_42            7764 verts
  Tree_43            10383 verts
  Tree_44            7341 verts
  Tree_45            8748 verts
  Tree_46            8748 verts
  Tree_47            8748 verts
  Tree_48            10383 verts
  Tree_49            3690 verts
  Tree_50            8748 verts
  Tree_51            8748 verts
  Tree_52            10383 verts
  Tree_53            7764 verts
  Tree_54            7341 verts
  Tree_55            10383 verts
  Tree_56            7341 verts
  Tree_57            3690 verts
  Tree_58            7764 verts
  Tree_59            10383 verts
  Tree_60            7341 verts
  Tree_61            7341 verts
  Tree_62            8748 verts
  Tree_63            8748 verts
  Tree_64            10383 verts
  Tree_65            3690 verts
  Tree_66            7341 verts
  Tree_67            7341 verts
  Tree_68            7764 verts
  Tree_69            7341 verts
  Tree_70            7341 verts
  Tree_71            10383 verts
  Tree_72            7341 verts
  Tree_73            3690 verts
  Tree_74            8748 verts
  Tree_75            10383 verts
  Tree_76            7341 verts
  Tree_77            7341 verts
  Tree_78            8748 verts
  Tree_79            8748 verts
  Tree_80            10383 verts
  Tree_81            3690 verts
  Tree_82            7341 verts
  Tree_83            10383 verts
  Tree_84            8748 verts
  Tree_85            10383 verts
  Tree_86            7341 verts
  Tree_87            10383 verts
  Tree_88            7341 verts
  Tree_89            8748 verts
  Tree_90            7764 verts
  Tree_91            10383 verts
  Tree_92            7764 verts
  Tree_93            7341 verts
  Tree_94            8748 verts
  Tree_95            10383 verts
  Tree_96            10383 verts
  Tree_97            10383 verts
  Tree_98            7764 verts
  Tree_99            8748 verts
  Tree_100           8748 verts
  Tree_101           10383 verts
  Tree_102           3690 verts
  Tree_103           10383 verts
  Tree_104           7341 verts
  Tree_105           7341 verts
  Tree_106           8748 verts
  Tree_107           10383 verts
  Tree_108           10383 verts
  Tree_109           7341 verts
  Tree_110           3690 verts
  Tree_111           8748 verts
  Tree_112           7341 verts
  Tree_113           10383 verts
  Tree_114           8748 verts
  Tree_115           8748 verts
  Tree_116           8748 verts
  Tree_117           10383 verts
  Tree_118           3690 verts
  Tree_119           10383 verts
  Tree_120           7341 verts
  Tree_121           7341 verts
  Tree_122           10383 verts
  Tree_123           8748 verts
  Tree_124           8748 verts
  Tree_125           7341 verts
  Tree_126           3690 verts
  Tree_127           7341 verts
  Tree_128           10383 verts
  Tree_129           10383 verts
  Tree_130           7341 verts
  Tree_131           7341 verts
  Tree_132           8748 verts
  Tree_133           10383 verts
  Tree_134           3690 verts
  Tree_135           10383 verts
  Tree_136           10383 verts
  Tree_137           7341 verts
  Tree_138           8748 verts
  Tree_139           8748 verts
  Tree_140           10383 verts
  Tree_141           7341 verts
  Tree_142           3690 verts
  Tree_143           10383 verts
  Tree_144           8748 verts
  Tree_145           10383 verts
  Tree_146           7341 verts
  Tree_147           7341 verts
  Tree_148           8748 verts
  Tree_149           10383 verts
  Tree_150           3690 verts
  Tree_151           10383 verts
  Tree_152           10383 verts
  Tree_153           7341 verts
  Tree_154           8748 verts
  Tree_155           10383 verts
  Tree_156           7341 verts
  Tree_157           8748 verts
  Tree_158           3690 verts
  Tree_159           8748 verts
  Tree_160           10383 verts
  Tree_161           8748 verts
  Tree_162           7341 verts
  Tree_163           7341 verts
  Tree_164           8748 verts
  Tree_165           8748 verts
  Tree_166           3690 verts
  Tree_167           10383 verts
  Tree_168           7764 verts
  Tree_169           7341 verts
  Tree_170           8748 verts
  Tree_171           8748 verts
  Tree_172           7341 verts
  Tree_173           10383 verts
  Tree_174           3690 verts
  Tree_175           8748 verts
  Tree_176           7341 verts
  Tree_177           10383 verts
  Tree_178           8748 verts
  Tree_179           7341 verts
  Tree_180           8748 verts
  Tree_181           8748 verts
  Tree_182           3690 verts
  Tree_183           10383 verts
  Tree_184           10383 verts
  Tree_185           7341 verts
  Tree_186           7341 verts
  Tree_187           8748 verts
  Tree_188           10383 verts
  Tree_189           10383 verts
  Tree_190           3690 verts
  Tree_191           7341 verts
  Tree_192           8748 verts
  Tree_193           10383 verts
  Tree_194           10383 verts
  Tree_195           8748 verts
  Tree_196           8748 verts
  Tree_197           8748 verts
  Tree_198           3690 verts
  Tree_199           8748 verts
  Tree_200           10383 verts
  Tree_201           7341 verts
  Tree_202           7341 verts
  Tree_203           8748 verts
  Tree_204           10383 verts
  Tree_205           10383 verts
  Tree_206           3690 verts
  Tree_207           7341 verts
  Tree_208           7341 verts
  Tree_209           10383 verts
  Tree_210           10383 verts
  Tree_211           7341 verts
  Tree_212           7341 verts
  Tree_213           8748 verts
  Tree_214           3690 verts
  Tree_215           8748 verts
  Tree_216           7764 verts
  Tree_217           7341 verts
  Tree_218           7341 verts
  Tree_219           7341 verts
  Tree_220           8748 verts
  Tree_221           10383 verts
  Tree_222           3690 verts
  Tree_223           7341 verts
  Tree_224           7764 verts
  Tree_225           10383 verts
  Tree_226           7341 verts
  Tree_227           7341 verts
  Tree_228           7341 verts
  Tree_229           7764 verts
  Tree_230           3690 verts
  Tree_231           8748 verts
  Tree_232           10383 verts
  Tree_233           10383 verts
  Tree_234           7341 verts
  Tree_235           7764 verts
  Tree_236           8748 verts
  Tree_237           10383 verts
  Tree_238           3690 verts
  Tree_239           8748 verts
  Tree_240           8748 verts
  Collision_Trees    1928 verts
  YourLots           1326 verts
  GrassClump_0000    30 verts
  GrassClump_0001    30 verts
  GrassClump_0002    30 verts
  GrassClump_0003    30 verts
  GrassClump_0004    30 verts
  GrassClump_0005    30 verts
  GrassClump_0006    30 verts
  GrassClump_0007    30 verts
  GrassClump_0008    30 verts
  GrassClump_0009    30 verts
  GrassClump_0010    30 verts
  GrassClump_0011    30 verts
  GrassClump_0012    30 verts
  GrassClump_0013    30 verts
  GrassClump_0014    30 verts
  GrassClump_0015    30 verts
  GrassClump_0016    30 verts
  GrassClump_0017    30 verts
  GrassClump_0018    30 verts
  GrassClump_0019    30 verts
  GrassClump_0020    30 verts
  GrassClump_0021    30 verts
  GrassClump_0022    30 verts
  GrassClump_0023    30 verts
  GrassClump_0024    30 verts
  GrassClump_0025    30 verts
  GrassClump_0026    30 verts
  GrassClump_0027    30 verts
  GrassClump_0028    30 verts
  GrassClump_0029    30 verts
  GrassClump_0030    30 verts
  GrassClump_0031    30 verts
  GrassClump_0032    30 verts
  GrassClump_0033    30 verts
  GrassClump_0034    30 verts
  GrassClump_0035    30 verts
  GrassClump_0036    30 verts
  GrassClump_0037    30 verts
  GrassClump_0038    30 verts
  GrassClump_0039    30 verts
  GrassClump_0040    30 verts
  GrassClump_0041    30 verts
  GrassClump_0042    30 verts
  GrassClump_0043    30 verts
  GrassClump_0044    30 verts
  GrassClump_0045    30 verts
  GrassClump_0046    30 verts
  GrassClump_0047    30 verts
  GrassClump_0048    30 verts
  GrassClump_0049    30 verts
  GrassClump_0050    30 verts
  GrassClump_0051    30 verts
  GrassClump_0052    30 verts
  GrassClump_0053    30 verts
  GrassClump_0054    30 verts
  GrassClump_0055    30 verts
  GrassClump_0056    30 verts
  GrassClump_0057    30 verts
  GrassClump_0058    30 verts
  GrassClump_0059    30 verts
  GrassClump_0060    30 verts
  GrassClump_0061    30 verts
  GrassClump_0062    30 verts
  GrassClump_0063    30 verts
  GrassClump_0064    30 verts
  GrassClump_0065    30 verts
  GrassClump_0066    30 verts
  GrassClump_0067    30 verts
  GrassClump_0068    30 verts
  GrassClump_0069    30 verts
  GrassClump_0070    30 verts
  GrassClump_0071    30 verts
  GrassClump_0072    30 verts
  GrassClump_0073    30 verts
  GrassClump_0074    30 verts
  GrassClump_0075    30 verts
  GrassClump_0076    30 verts
  GrassClump_0077    30 verts
  GrassClump_0078    30 verts
  GrassClump_0079    30 verts
  GrassClump_0080    30 verts
  GrassClump_0081    30 verts
  GrassClump_0082    30 verts
  GrassClump_0083    30 verts
  GrassClump_0084    30 verts
  GrassClump_0085    30 verts
  GrassClump_0086    30 verts
  GrassClump_0087    30 verts
  GrassClump_0088    30 verts
  GrassClump_0089    30 verts
  GrassClump_0090    30 verts
  GrassClump_0091    30 verts
  GrassClump_0092    30 verts
  GrassClump_0093    30 verts
  GrassClump_0094    30 verts
  GrassClump_0095    30 verts
  GrassClump_0096    30 verts
  GrassClump_0097    30 verts
  GrassClump_0098    30 verts
  GrassClump_0099    30 verts
  GrassClump_0100    30 verts
  GrassClump_0101    30 verts
  GrassClump_0102    30 verts
  GrassClump_0103    30 verts
  GrassClump_0104    30 verts
  GrassClump_0105    30 verts
  GrassClump_0106    30 verts
  GrassClump_0107    30 verts
  GrassClump_0108    30 verts
  GrassClump_0109    30 verts
  GrassClump_0110    30 verts
  GrassClump_0111    30 verts
  GrassClump_0112    30 verts
  GrassClump_0113    30 verts
  GrassClump_0114    30 verts
  GrassClump_0115    30 verts
  GrassClump_0116    30 verts
  GrassClump_0117    30 verts
  GrassClump_0118    30 verts
  GrassClump_0119    30 verts
  GrassClump_0120    30 verts
  GrassClump_0121    30 verts
  GrassClump_0122    30 verts
  GrassClump_0123    30 verts
  GrassClump_0124    30 verts
  GrassClump_0125    30 verts
  GrassClump_0126    30 verts
  GrassClump_0127    30 verts
  GrassClump_0128    30 verts
  GrassClump_0129    30 verts
  GrassClump_0130    30 verts
  GrassClump_0131    30 verts
  GrassClump_0132    30 verts
  GrassClump_0133    30 verts
  GrassClump_0134    30 verts
  GrassClump_0135    30 verts
  GrassClump_0136    30 verts
  GrassClump_0137    30 verts
  GrassClump_0138    30 verts
  GrassClump_0139    30 verts
  GrassClump_0140    30 verts
  GrassClump_0141    30 verts
  GrassClump_0142    30 verts
  GrassClump_0143    30 verts
  GrassClump_0144    30 verts
  GrassClump_0145    30 verts
  GrassClump_0146    30 verts
  GrassClump_0147    30 verts
  GrassClump_0148    30 verts
  GrassClump_0149    30 verts
  GrassClump_0150    30 verts
  GrassClump_0151    30 verts
  GrassClump_0152    30 verts
  GrassClump_0153    30 verts
  GrassClump_0154    30 verts
  GrassClump_0155    30 verts
  GrassClump_0156    30 verts
  GrassClump_0157    30 verts
  GrassClump_0158    30 verts
  GrassClump_0159    30 verts
  GrassClump_0160    30 verts
  GrassClump_0161    30 verts
  GrassClump_0162    30 verts
  GrassClump_0163    30 verts
  GrassClump_0164    30 verts
  GrassClump_0165    30 verts
  GrassClump_0166    30 verts
  GrassClump_0167    30 verts
  GrassClump_0168    30 verts
  GrassClump_0169    30 verts
  GrassClump_0170    30 verts
  GrassClump_0171    30 verts
  GrassClump_0172    30 verts
  GrassClump_0173    30 verts
  GrassClump_0174    30 verts
  GrassClump_0175    30 verts
  GrassClump_0176    30 verts
  GrassClump_0177    30 verts
  GrassClump_0178    30 verts
  GrassClump_0179    30 verts
  GrassClump_0180    30 verts
  GrassClump_0181    30 verts
  GrassClump_0182    30 verts
  GrassClump_0183    30 verts
  GrassClump_0184    30 verts
  GrassClump_0185    30 verts
  GrassClump_0186    30 verts
  GrassClump_0187    30 verts
  GrassClump_0188    30 verts
  GrassClump_0189    30 verts
  GrassClump_0190    30 verts
  GrassClump_0191    30 verts
  GrassClump_0192    30 verts
  GrassClump_0193    30 verts
  GrassClump_0194    30 verts
  GrassClump_0195    30 verts
  GrassClump_0196    30 verts
  GrassClump_0197    30 verts
  GrassClump_0198    30 verts
  GrassClump_0199    30 verts
  GrassClump_0200    30 verts
  GrassClump_0201    30 verts
  GrassClump_0202    30 verts
  GrassClump_0203    30 verts
  GrassClump_0204    30 verts
  GrassClump_0205    30 verts
  GrassClump_0206    30 verts
  GrassClump_0207    30 verts
  GrassClump_0208    30 verts
  GrassClump_0209    30 verts
  GrassClump_0210    30 verts
  GrassClump_0211    30 verts
  GrassClump_0212    30 verts
  GrassClump_0213    30 verts
  GrassClump_0214    30 verts
  GrassClump_0215    30 verts
  GrassClump_0216    30 verts
  GrassClump_0217    30 verts
  GrassClump_0218    30 verts
  GrassClump_0219    30 verts
  GrassClump_0220    30 verts
  GrassClump_0221    30 verts
  GrassClump_0222    30 verts
  GrassClump_0223    30 verts
  GrassClump_0224    30 verts
  GrassClump_0225    30 verts
  GrassClump_0226    30 verts
  GrassClump_0227    30 verts
  GrassClump_0228    30 verts
  GrassClump_0229    30 verts
  GrassClump_0230    30 verts
  GrassClump_0231    30 verts
  GrassClump_0232    30 verts
  GrassClump_0233    30 verts
  GrassClump_0234    30 verts
  GrassClump_0235    30 verts
  GrassClump_0236    30 verts
  GrassClump_0237    30 verts
  GrassClump_0238    30 verts
  GrassClump_0239    30 verts
  GrassClump_0240    30 verts
  GrassClump_0241    30 verts
  GrassClump_0242    30 verts
  GrassClump_0243    30 verts
  GrassClump_0244    30 verts
  GrassClump_0245    30 verts
  GrassClump_0246    30 verts
  GrassClump_0247    30 verts
  GrassClump_0248    30 verts
  GrassClump_0249    30 verts
  GrassClump_0250    30 verts
  GrassClump_0251    30 verts
  GrassClump_0252    30 verts
  GrassClump_0253    30 verts
  GrassClump_0254    30 verts
  GrassClump_0255    30 verts
  GrassClump_0256    30 verts
  GrassClump_0257    30 verts
  GrassClump_0258    30 verts
  GrassClump_0259    30 verts
  GrassClump_0260    30 verts
  GrassClump_0261    30 verts
  GrassClump_0262    30 verts
  GrassClump_0263    30 verts
  GrassClump_0264    30 verts
  GrassClump_0265    30 verts
  GrassClump_0266    30 verts
  GrassClump_0267    30 verts
  GrassClump_0268    30 verts
  GrassClump_0269    30 verts
  GrassClump_0270    30 verts
  GrassClump_0271    30 verts
  GrassClump_0272    30 verts
  GrassClump_0273    30 verts
  GrassClump_0274    30 verts
  GrassClump_0275    30 verts
  GrassClump_0276    30 verts
  GrassClump_0277    30 verts
  GrassClump_0278    30 verts
  GrassClump_0279    30 verts
  GrassClump_0280    30 verts
  GrassClump_0281    30 verts
  GrassClump_0282    30 verts
  GrassClump_0283    30 verts
  GrassClump_0284    30 verts
  GrassClump_0285    30 verts
  GrassClump_0286    30 verts
  GrassClump_0287    30 verts
  GrassClump_0288    30 verts
  GrassClump_0289    30 verts
  GrassClump_0290    30 verts
  GrassClump_0291    30 verts
  GrassClump_0292    30 verts
  GrassClump_0293    30 verts
  GrassClump_0294    30 verts
  GrassClump_0295    30 verts
  GrassClump_0296    30 verts
  GrassClump_0297    30 verts
  GrassClump_0298    30 verts
  GrassClump_0299    30 verts
  GrassClump_0300    30 verts
  GrassClump_0301    30 verts
  GrassClump_0302    30 verts
  GrassClump_0303    30 verts
  GrassClump_0304    30 verts
  GrassClump_0305    30 verts
  GrassClump_0306    30 verts
  GrassClump_0307    30 verts
  GrassClump_0308    30 verts
  GrassClump_0309    30 verts
  GrassClump_0310    30 verts
  GrassClump_0311    30 verts
  GrassClump_0312    30 verts
  GrassClump_0313    30 verts
  GrassClump_0314    30 verts
  GrassClump_0315    30 verts
  GrassClump_0316    30 verts
  GrassClump_0317    30 verts
  GrassClump_0318    30 verts
  GrassClump_0319    30 verts
  GrassClump_0320    30 verts
  GrassClump_0321    30 verts
  GrassClump_0322    30 verts
  GrassClump_0323    30 verts
  GrassClump_0324    30 verts
  GrassClump_0325    30 verts
  GrassClump_0326    30 verts
  GrassClump_0327    30 verts
  GrassClump_0328    30 verts
  GrassClump_0329    30 verts
  GrassClump_0330    30 verts
  GrassClump_0331    30 verts
  GrassClump_0332    30 verts
  GrassClump_0333    30 verts
  GrassClump_0334    30 verts
  GrassClump_0335    30 verts
  GrassClump_0336    30 verts
  GrassClump_0337    30 verts
  GrassClump_0338    30 verts
  GrassClump_0339    30 verts
  GrassClump_0340    30 verts
  GrassClump_0341    30 verts
  GrassClump_0342    30 verts
  GrassClump_0343    30 verts
  GrassClump_0344    30 verts
  GrassClump_0345    30 verts
  GrassClump_0346    30 verts
  GrassClump_0347    30 verts
  GrassClump_0348    30 verts
  GrassClump_0349    30 verts
  GrassClump_0350    30 verts
  GrassClump_0351    30 verts
  GrassClump_0352    30 verts
  GrassClump_0353    30 verts
  GrassClump_0354    30 verts
  GrassClump_0355    30 verts
  GrassClump_0356    30 verts
  GrassClump_0357    30 verts
  GrassClump_0358    30 verts
  GrassClump_0359    30 verts
  GrassClump_0360    30 verts
  GrassClump_0361    30 verts
  GrassClump_0362    30 verts
  GrassClump_0363    30 verts
  GrassClump_0364    30 verts
  GrassClump_0365    30 verts
  GrassClump_0366    30 verts
  GrassClump_0367    30 verts
  GrassClump_0368    30 verts
  GrassClump_0369    30 verts
  GrassClump_0370    30 verts
  GrassClump_0371    30 verts
  GrassClump_0372    30 verts
  GrassClump_0373    30 verts
  GrassClump_0374    30 verts
  GrassClump_0375    30 verts
  GrassClump_0376    30 verts
  GrassClump_0377    30 verts
  GrassClump_0378    30 verts
  GrassClump_0379    30 verts
  GrassClump_0380    30 verts
  GrassClump_0381    30 verts
  GrassClump_0382    30 verts
  GrassClump_0383    30 verts
  GrassClump_0384    30 verts
  GrassClump_0385    30 verts
  GrassClump_0386    30 verts
  GrassClump_0387    30 verts
  GrassClump_0388    30 verts
  GrassClump_0389    30 verts
  GrassClump_0390    30 verts
  GrassClump_0391    30 verts
  GrassClump_0392    30 verts
  GrassClump_0393    30 verts
  GrassClump_0394    30 verts
  GrassClump_0395    30 verts
  GrassClump_0396    30 verts
  GrassClump_0397    30 verts
  GrassClump_0398    30 verts
  GrassClump_0399    30 verts
  GrassClump_0400    30 verts
  GrassClump_0401    30 verts
  GrassClump_0402    30 verts
  GrassClump_0403    30 verts
  GrassClump_0404    30 verts
  GrassClump_0405    30 verts
  GrassClump_0406    30 verts
  GrassClump_0407    30 verts
  GrassClump_0408    30 verts
  GrassClump_0409    30 verts
  GrassClump_0410    30 verts
  GrassClump_0411    30 verts
  GrassClump_0412    30 verts
  GrassClump_0413    30 verts
  GrassClump_0414    30 verts
  GrassClump_0415    30 verts
  GrassClump_0416    30 verts
  GrassClump_0417    30 verts
  GrassClump_0418    30 verts
  GrassClump_0419    30 verts
  GrassClump_0420    30 verts
  GrassClump_0421    30 verts
  GrassClump_0422    30 verts
  GrassClump_0423    30 verts
  GrassClump_0424    30 verts
  GrassClump_0425    30 verts
  GrassClump_0426    30 verts
  GrassClump_0427    30 verts
  GrassClump_0428    30 verts
  GrassClump_0429    30 verts
  GrassClump_0430    30 verts
  GrassClump_0431    30 verts
  GrassClump_0432    30 verts
  GrassClump_0433    30 verts
  GrassClump_0434    30 verts
  GrassClump_0435    30 verts
  GrassClump_0436    30 verts
  GrassClump_0437    30 verts
  GrassClump_0438    30 verts
  GrassClump_0439    30 verts
  GrassClump_0440    30 verts
  GrassClump_0441    30 verts
  GrassClump_0442    30 verts
  GrassClump_0443    30 verts
  GrassClump_0444    30 verts
  GrassClump_0445    30 verts
  GrassClump_0446    30 verts
  GrassClump_0447    30 verts
  GrassClump_0448    30 verts
  GrassClump_0449    30 verts
  GrassClump_0450    30 verts
  GrassClump_0451    30 verts
  GrassClump_0452    30 verts
  GrassClump_0453    30 verts
  GrassClump_0454    30 verts
  GrassClump_0455    30 verts
  GrassClump_0456    30 verts
  GrassClump_0457    30 verts
  GrassClump_0458    30 verts
  GrassClump_0459    30 verts
  GrassClump_0460    30 verts
  GrassClump_0461    30 verts
  GrassClump_0462    30 verts
  GrassClump_0463    30 verts
  GrassClump_0464    30 verts
  GrassClump_0465    30 verts
  GrassClump_0466    30 verts
  GrassClump_0467    30 verts
  GrassClump_0468    30 verts
  GrassClump_0469    30 verts
  GrassClump_0470    30 verts
  GrassClump_0471    30 verts
  GrassClump_0472    30 verts
  GrassClump_0473    30 verts
  GrassClump_0474    30 verts
  GrassClump_0475    30 verts
  GrassClump_0476    30 verts
  GrassClump_0477    30 verts
  GrassClump_0478    30 verts
  GrassClump_0479    30 verts
  GrassClump_0480    30 verts
  GrassClump_0481    30 verts
  GrassClump_0482    30 verts
  GrassClump_0483    30 verts
  GrassClump_0484    30 verts
  GrassClump_0485    30 verts
  GrassClump_0486    30 verts
  GrassClump_0487    30 verts
  GrassClump_0488    30 verts
  GrassClump_0489    30 verts
  GrassClump_0490    30 verts
  GrassClump_0491    30 verts
  GrassClump_0492    30 verts
  GrassClump_0493    30 verts
  GrassClump_0494    30 verts
  GrassClump_0495    30 verts
  GrassClump_0496    30 verts
  GrassClump_0497    30 verts
  GrassClump_0498    30 verts
  GrassClump_0499    30 verts
  GrassClump_0500    30 verts
  GrassClump_0501    30 verts
  GrassClump_0502    30 verts
  GrassClump_0503    30 verts
  GrassClump_0504    30 verts
  GrassClump_0505    30 verts
  GrassClump_0506    30 verts
  GrassClump_0507    30 verts
  GrassClump_0508    30 verts
  GrassClump_0509    30 verts
  GrassClump_0510    30 verts
  GrassClump_0511    30 verts
  GrassClump_0512    30 verts
  GrassClump_0513    30 verts
  GrassClump_0514    30 verts
  GrassClump_0515    30 verts
  GrassClump_0516    30 verts
  GrassClump_0517    30 verts
  GrassClump_0518    30 verts
  GrassClump_0519    30 verts
street-view facade overlays: 0
textured materials: 515 (aerial->terrain/roofs_photo, facade->walls, asphalt->roads/driveways/parking/crosswalks, concrete->sidewalks/curbs, shingle->solid roofs)
wrote /Users/mcohen/dev/home/exports/1840-dahill-property.glb (43598 KB)
  wrote exports/stanton-elementary-property.glb (44.6 MB)

== restoring Dahill working files ==
done.

=== STEP 2: build public/da-hilg assets (all outdoor levels incl meemaw) ===

> dahill-3d@0.1.0 build:dahilg-assets
> node scripts/build_dahilg_assets.mjs

objc[67135]: Class GNotificationCenterDelegate is implemented in both /Users/mcohen/dev/home/node_modules/ndarray-pixels/node_modules/@img/sharp-libvips-darwin-arm64/lib/libvips-cpp.8.17.3.dylib (0x11ddf5978) and /Users/mcohen/dev/home/node_modules/@img/sharp-libvips-darwin-arm64/lib/libvips-cpp.42.dylib (0x11fb71a28). This may cause spurious casting failures and mysterious crashes. One of the duplicates must be removed or renamed.

=== Da Hilg asset build ===

[1/4] level.glb  <- exports/1840-dahill-property.glb
  dropped node LOD_Buildings_Low
  preserved collision nodes: Collision_Terrain, Collision_Roads, Collision_Buildings, Collision_Trees
  stripped material from 4 collision primitive(s)
  GPU-instanced 844 static nodes -> 63 EXT_mesh_gpu_instancing node(s) (844 instances; 520 animated nodes left alone)
    textures: KTX2/basisu x196 @cap 1024
  wrote public/da-hilg/level.glb  16.88 MB  [meshopt=yes, ext=EXT_mesh_gpu_instancing,EXT_meshopt_compression,KHR_mesh_quantization,KHR_texture_basisu]
  round-trip OK: 819 meshes, bounds min=[-232.1,-1.0,-214.6] max=[212.3,61.1,226.2]

[1/4] canyon.glb  <- exports/canyon-middle-school-property.glb
  dropped node LOD_Buildings_Low
  preserved collision nodes: Collision_Terrain, Collision_Roads, Collision_Buildings, Collision_Trees
  stripped material from 4 collision primitive(s)
  GPU-instanced 214 static nodes -> 37 EXT_mesh_gpu_instancing node(s) (214 instances; 520 animated nodes left alone)
    textures: KTX2/basisu x5 @cap 1024
  wrote public/da-hilg/canyon.glb  7.79 MB  [meshopt=yes, ext=EXT_mesh_gpu_instancing,EXT_meshopt_compression,KHR_mesh_quantization,KHR_texture_basisu]
  round-trip OK: 602 meshes, bounds min=[-360.0,-1.0,-365.6] max=[367.4,179.6,367.6]

[1/4] stanton.glb  <- exports/stanton-elementary-property.glb
  dropped node LOD_Buildings_Low
  preserved collision nodes: Collision_Terrain, Collision_Roads, Collision_Buildings, Collision_Trees
  stripped material from 4 collision primitive(s)
  GPU-instanced 197 static nodes -> 33 EXT_mesh_gpu_instancing node(s) (197 instances; 520 animated nodes left alone)
    textures: KTX2/basisu x5 @cap 1024
  wrote public/da-hilg/stanton.glb  7.23 MB  [meshopt=yes, ext=EXT_mesh_gpu_instancing,EXT_meshopt_compression,KHR_mesh_quantization,KHR_texture_basisu]
  round-trip OK: 604 meshes, bounds min=[-239.5,-1.0,-242.8] max=[241.3,117.9,239.8]

[1/4] meemaw.glb  <- exports/meemaw-property.glb
  dropped node LOD_Buildings_Low
  preserved collision nodes: Collision_Terrain, Collision_Roads, Collision_Buildings, Collision_Trees
  stripped material from 4 collision primitive(s)
  GPU-instanced 213 static nodes -> 38 EXT_mesh_gpu_instancing node(s) (213 instances; 520 animated nodes left alone)
    textures: KTX2/basisu x5 @cap 1024
  wrote public/da-hilg/meemaw.glb  6.15 MB  [meshopt=yes, ext=EXT_mesh_gpu_instancing,EXT_meshopt_compression,KHR_mesh_quantization,KHR_texture_basisu]
  round-trip OK: 606 meshes, bounds min=[-255.7,-1.0,-235.9] max=[239.4,89.2,240.2]

[2/4] anims (clip-only GLBs)
  dad rig: 24 bones
    idle: dropped 23 non-Hips translation + 24 scale channel(s) (skin-safe retarget)
    idle: 25 channels, 0 unmatched, only Hips translates, no scale (skin-safe)
  wrote public/da-hilg/anims/idle.glb  0.04 MB  [meshopt=yes, ext=EXT_meshopt_compression]
    walk: dropped 23 non-Hips translation + 24 scale channel(s) (skin-safe retarget)
    walk: stripRootXZ zeroed Hips X/Z on 1 track(s)
    walk: 25 channels, 0 unmatched, only Hips translates, no scale (skin-safe)
  wrote public/da-hilg/anims/walk.glb  0.33 MB  [meshopt=yes, ext=EXT_meshopt_compression,KHR_materials_specular]
    run: dropped 23 non-Hips translation + 24 scale channel(s) (skin-safe retarget)
    run: stripRootXZ zeroed Hips X/Z on 1 track(s)
    run: 25 channels, 0 unmatched, only Hips translates, no scale (skin-safe)
  wrote public/da-hilg/anims/run.glb  0.33 MB  [meshopt=yes, ext=EXT_meshopt_compression,KHR_materials_specular]
    jump: dropped 23 non-Hips translation + 24 scale channel(s) (skin-safe retarget)
    jump: 25 channels, 0 unmatched, only Hips translates, no scale (skin-safe)
  wrote public/da-hilg/anims/jump.glb  0.30 MB  [meshopt=yes, ext=EXT_meshopt_compression,KHR_materials_specular]
    dance: dropped 23 non-Hips translation + 24 scale channel(s) (skin-safe retarget)
    dance: 25 channels, 0 unmatched, only Hips translates, no scale (skin-safe)
  wrote public/da-hilg/anims/dance.glb  0.43 MB  [meshopt=yes, ext=EXT_meshopt_compression,KHR_materials_specular]
    wave: dropped 23 non-Hips translation + 24 scale channel(s) (skin-safe retarget)
    wave: 25 channels, 0 unmatched, only Hips translates, no scale (skin-safe)
  wrote public/da-hilg/anims/wave.glb  0.44 MB  [meshopt=yes, ext=EXT_meshopt_compression,KHR_materials_specular]
    cheer: dropped 23 non-Hips translation + 24 scale channel(s) (skin-safe retarget)
    cheer: 25 channels, 0 unmatched, only Hips translates, no scale (skin-safe)
  wrote public/da-hilg/anims/cheer.glb  0.43 MB  [meshopt=yes, ext=EXT_meshopt_compression,KHR_materials_specular]
    attack: dropped 23 non-Hips translation + 24 scale channel(s) (skin-safe retarget)
    attack: 25 channels, 0 unmatched, only Hips translates, no scale (skin-safe)
  wrote public/da-hilg/anims/attack.glb  0.43 MB  [meshopt=yes, ext=EXT_meshopt_compression,KHR_materials_specular]
    climb: dropped 23 non-Hips translation + 24 scale channel(s) (skin-safe retarget)
    climb: 25 channels, 0 unmatched, only Hips translates, no scale (skin-safe)
  wrote public/da-hilg/anims/climb.glb  0.33 MB  [meshopt=yes, ext=EXT_meshopt_compression,KHR_materials_specular]
    crawl: dropped 23 non-Hips translation + 24 scale channel(s) (skin-safe retarget)
    crawl: stripRootXZ zeroed Hips X/Z on 1 track(s)
    crawl: 25 channels, 0 unmatched, only Hips translates, no scale (skin-safe)
  wrote public/da-hilg/anims/crawl.glb  0.33 MB  [meshopt=yes, ext=EXT_meshopt_compression,KHR_materials_specular]
    stumble: dropped 23 non-Hips translation + 24 scale channel(s) (skin-safe retarget)
    stumble: stripRootXZ zeroed Hips X/Z on 1 track(s)
    stumble: 25 channels, 0 unmatched, only Hips translates, no scale (skin-safe)
  wrote public/da-hilg/anims/stumble.glb  0.33 MB  [meshopt=yes, ext=EXT_meshopt_compression,KHR_materials_specular]
    hit: dropped 23 non-Hips translation + 24 scale channel(s) (skin-safe retarget)
    hit: 25 channels, 0 unmatched, only Hips translates, no scale (skin-safe)
  wrote public/da-hilg/anims/hit.glb  0.33 MB  [meshopt=yes, ext=EXT_meshopt_compression,KHR_materials_specular]
    knockdown: dropped 23 non-Hips translation + 24 scale channel(s) (skin-safe retarget)
    knockdown: 25 channels, 0 unmatched, only Hips translates, no scale (skin-safe)
  wrote public/da-hilg/anims/knockdown.glb  0.33 MB  [meshopt=yes, ext=EXT_meshopt_compression,KHR_materials_specular]

[3/4] characters (mike, kelli, cece, drew)
  mike.glb <- src/assets/jack-hartmann.glb
    simplify: mike.glb 11602 verts <= 40000 threshold — left untouched
    textures: KTX2/basisu x1 @cap 512
  wrote public/da-hilg/mike.glb  0.57 MB  [meshopt=yes, ext=EXT_meshopt_compression,KHR_materials_specular,KHR_mesh_quantization,KHR_texture_basisu]
  kelli.glb <- src/assets/mom.glb
    simplify: kelli.glb ratio=0.105 error<=0.02 -> 165784/284654 verts/tris -> 26193/29999 (89.5% fewer tris)
    textures: KTX2/basisu x1 @cap 512
  wrote public/da-hilg/kelli.glb  0.89 MB  [meshopt=yes, ext=EXT_meshopt_compression,KHR_materials_specular,KHR_mesh_quantization,KHR_texture_basisu]
  cece.glb <- src/assets/cece-meshy.glb
    simplify: cece.glb 5563 verts <= 40000 threshold — left untouched
    textures: KTX2/basisu x1 @cap 512
  wrote public/da-hilg/cece.glb  0.20 MB  [meshopt=yes, ext=EXT_meshopt_compression,KHR_materials_ior,KHR_materials_specular,KHR_mesh_quantization,KHR_texture_basisu]
  drew.glb <- src/assets/drew-meshy.glb
    simplify: drew.glb 13087 verts <= 40000 threshold — left untouched
    textures: KTX2/basisu x1 @cap 512
  wrote public/da-hilg/drew.glb  0.26 MB  [meshopt=yes, ext=EXT_meshopt_compression,KHR_materials_ior,KHR_materials_specular,KHR_mesh_quantization,KHR_texture_basisu]

[4/4] level.meta.json  <- exports/1840-dahill-property.glb
  computed meta:
    offset      = [-0.095, 37.545, -0.695]   (subtract from level world coords)
    groundY     = 37.545   (Collision_Terrain min Y, original coords)
    houseCenter = [-0.095, 49.31, -0.695]   (House_walls center, original coords)
    houseBox    = min[-12.155, 9.005, -9.315] max[12.155, 14.525, 9.315]   (recentered)
    spawns      = 3 pts, e.g. [0, 0.05, 12.315]   (recentered)
    npcSpawns   = 6 pts within ~25 m of origin (recentered)

[4/4] canyon.meta.json  <- exports/canyon-middle-school-property.glb
  computed meta:
    offset      = [-72.31, 61.615, -1.945]   (subtract from level world coords)
    groundY     = 61.615   (Collision_Terrain min Y, original coords)
    houseCenter = [-72.31, 120.004, -1.945]   (House_walls center, original coords)
    houseBox    = min[-40.64, 55.047, -23.235] max[40.64, 61.731, 23.235]   (recentered)
    spawns      = 3 pts, e.g. [0, 0.05, 26.235]   (recentered)
    npcSpawns   = 6 pts within ~25 m of origin (recentered)

[4/4] stanton.meta.json  <- exports/stanton-elementary-property.glb
  computed meta:
    offset      = [-26.245, 58.545, 50.17]   (subtract from level world coords)
    groundY     = 58.545   (Collision_Terrain min Y, original coords)
    houseCenter = [-26.245, 75.602, 50.17]   (House_walls center, original coords)
    houseBox    = min[-27.585, 14.141, -21.17] max[27.585, 19.973, 21.17]   (recentered)
    spawns      = 3 pts, e.g. [0, 0.05, 24.17]   (recentered)
    npcSpawns   = 6 pts within ~25 m of origin (recentered)

[4/4] meemaw.meta.json  <- exports/meemaw-property.glb
  computed meta:
    offset      = [35.35, 59.243, 6.125]   (subtract from level world coords)
    groundY     = 59.243   (Collision_Terrain min Y, original coords)
    houseCenter = [35.35, 69.447, 6.125]   (House_walls center, original coords)
    houseBox    = min[-8.46, 7.163, -9.645] max[8.46, 13.246, 9.645]   (recentered)
    spawns      = 3 pts, e.g. [0, 0.05, 12.645]   (recentered)
    npcSpawns   = 6 pts within ~25 m of origin (recentered)

=== SUMMARY ===
  public/da-hilg/level.glb             16.88 MB
  public/da-hilg/canyon.glb             7.79 MB
  public/da-hilg/stanton.glb            7.23 MB
  public/da-hilg/meemaw.glb             6.15 MB
  public/da-hilg/anims/idle.glb         0.04 MB
  public/da-hilg/anims/walk.glb         0.33 MB
  public/da-hilg/anims/run.glb          0.33 MB
  public/da-hilg/anims/jump.glb         0.30 MB
  public/da-hilg/anims/dance.glb        0.43 MB
  public/da-hilg/anims/wave.glb         0.44 MB
  public/da-hilg/anims/cheer.glb        0.43 MB
  public/da-hilg/anims/attack.glb       0.43 MB
  public/da-hilg/anims/climb.glb        0.33 MB
  public/da-hilg/anims/crawl.glb        0.33 MB
  public/da-hilg/anims/stumble.glb      0.33 MB
  public/da-hilg/anims/hit.glb          0.33 MB
  public/da-hilg/anims/knockdown.glb    0.33 MB
  public/da-hilg/mike.glb               0.57 MB
  public/da-hilg/kelli.glb              0.89 MB
  public/da-hilg/cece.glb               0.20 MB
  public/da-hilg/drew.glb               0.26 MB
  public/da-hilg/level.meta.json        0.00 MB
  public/da-hilg/canyon.meta.json       0.00 MB
  public/da-hilg/stanton.meta.json      0.00 MB
  public/da-hilg/meemaw.meta.json       0.00 MB

  total output (incl. anims + meta): 44.36 MB
  level + 4 chars:  sources 64.66 MB -> outputs 18.80 MB  (70.9% smaller)

  meta: offset=[-0.095, 37.545, -0.695] groundY=37.545 houseCenter=[-0.095, 49.31, -0.695]

ALL ASSERTIONS PASSED

=== STEP 3: minimaps ===

=== Da Hilg minimap build (dahill) ===
  offset = [-0.095, 37.545, -0.695]  (subtract from world coords)
  Roads              -> road    22532 tris -> 2356 boundary -> 2354 segs
  Driveways          -> drive   72 tris -> 72 boundary -> 72 segs
  Driveways_Mapped   -> drive   9238 tris -> 1784 boundary -> 1780 segs
  Sidewalks          -> walk    25124 tris -> 512 boundary -> 457 segs
  RoadCurbs          -> curb    14392 tris -> 248 boundary -> 182 segs
  RoadLines          -> line    454 tris -> 859 boundary -> 675 segs

=== ASSERTIONS ===
  [pass] 5520 total segments across layers
  [pass] all 6 named road meshes found
  [pass] bounds contain all segment endpoints
  [pass] worldHalfExtent = 206 (plausible)

=== SUMMARY ===
  layer road    2354 segments
  layer drive   1852 segments
  layer walk     457 segments
  layer curb     182 segments
  layer line     675 segments
  bounds  minX=-197.5 minZ=-201 maxX=204.5 maxZ=206
  worldHalfExtent=206  offset=[-0.09, 37.54, -0.7]
  wrote public/da-hilg/minimap.json  117.5 KB

ALL ASSERTIONS PASSED

=== Da Hilg minimap build (canyon) ===
  offset = [-72.310, 61.615, -1.945]  (subtract from world coords)
  Roads              -> road    65472 tris -> 6058 boundary -> 5974 segs
  Driveways          -> drive   60 tris -> 60 boundary -> 60 segs
  Driveways_Mapped   -> drive   13668 tris -> 2620 boundary -> 2619 segs
  Sidewalks          -> walk    56480 tris -> 1056 boundary -> 912 segs
  RoadCurbs          -> curb    35760 tris -> 416 boundary -> 283 segs
  RoadLines          -> line    1146 tris -> 2194 boundary -> 1603 segs

=== ASSERTIONS ===
  [pass] 11451 total segments across layers
  [pass] all 6 named road meshes found
  [pass] bounds contain all segment endpoints
  [pass] worldHalfExtent = 437 (plausible)

=== SUMMARY ===
  layer road    5974 segments
  layer drive   2679 segments
  layer walk     912 segments
  layer curb     283 segments
  layer line    1603 segments
  bounds  minX=-285.5 minZ=-363.5 maxX=437 maxZ=369.5
  worldHalfExtent=437  offset=[-72.31, 61.61, -1.94]
  wrote public/da-hilg/canyon.minimap.json  253.3 KB

ALL ASSERTIONS PASSED

=== Da Hilg minimap build (stanton) ===
  offset = [-26.245, 58.545, 50.170]  (subtract from world coords)
  Roads              -> road    53604 tris -> 5108 boundary -> 5022 segs
  Driveways          -> drive   84 tris -> 84 boundary -> 84 segs
  Driveways_Mapped   -> drive   1256 tris -> 268 boundary -> 268 segs
  Sidewalks          -> walk    57292 tris -> 1360 boundary -> 1181 segs
  RoadCurbs          -> curb    29808 tris -> 556 boundary -> 389 segs
  RoadLines          -> line    910 tris -> 1758 boundary -> 1328 segs

=== ASSERTIONS ===
  [pass] 8272 total segments across layers
  [pass] all 6 named road meshes found
  [pass] bounds contain all segment endpoints
  [pass] worldHalfExtent = 284 (plausible)

=== SUMMARY ===
  layer road    5022 segments
  layer drive    352 segments
  layer walk    1181 segments
  layer curb     389 segments
  layer line    1328 segments
  bounds  minX=-207.5 minZ=-284 maxX=262.5 maxZ=184
  worldHalfExtent=284  offset=[-26.25, 58.54, 50.17]
  wrote public/da-hilg/stanton.minimap.json  181.2 KB

ALL ASSERTIONS PASSED

=== Da Hilg minimap build (meemaw) ===
  offset = [35.350, 59.243, 6.125]  (subtract from world coords)
  Roads              -> road    50868 tris -> 5126 boundary -> 5079 segs
  Driveways          -> drive   24 tris -> 24 boundary -> 24 segs
  Driveways_Mapped   -> drive   1908 tris -> 414 boundary -> 412 segs
  Sidewalks          -> walk    55964 tris -> 1168 boundary -> 1030 segs
  RoadCurbs          -> curb    32248 tris -> 536 boundary -> 397 segs
  RoadLines          -> line    926 tris -> 1794 boundary -> 1286 segs

=== ASSERTIONS ===
  [pass] 8228 total segments across layers
  [pass] all 6 named road meshes found
  [pass] bounds contain all segment endpoints
  [pass] worldHalfExtent = 263 (plausible)

=== SUMMARY ===
  layer road    5079 segments
  layer drive    436 segments
  layer walk    1030 segments
  layer curb     397 segments
  layer line    1286 segments
  bounds  minX=-263 minZ=-242 maxX=202 maxZ=221.5
  worldHalfExtent=263  offset=[35.35, 59.24, 6.13]
  wrote public/da-hilg/meemaw.minimap.json  179.9 KB

ALL ASSERTIONS PASSED

=== STEP 4: unity source assets (per-instance tree trim, meemaw) ===

> dahill-3d@0.1.0 build:dahilg-unity-assets
> node scripts/build_dahilg_unity_assets.mjs

unity vegetation level.glb: kept 445/844 tree instances
unity glb level.glb 24.41 MB <- public/da-hilg/level.glb
unity vegetation canyon.glb: kept 105/214 tree instances
unity glb canyon.glb 29.96 MB <- public/da-hilg/canyon.glb
unity vegetation stanton.glb: kept 92/197 tree instances
unity glb stanton.glb 19.41 MB <- public/da-hilg/stanton.glb
unity glb cece.glb 0.29 MB <- public/da-hilg/cece.glb
unity glb drew.glb 0.50 MB <- public/da-hilg/drew.glb
unity glb kelli.glb 1.69 MB <- public/da-hilg/kelli.glb
unity glb mike.glb 0.94 MB <- public/da-hilg/mike.glb
unity glb meemaw.glb 17.67 MB <- public/da-hilg/meemaw.glb
unity glb anims/attack.glb 0.75 MB <- public/da-hilg/anims/attack.glb
unity glb anims/cheer.glb 0.75 MB <- public/da-hilg/anims/cheer.glb
unity glb anims/climb.glb 0.50 MB <- public/da-hilg/anims/climb.glb
unity glb anims/crawl.glb 0.50 MB <- public/da-hilg/anims/crawl.glb
unity glb anims/dance.glb 0.75 MB <- public/da-hilg/anims/dance.glb
unity glb anims/hit.glb 0.50 MB <- public/da-hilg/anims/hit.glb
unity glb anims/idle.glb 0.06 MB <- public/da-hilg/anims/idle.glb
unity glb anims/jump.glb 0.43 MB <- public/da-hilg/anims/jump.glb
unity glb anims/knockdown.glb 0.50 MB <- public/da-hilg/anims/knockdown.glb
unity glb anims/run.glb 0.50 MB <- public/da-hilg/anims/run.glb
unity glb anims/stumble.glb 0.50 MB <- public/da-hilg/anims/stumble.glb
unity glb anims/walk.glb 0.50 MB <- public/da-hilg/anims/walk.glb
unity glb anims/wave.glb 0.75 MB <- public/da-hilg/anims/wave.glb
Unity Da Hilg assets written to unity/DaHilgUnity/Library/DaHilgUnitySource

=== ASSET PIPELINE DONE ===
