Unity Editor version:    6000.5.0f1 (88b47c5e7076)
Branch:                  6000.5/staging
Build type:              Release
Batch mode:              YES
macOS version:           Version 26.5.1 (Build 25F80)
Darwin version:          25.5.0
Architecture:            arm64
Running under Rosetta:   NO
Available memory:        36864 MB
Date:                    2026-06-22T11:52:09Z
[Licensing::Module] Trying to connect to existing licensing client channel...
[Licensing::IpcConnector] Successfully connected to: "LicenseClient-mcohen" at "2026-06-22T11:52:09.908229Z"
Launching external process: /Applications/Unity/Hub/Editor/6000.5.0f1/Unity.app/Contents/Helpers/PackageManager/Server/UnityPackageManager

COMMAND LINE ARGUMENTS:
/Applications/Unity/Hub/Editor/6000.5.0f1/Unity.app/Contents/MacOS/Unity
-batchmode
-quit
-projectPath
unity/DaHilgUnity
-executeMethod
DaHilg.Editor.DaHilgProjectBuilder.ValidateSpawnGrounding
-logFile
unity-compile.log
Successfully changed project path to: /Users/mcohen/dev/home/unity/DaHilgUnity
/Users/mcohen/dev/home/unity/DaHilgUnity
[UnityMemory] Configuration Parameters - Can be set up in boot.config
    "memorysetup-temp-allocator-size-gi-baking-worker=262144"
    "memorysetup-temp-allocator-size-gi-baking-worker=262144"
    "memorysetup-temp-allocator-size-gi-baking-worker=262144"
    "memorysetup-temp-allocator-size-gi-baking-worker=262144"
    "memorysetup-temp-allocator-size-gi-baking-worker=262144"
    "memorysetup-temp-allocator-size-nav-mesh-worker=65536"
    "memorysetup-temp-allocator-size-audio-worker=65536"
    "memorysetup-temp-allocator-size-cloud-worker=32768"
    "memorysetup-allocator-temp-initial-block-size-main=262144"
    "memorysetup-allocator-temp-initial-block-size-worker=262144"
    "memorysetup-temp-allocator-size-preload-manager=33554432"
    "memorysetup-temp-allocator-size-gfx=262144"
    "memorysetup-temp-allocator-size-background-worker=32768"
    "memorysetup-temp-allocator-size-job-worker=262144"
    "memorysetup-bucket-allocator-granularity=16"
    "memorysetup-bucket-allocator-bucket-count=8"
    "memorysetup-bucket-allocator-block-size=33554432"
    "memorysetup-bucket-allocator-block-count=8"
    "memorysetup-main-allocator-block-size=16777216"
    "memorysetup-thread-allocator-block-size=16777216"
    "memorysetup-main-allocator-mimalloc-enabled=0"
    "memorysetup-gfx-main-allocator-block-size=16777216"
    "memorysetup-gfx-thread-allocator-block-size=16777216"
    "memorysetup-cache-allocator-block-size=4194304"
    "memorysetup-typetree-allocator-block-size=2097152"
    "memorysetup-profiler-bucket-allocator-granularity=16"
    "memorysetup-profiler-bucket-allocator-bucket-count=8"
    "memorysetup-profiler-bucket-allocator-block-size=33554432"
    "memorysetup-profiler-bucket-allocator-block-count=8"
    "memorysetup-profiler-allocator-block-size=16777216"
    "memorysetup-profiler-editor-allocator-block-size=1048576"
    "memorysetup-temp-allocator-size-main=16777216"
    "memorysetup-job-temp-allocator-block-size=2097152"
    "memorysetup-job-temp-allocator-block-size-background=1048576"
    "memorysetup-job-temp-allocator-reduction-small-platforms=262144"
Logging is directed to a specific file, skipping project log.Player connection [8463392384]  Target information:

Player connection [8463392384]  * "[IP] 10.0.0.147 [Port] 55504 [Flags] 2 [Guid] 4159198933 [EditorId] 4159198933 [Version] 1048832 [Id] OSXEditor(0,Mike-FTPYKK2G00) [Debug] 1 [PackageName] OSXEditor [ProjectName] Editor" 

Player connection [8463392384] Host joined multi-casting on [225.0.0.222:54997]...
Player connection [8463392384] Host joined alternative multi-casting on [225.0.0.222:34997]...
Input System module state changed to: Initialized.
[Physics::Module] Initialized fallback backend.
[Physics::Module] Id: 0xdecafbad
[Package Manager] Connected to IPC stream "Upm-49415" after 0.2 seconds.
[Licensing::Module] Licensing is not yet initialized.
[Licensing::Client] Error: HandshakeResponse reported an error:
	ResponseCode: 505
	ResponseStatus: Unsupported protocol version '1.18.1'.
[Licensing::Module] Error: Failed to handshake to channel: "LicenseClient-mcohen"
[Licensing::IpcConnector] LicenseClient-mcohen channel disconnected successfully.
[Licensing::IpcConnector] Channel LicenseClient-mcohen-6000.5.0 doesn't exist
Launching external process: /Applications/Unity/Hub/Editor/6000.5.0f1/Unity.app/Contents/Helpers/UnityLicensingClient.app/Contents/MacOS/Unity.Licensing.Client
[Licensing::Module] Successfully launched the LicensingClient (PId: 49441)
[Licensing::IpcConnector] Successfully connected to: "LicenseClient-mcohen-6000.5.0" at "2026-06-22T11:52:10.375756Z"
[Licensing::Client] Handshaking with LicensingClient:
  Version:                 1.18.1+9fbee8e
  Session Id:              c80fbdfdda934e03846a1af07ee2dea2
  Correlation Id:          663e2861f7282ca958b5684e923cdd6d
  External correlation Id: 2976675371372152566
  Machine Id:              fCBTSC8OEa/mE5E1Z2ZclXMu6yE=
[Licensing::Module] Successfully connected to LicensingClient on channel: "LicenseClient-mcohen-6000.5.0" (connect: 0.17s, validation: 0.05s, handshake: 0.56s)
[Licensing::IpcConnector] Successfully connected to: "LicenseClient-mcohen-6000.5.0-notifications" at "2026-06-22T11:52:10.986836Z"
[Licensing::Module] Connected to LicensingClient (PId: 49441, launch time: 0.00, total connection time: 0.78s)
[Licensing::Module] Error: Access token is unavailable; failed to update
[Licensing::Client] Successfully resolved entitlement details
[Licensing::Module] License group:
  Id: 1375954001832-UnityPersXXXX
  Product: Unity Personal
  Type: Assigned
  Expiration: Unlimited
[Licensing::Client] Successfully updated license, isAsync: True, time: 0.07
[Licensing::Client] Successfully resolved entitlement details
[Licensing::Module] Licensing Background thread has ended after 1.21s
[Licensing::Module] Licensing is initialized (took 0.93s).
[Licensing::Client] Successfully resolved entitlement details
Library Redirect Path: Library/
Unable to parse file ProjectSettings/TagManager.asset: [Parser Failure at line 41: Expect ':' between key and value within mapping]
[Physics::Module] Selected backend.
[Physics::Module] Name: PhysX
[Physics::Module] Id: 0xf2b8ea05
[Physics::Module] SDK Version: 4.1.2
[Physics::Module] Integration Version: 1.0.0
[Physics::Module] Threading Mode: Multi-Threaded
Artifact Garbage Collection - Removed 1 unused hashed content files
Initialize engine version: 6000.5.0f1 (88b47c5e7076)
[Subsystems] Discovering subsystems at path /Applications/Unity/Hub/Editor/6000.5.0f1/Unity.app/Contents/Resources/UnitySubsystems
[Subsystems] Discovering subsystems at path /Users/mcohen/dev/home/unity/DaHilgUnity/Assets
GfxDevice: creating device client; kGfxThreadingModeNonThreaded
 preferred device: Apple M3 Pro (high power)
Metal devices available: 1
0: Apple M3 Pro (high power)
Using device Apple M3 Pro (high power)
Initializing Metal device caps: Apple M3 Pro
Mac GPU Family: 2
Apple GPU Family: 9
MSL Version: 3.0
Has Float MSAA: 1
Has Float Filtering: 1
ReadWrite Texture Tier: 2
Initialize mono
Mono path[0] = '/Applications/Unity/Hub/Editor/6000.5.0f1/Unity.app/Contents/Resources/Scripting/Managed'
Mono path[1] = '/Applications/Unity/Hub/Editor/6000.5.0f1/Unity.app/Contents/Resources/Scripting/BCLExtensions/runtime/netstandard2.1'
Mono path[2] = '/Applications/Unity/Hub/Editor/6000.5.0f1/Unity.app/Contents/Resources/Scripting/MonoBleedingEdge/lib/mono/unityjit-macos'
Mono config path = '/Applications/Unity/Hub/Editor/6000.5.0f1/Unity.app/Contents/Resources/Scripting/MonoBleedingEdge/etc'
Using monoOptions --debugger-agent=transport=dt_socket,embedding=1,server=y,suspend=n,address=127.0.0.1:56415
CodeReloadManager initialized
ImportWorker Server TCP listen port: 0
AcceleratorClientConnectionCallback - disconnected - :0
Begin MonoManager ReloadAssembly
Registering precompiled unity dll's ...
Register platform support module: /Applications/Unity/Hub/Editor/6000.5.0f1/PlaybackEngines/WebGLSupport/UnityEditor.WebGL.Extensions.dll
Register platform support module: /Applications/Unity/Hub/Editor/6000.5.0f1/PlaybackEngines/MacStandaloneSupport/UnityEditor.OSXStandalone.Extensions.dll
Registered in 0.001595 seconds.
Native extension for OSXStandalone target not found
Native extension for WebGL target not found
Package Manager log level set to [2]
ScheduleIndexationOnStartup MainProcess:False IndexOnStartup:True
Mono: successfully reloaded assembly
- Finished resetting the current domain, in  0.298 seconds
Domain Reload Profiling: 677ms
	BeginReloadAssembly (82ms)
	RebuildCommonClasses (6ms)
	RebuildNativeTypeToScriptingClass (13ms)
	initialDomainReloadingComplete (50ms)
	LoadAllAssembliesAndSetupDomain (227ms)
		LoadAssemblies (82ms)
		AnalyzeDomain (178ms)
			TypeCache.Refresh (177ms)
				TypeCache.ScanAssembly (165ms)
	FinalizeReload (299ms)
		SetupLoadedEditorAssemblies (0ms)
			InitializePlatformSupportModulesInManaged (7ms)
			BeforeProcessingInitializeOnLoad (58ms)
			ProcessInitializeOnLoadAttributes (72ms)
			ProcessInitializeOnLoadMethodAttributes (103ms)
[Licensing::Client] Successfully resolved entitlement details
Application.AssetDatabase Initial Refresh Start
[Package Manager] Restoring resolved packages state from cache
[Licensing::Client] Successfully resolved entitlement details
[Package Manager] Registered 59 packages:
  Packages from [https://packages.unity.com]:
    com.unity.ai.navigation@2.0.12 (location: /Users/mcohen/dev/home/unity/DaHilgUnity/Library/PackageCache/com.unity.ai.navigation@734c2c4c5591)
    com.unity.cinemachine@3.1.6 (location: /Users/mcohen/dev/home/unity/DaHilgUnity/Library/PackageCache/com.unity.cinemachine@285f38545487)
    com.unity.cloud.draco@5.4.3 (location: /Users/mcohen/dev/home/unity/DaHilgUnity/Library/PackageCache/com.unity.cloud.draco@2ad9855b1dfa)
    com.unity.cloud.gltfast@6.14.1 (location: /Users/mcohen/dev/home/unity/DaHilgUnity/Library/PackageCache/com.unity.cloud.gltfast@0847aee0f6da)
    com.unity.cloud.ktx@3.6.3 (location: /Users/mcohen/dev/home/unity/DaHilgUnity/Library/PackageCache/com.unity.cloud.ktx@7a35f681840e)
    com.unity.meshopt.decompress@0.2.0-exp.1 (location: /Users/mcohen/dev/home/unity/DaHilgUnity/Library/PackageCache/com.unity.meshopt.decompress@dc9fa7d730c6)
    com.unity.inputsystem@1.19.0 (location: /Users/mcohen/dev/home/unity/DaHilgUnity/Library/PackageCache/com.unity.inputsystem@21a28c3a6c83)
    com.unity.burst@1.8.29 (location: /Users/mcohen/dev/home/unity/DaHilgUnity/Library/PackageCache/com.unity.burst@6bb9aca3ef38)
    com.unity.splines@2.8.4 (location: /Users/mcohen/dev/home/unity/DaHilgUnity/Library/PackageCache/com.unity.splines@9b00833aca09)
    com.unity.searcher@4.9.4 (location: /Users/mcohen/dev/home/unity/DaHilgUnity/Library/PackageCache/com.unity.searcher@d45a78918735)
    com.unity.nuget.mono-cecil@1.11.6 (location: /Users/mcohen/dev/home/unity/DaHilgUnity/Library/PackageCache/com.unity.nuget.mono-cecil@ecb9724e46ff)
    com.unity.test-framework.performance@3.5.0 (location: /Users/mcohen/dev/home/unity/DaHilgUnity/Library/PackageCache/com.unity.test-framework.performance@8b56083ec0f0)
    com.unity.settings-manager@2.1.1 (location: /Users/mcohen/dev/home/unity/DaHilgUnity/Library/PackageCache/com.unity.settings-manager@0b8638c5ce86)
  Built-in packages:
    com.unity.multiplayer.center@1.0.1 (location: /Users/mcohen/dev/home/unity/DaHilgUnity/Library/PackageCache/com.unity.multiplayer.center@b860850997d0)
    com.unity.render-pipelines.universal@17.5.0 (location: /Users/mcohen/dev/home/unity/DaHilgUnity/Library/PackageCache/com.unity.render-pipelines.universal@0c18adc4ff89)
    com.unity.ugui@2.5.0 (location: /Users/mcohen/dev/home/unity/DaHilgUnity/Library/PackageCache/com.unity.ugui@4f9b15fd1386)
    com.unity.modules.accessibility@1.0.0 (location: /Users/mcohen/dev/home/unity/DaHilgUnity/Library/PackageCache/com.unity.modules.accessibility)
    com.unity.modules.adaptiveperformance@1.0.0 (location: /Users/mcohen/dev/home/unity/DaHilgUnity/Library/PackageCache/com.unity.modules.adaptiveperformance)
    com.unity.modules.ai@1.0.0 (location: /Users/mcohen/dev/home/unity/DaHilgUnity/Library/PackageCache/com.unity.modules.ai)
    com.unity.modules.androidjni@1.0.0 (location: /Users/mcohen/dev/home/unity/DaHilgUnity/Library/PackageCache/com.unity.modules.androidjni)
    com.unity.modules.animation@1.0.0 (location: /Users/mcohen/dev/home/unity/DaHilgUnity/Library/PackageCache/com.unity.modules.animation)
    com.unity.modules.assetbundle@1.0.0 (location: /Users/mcohen/dev/home/unity/DaHilgUnity/Library/PackageCache/com.unity.modules.assetbundle)
    com.unity.modules.audio@1.0.0 (location: /Users/mcohen/dev/home/unity/DaHilgUnity/Library/PackageCache/com.unity.modules.audio)
    com.unity.modules.cloth@1.0.0 (location: /Users/mcohen/dev/home/unity/DaHilgUnity/Library/PackageCache/com.unity.modules.cloth)
    com.unity.modules.director@1.0.0 (location: /Users/mcohen/dev/home/unity/DaHilgUnity/Library/PackageCache/com.unity.modules.director)
    com.unity.modules.imageconversion@1.0.0 (location: /Users/mcohen/dev/home/unity/DaHilgUnity/Library/PackageCache/com.unity.modules.imageconversion)
    com.unity.modules.imgui@1.0.0 (location: /Users/mcohen/dev/home/unity/DaHilgUnity/Library/PackageCache/com.unity.modules.imgui)
    com.unity.modules.jsonserialize@1.0.0 (location: /Users/mcohen/dev/home/unity/DaHilgUnity/Library/PackageCache/com.unity.modules.jsonserialize)
    com.unity.modules.particlesystem@1.0.0 (location: /Users/mcohen/dev/home/unity/DaHilgUnity/Library/PackageCache/com.unity.modules.particlesystem)
    com.unity.modules.physics@1.0.0 (location: /Users/mcohen/dev/home/unity/DaHilgUnity/Library/PackageCache/com.unity.modules.physics)
    com.unity.modules.physics2d@1.0.0 (location: /Users/mcohen/dev/home/unity/DaHilgUnity/Library/PackageCache/com.unity.modules.physics2d)
    com.unity.modules.physicscore2d@1.0.0 (location: /Users/mcohen/dev/home/unity/DaHilgUnity/Library/PackageCache/com.unity.modules.physicscore2d)
    com.unity.modules.screencapture@1.0.0 (location: /Users/mcohen/dev/home/unity/DaHilgUnity/Library/PackageCache/com.unity.modules.screencapture)
    com.unity.modules.terrain@1.0.0 (location: /Users/mcohen/dev/home/unity/DaHilgUnity/Library/PackageCache/com.unity.modules.terrain)
    com.unity.modules.terrainphysics@1.0.0 (location: /Users/mcohen/dev/home/unity/DaHilgUnity/Library/PackageCache/com.unity.modules.terrainphysics)
    com.unity.modules.tilemap@1.0.0 (location: /Users/mcohen/dev/home/unity/DaHilgUnity/Library/PackageCache/com.unity.modules.tilemap)
    com.unity.modules.ui@1.0.0 (location: /Users/mcohen/dev/home/unity/DaHilgUnity/Library/PackageCache/com.unity.modules.ui)
    com.unity.modules.uielements@1.0.0 (location: /Users/mcohen/dev/home/unity/DaHilgUnity/Library/PackageCache/com.unity.modules.uielements)
    com.unity.modules.umbra@1.0.0 (location: /Users/mcohen/dev/home/unity/DaHilgUnity/Library/PackageCache/com.unity.modules.umbra)
    com.unity.modules.unityanalytics@1.0.0 (location: /Users/mcohen/dev/home/unity/DaHilgUnity/Library/PackageCache/com.unity.modules.unityanalytics)
    com.unity.modules.unitywebrequest@1.0.0 (location: /Users/mcohen/dev/home/unity/DaHilgUnity/Library/PackageCache/com.unity.modules.unitywebrequest)
    com.unity.modules.unitywebrequestassetbundle@1.0.0 (location: /Users/mcohen/dev/home/unity/DaHilgUnity/Library/PackageCache/com.unity.modules.unitywebrequestassetbundle)
    com.unity.modules.unitywebrequestaudio@1.0.0 (location: /Users/mcohen/dev/home/unity/DaHilgUnity/Library/PackageCache/com.unity.modules.unitywebrequestaudio)
    com.unity.modules.unitywebrequesttexture@1.0.0 (location: /Users/mcohen/dev/home/unity/DaHilgUnity/Library/PackageCache/com.unity.modules.unitywebrequesttexture)
    com.unity.modules.unitywebrequestwww@1.0.0 (location: /Users/mcohen/dev/home/unity/DaHilgUnity/Library/PackageCache/com.unity.modules.unitywebrequestwww)
    com.unity.modules.vectorgraphics@1.0.0 (location: /Users/mcohen/dev/home/unity/DaHilgUnity/Library/PackageCache/com.unity.modules.vectorgraphics)
    com.unity.modules.vehicles@1.0.0 (location: /Users/mcohen/dev/home/unity/DaHilgUnity/Library/PackageCache/com.unity.modules.vehicles)
    com.unity.modules.video@1.0.0 (location: /Users/mcohen/dev/home/unity/DaHilgUnity/Library/PackageCache/com.unity.modules.video)
    com.unity.modules.wind@1.0.0 (location: /Users/mcohen/dev/home/unity/DaHilgUnity/Library/PackageCache/com.unity.modules.wind)
    com.unity.modules.xr@1.0.0 (location: /Users/mcohen/dev/home/unity/DaHilgUnity/Library/PackageCache/com.unity.modules.xr)
    com.unity.modules.subsystems@1.0.0 (location: /Users/mcohen/dev/home/unity/DaHilgUnity/Library/PackageCache/com.unity.modules.subsystems)
    com.unity.modules.hierarchycore@1.0.0 (location: /Users/mcohen/dev/home/unity/DaHilgUnity/Library/PackageCache/com.unity.modules.hierarchycore)
    com.unity.render-pipelines.core@17.5.0 (location: /Users/mcohen/dev/home/unity/DaHilgUnity/Library/PackageCache/com.unity.render-pipelines.core@f43b729f1f6e)
    com.unity.shadergraph@17.5.0 (location: /Users/mcohen/dev/home/unity/DaHilgUnity/Library/PackageCache/com.unity.shadergraph@3fa956880a81)
    com.unity.render-pipelines.universal-config@17.5.0 (location: /Users/mcohen/dev/home/unity/DaHilgUnity/Library/PackageCache/com.unity.render-pipelines.universal-config@fdda01c80fe3)
    com.unity.mathematics@1.4.0 (location: /Users/mcohen/dev/home/unity/DaHilgUnity/Library/PackageCache/com.unity.mathematics@981956d94fb6)
    com.unity.collections@6.5.0 (location: /Users/mcohen/dev/home/unity/DaHilgUnity/Library/PackageCache/com.unity.collections@a43cabe808ca)
    com.unity.test-framework@1.7.0 (location: /Users/mcohen/dev/home/unity/DaHilgUnity/Library/PackageCache/com.unity.test-framework@f3e6c9a02477)
    com.unity.ext.nunit@2.1.0 (location: /Users/mcohen/dev/home/unity/DaHilgUnity/Library/PackageCache/com.unity.ext.nunit@44f7d31723bd)
[Subsystems] No new subsystems found in resolved package list.
[Package Manager] Done registering packages in 0.02 seconds
Assembly reference Packages/com.unity.cinemachine/Editor/Samples/ExposeHDRPInternals/HDRP-Editor-ref.asmref has no target assembly definition
Assembly reference Packages/com.unity.cinemachine/Editor/Samples/ExposeHDRPInternals/HDRP-Editor-ref.asmref has no target assembly definition
[ScriptCompilation] Requested script compilation because: AssetDatabase observed changes in script compilation related files
info: Microsoft.Hosting.Lifetime[14]
      Now listening on: http://unix:/tmp/ilpp.sock-81a2f68ef674593e7832aa011ff99f29
info: Microsoft.Hosting.Lifetime[0]
      Application started. Press Ctrl+C to shut down.
info: Microsoft.Hosting.Lifetime[0]
      Hosting environment: Production
info: Microsoft.Hosting.Lifetime[0]
      Content root path: /Users/mcohen/dev/home/unity/DaHilgUnity
info: Microsoft.AspNetCore.Hosting.Diagnostics[1]
      Request starting HTTP/2 POST http://ilpp/UnityILPP.PostProcessing/Ping - application/grpc -
info: Microsoft.AspNetCore.Routing.EndpointMiddleware[0]
      Executing endpoint 'gRPC - /UnityILPP.PostProcessing/Ping'
info: Microsoft.AspNetCore.Routing.EndpointMiddleware[1]
      Executed endpoint 'gRPC - /UnityILPP.PostProcessing/Ping'
info: Microsoft.AspNetCore.Hosting.Diagnostics[2]
      Request finished HTTP/2 POST http://ilpp/UnityILPP.PostProcessing/Ping - 200 - application/grpc 26.4738ms
Starting: /Applications/Unity/Hub/Editor/6000.5.0f1/Unity.app/Contents/Resources/BuildPipeline/bee_backend --ipc --defer-dag-verification --dagfile="Library/Bee/2000b0aE.dag" --continue-on-failure --profile="Library/Bee/backend1.traceevents" ScriptAssemblies
WorkingDir: /Users/mcohen/dev/home/unity/DaHilgUnity
DisplayProgressbar: Compiling Scripts
info: Microsoft.AspNetCore.Hosting.Diagnostics[1]
      Request starting HTTP/2 POST http://ilpp/UnityILPP.PostProcessing/ConfigurePostProcessors - application/grpc -
info: Microsoft.AspNetCore.Routing.EndpointMiddleware[0]
      Executing endpoint 'gRPC - /UnityILPP.PostProcessing/ConfigurePostProcessors'
warn: Unity.ILPP.Runner.PostProcessingAssemblyLoadContext[0]
      Assembly system.runtime.interopservices.windowsruntime has duplicate hint path. Ignoring "/Applications/Unity/Hub/Editor/6000.5.0f1/Unity.app/Contents/Resources/Scripting/UnityReferenceAssemblies/unity-4.8-api/Facades/System.Runtime.InteropServices.WindowsRuntime.dll" in favor of "/Applications/Unity/Hub/Editor/6000.5.0f1/Unity.app/Contents/Resources/Scripting/NetStandard/Extensions/2.0.0/System.Runtime.InteropServices.WindowsRuntime.dll"
warn: Unity.ILPP.Runner.PostProcessingAssemblyLoadContext[0]
      Assembly system.componentmodel.composition has duplicate hint path. Ignoring "/Applications/Unity/Hub/Editor/6000.5.0f1/Unity.app/Contents/Resources/Scripting/UnityReferenceAssemblies/unity-4.8-api/System.ComponentModel.Composition.dll" in favor of "/Applications/Unity/Hub/Editor/6000.5.0f1/Unity.app/Contents/Resources/Scripting/NetStandard/compat/2.1.0/shims/netfx/System.ComponentModel.Composition.dll"
info: Unity.ILPP.Runner.PostProcessingAssemblyLoadContext[0]
      Resolved Unity.Burst.Cecil, Version=0.11.6.0, Culture=neutral, PublicKeyToken=50cebf1cceb9d05e with Library/PackageCache/com.unity.burst@6bb9aca3ef38/Unity.Burst.CodeGen/Unity.Burst.Cecil.dll
info: Unity.ILPP.Runner.PostProcessingAssemblyLoadContext[0]
      Resolved Mono.Cecil, Version=0.11.5.0, Culture=neutral, PublicKeyToken=50cebf1cceb9d05e with Library/PackageCache/com.unity.nuget.mono-cecil@ecb9724e46ff/Mono.Cecil.dll
info: Microsoft.AspNetCore.Routing.EndpointMiddleware[1]
      Executed endpoint 'gRPC - /UnityILPP.PostProcessing/ConfigurePostProcessors'
info: Microsoft.AspNetCore.Hosting.Diagnostics[2]
      Request finished HTTP/2 POST http://ilpp/UnityILPP.PostProcessing/ConfigurePostProcessors - 200 - application/grpc 16.6840ms
info: Microsoft.AspNetCore.Hosting.Diagnostics[1]
      Request starting HTTP/2 POST http://ilpp/UnityILPP.PostProcessing/PostProcessAssembly - application/grpc -
info: Microsoft.AspNetCore.Routing.EndpointMiddleware[0]
      Executing endpoint 'gRPC - /UnityILPP.PostProcessing/PostProcessAssembly'
info: Unity.ILPP.Runner.PostProcessingPipeline[0]
      Processing assembly Library/Bee/artifacts/2000b0aE.dag/Assembly-CSharp-Editor.dll, with 117 defines and 349 references
info: Unity.ILPP.Runner.PostProcessingPipeline[0]
      processors: Unity.Jobs.CodeGen.JobsILPostProcessor, zzzUnity.Burst.CodeGen.BurstILPostProcessor
info: Unity.ILPP.Runner.PostProcessingPipeline[0]
      running Unity.Jobs.CodeGen.JobsILPostProcessor
info: Unity.ILPP.Runner.PostProcessingAssemblyLoadContext[0]
      Resolved Unity.Collections, Version=0.0.0.0, Culture=neutral, PublicKeyToken=null with Library/Bee/artifacts/2000b0aE.dag/Unity.Collections.dll
info: Microsoft.AspNetCore.Hosting.Diagnostics[1]
      Request starting HTTP/2 POST http://ilpp/UnityILPP.PostProcessing/PostProcessAssembly - application/grpc -
info: Microsoft.AspNetCore.Routing.EndpointMiddleware[0]
      Executing endpoint 'gRPC - /UnityILPP.PostProcessing/PostProcessAssembly'
info: Unity.ILPP.Runner.PostProcessingPipeline[0]
      Processing assembly Library/Bee/artifacts/2000b0aE.dag/Assembly-CSharp.dll, with 119 defines and 331 references
info: Unity.ILPP.Runner.PostProcessingPipeline[0]
      processors: Unity.Jobs.CodeGen.JobsILPostProcessor, zzzUnity.Burst.CodeGen.BurstILPostProcessor
info: Unity.ILPP.Runner.PostProcessingPipeline[0]
      running Unity.Jobs.CodeGen.JobsILPostProcessor
info: Unity.ILPP.Runner.PostProcessingAssemblyLoadContext[0]
      Resolved UnityEditor.CoreModule, Version=0.0.0.0, Culture=neutral, PublicKeyToken=null with /Applications/Unity/Hub/Editor/6000.5.0f1/Unity.app/Contents/Resources/Scripting/Managed/UnityEngine/UnityEditor.CoreModule.dll
info: Unity.ILPP.Runner.PostProcessingAssemblyLoadContext[0]
      Resolved UnityEngine.CoreModule, Version=0.0.0.0, Culture=neutral, PublicKeyToken=null with /Applications/Unity/Hub/Editor/6000.5.0f1/Unity.app/Contents/Resources/Scripting/Managed/UnityEngine/UnityEngine.CoreModule.dll
info: Unity.ILPP.Runner.PostProcessingAssemblyLoadContext[0]
      Resolved Unity.Scripting, Version=0.0.0.0, Culture=neutral, PublicKeyToken=null with /Applications/Unity/Hub/Editor/6000.5.0f1/Unity.app/Contents/Resources/Scripting/Managed/UnityEngine/Unity.Scripting.dll
info: Unity.ILPP.Runner.PostProcessingPipeline[0]
      running zzzUnity.Burst.CodeGen.BurstILPostProcessor
info: Unity.ILPP.Runner.PostProcessingPipeline[0]
      running zzzUnity.Burst.CodeGen.BurstILPostProcessor
info: Unity.ILPP.Runner.PostProcessingAssemblyLoadContext[0]
      Resolved Unity.Burst.Cecil.Rocks, Version=0.11.6.0, Culture=neutral, PublicKeyToken=50cebf1cceb9d05e with Library/PackageCache/com.unity.burst@6bb9aca3ef38/Unity.Burst.CodeGen/Unity.Burst.Cecil.Rocks.dll
info: Microsoft.AspNetCore.Routing.EndpointMiddleware[1]
      Executed endpoint 'gRPC - /UnityILPP.PostProcessing/PostProcessAssembly'
info: Microsoft.AspNetCore.Hosting.Diagnostics[2]
      Request finished HTTP/2 POST http://ilpp/UnityILPP.PostProcessing/PostProcessAssembly - 200 - application/grpc 250.5606ms
info: Microsoft.AspNetCore.Routing.EndpointMiddleware[1]
      Executed endpoint 'gRPC - /UnityILPP.PostProcessing/PostProcessAssembly'
info: Microsoft.AspNetCore.Hosting.Diagnostics[2]
      Request finished HTTP/2 POST http://ilpp/UnityILPP.PostProcessing/PostProcessAssembly - 200 - application/grpc 230.0302ms
ExitCode: 0 Duration: 2s733ms
[652/859    0s] ILPP-Configuration Library/ilpp-configuration.nevergeneratedoutput
[851/859    2s] Csc Library/Bee/artifacts/2000b0aE.dag/Assembly-CSharp.dll (+2 others)
Assets/DaHilg/Scripts/Runtime/DaHilgProceduralGrass.cs(185,64): warning CS0618: 'FindObjectsSortMode' is obsolete: 'FindObjectsSortMode has been deprecated. Use the FindObjectsByType overloads that do not take a FindObjectsSortMode parameter.'
Assets/DaHilg/Scripts/Runtime/DaHilgProceduralGrass.cs(185,36): warning CS0618: 'Object.FindObjectsByType<T>(FindObjectsSortMode)' is obsolete: 'FindObjectsByType with FindObjectsSortMode parameter has been deprecated. Use FindObjectsByType<T>() or FindObjectsByType<T>(FindObjectsInactive) instead. InstanceID will be replaced in the future with EntityId and previous sort order cannot be maintained.'
[853/859    0s] ILPostProcess Library/Bee/artifacts/2000b0aE.dag/post-processed/Assembly-CSharp.dll (+pdb)
Processing assembly Library/Bee/artifacts/2000b0aE.dag/Assembly-CSharp.dll, with 119 defines and 331 references
processors: Unity.Jobs.CodeGen.JobsILPostProcessor, zzzUnity.Burst.CodeGen.BurstILPostProcessor
running Unity.Jobs.CodeGen.JobsILPostProcessor
running zzzUnity.Burst.CodeGen.BurstILPostProcessor
[854/859    0s] ILPostProcess Library/Bee/artifacts/2000b0aE.dag/post-processed/Assembly-CSharp-Editor.dll (+pdb)
Processing assembly Library/Bee/artifacts/2000b0aE.dag/Assembly-CSharp-Editor.dll, with 117 defines and 349 references
processors: Unity.Jobs.CodeGen.JobsILPostProcessor, zzzUnity.Burst.CodeGen.BurstILPostProcessor
running Unity.Jobs.CodeGen.JobsILPostProcessor
running zzzUnity.Burst.CodeGen.BurstILPostProcessor
[857/859    0s] CopyFiles Library/ScriptAssemblies/Assembly-CSharp.dll
[858/859    0s] CopyFiles Library/ScriptAssemblies/Assembly-CSharp.pdb
*** Tundra build success (2.71 seconds), 6 items updated, 859 evaluated
Assets/DaHilg/Scripts/Runtime/DaHilgProceduralGrass.cs(185,64): warning CS0618: 'FindObjectsSortMode' is obsolete: 'FindObjectsSortMode has been deprecated. Use the FindObjectsByType overloads that do not take a FindObjectsSortMode parameter.'
Assets/DaHilg/Scripts/Runtime/DaHilgProceduralGrass.cs(185,36): warning CS0618: 'Object.FindObjectsByType<T>(FindObjectsSortMode)' is obsolete: 'FindObjectsByType with FindObjectsSortMode parameter has been deprecated. Use FindObjectsByType<T>() or FindObjectsByType<T>(FindObjectsInactive) instead. InstanceID will be replaced in the future with EntityId and previous sort order cannot be maintained.'
AssetDatabase: script compilation time: 3.230485s
Begin MonoManager ReloadAssembly
Total cache size 157838222
Total cache size after purge 157838222, took 00:00:00.1170352
Assembly reference Packages/com.unity.cinemachine/Editor/Samples/ExposeHDRPInternals/HDRP-Editor-ref.asmref has no target assembly definition
'Packages/com.unity.cinemachine/Editor/Editors/CinemachineVirtualCameraBaseEditor.cs' contains partial class of Unity.Object, exactly 1 of the partial classes needs to be in a file with the same filename. This is to know the one that can be referenced from ie. GameObjects
'Packages/com.unity.cinemachine/Editor/Obsolete/CinemachineVirtualCameraBaseEditor.cs' contains partial class of Unity.Object, exactly 1 of the partial classes needs to be in a file with the same filename. This is to know the one that can be referenced from ie. GameObjects
Refreshing native plugins compatible for Editor in 12.28 ms, found 2 plugins.
Native extension for OSXStandalone target not found
Native extension for WebGL target not found
Refreshing native plugins compatible for Editor in 3.14 ms, found 2 plugins.
[Licensing::Client] Successfully resolved entitlement details
[Licensing::Client] Successfully resolved entitlement details
ScheduleIndexationOnStartup MainProcess:True IndexOnStartup:True
Mono: successfully reloaded assembly
- Finished resetting the current domain, in  2.269 seconds
Domain Reload Profiling: 2645ms
	BeginReloadAssembly (94ms)
		DisableScriptedObjects (9ms)
		CreateAndSetChildDomain (18ms)
	RebuildCommonClasses (6ms)
	RebuildNativeTypeToScriptingClass (12ms)
	initialDomainReloadingComplete (24ms)
	LoadAllAssembliesAndSetupDomain (239ms)
		LoadAssemblies (137ms)
		AnalyzeDomain (91ms)
			TypeCache.Refresh (64ms)
				TypeCache.ScanAssembly (57ms)
			BuildScriptInfoCaches (22ms)
			ResolveRequiredComponents (4ms)
	FinalizeReload (2270ms)
		SetupLoadedEditorAssemblies (0ms)
			BeforeProcessingInitializeOnLoad (52ms)
			ProcessInitializeOnLoadAttributes (1375ms)
			ProcessInitializeOnLoadMethodAttributes (730ms)
		AwakeInstancesAfterBackupRestoration (11ms)
Starting new worker id: 0 with log in /Users/mcohen/dev/home/unity/DaHilgUnity/Logs/AssetImportWorkerHW0.log
Refreshing native plugins compatible for Editor in 3.51 ms, found 2 plugins.
Preloading 2 native plugins for Editor in 4.14 ms.

Asset Pipeline Refresh (id=efdcb67467ef74f57ada7a178b3e9a89): Total: 7.034 seconds - Initiated by InitialRefreshV2(ForceSynchronousImport)
	(Values over 0.05ms)
	Summary:
		Imports: total=0 (actual=0, local cache=0, cache server=0)
		Asset DB Process Time: managed=0 ms, native=2922 ms
		Asset DB Callback time: managed=429 ms, native=36 ms
		Scripting: domain reloads=1, domain reload time=391 ms, compile time=3232 ms, other=22 ms
		Project Asset Count: scripts=1092, non-scripts=1982
		Asset File Changes: new=0, changed=1, moved=0, deleted=0
		Scan Filter Count: 1
	InvokePackagesCallback: 25.612ms
	ApplyChangesToAssetFolders: 0.198ms
	Scan: 410.700ms
	Collect global state as custom dependencies: 3.837ms
	OnSourceAssetsModified: 0.470ms
	CategorizeScriptCompilationAssets: 24.140ms
	ProcessAssetsWithTransientArtifactChanges: 31.935ms
	CategorizeAssets: 36.790ms
	CompileScripts: 3231.532ms
	ImportOutOfDateAssets: 2330.413ms (2299.687ms without children)
		UnloadImportedAssets: 0.328ms
		EnsureUptoDateAssetsAreRegisteredWithGuidPM: 0.334ms
		ImportSchedulerStart: 30.062ms
	PostProcessAllAssets: 431.224ms
		VCAutoAddAssetPostprocess 0.982ms
		XRBuildSystem.XRAssetImported 0.380ms
		MonoPostProcessAllAssets: 429.578ms
			UniversalRenderPipelineGlobalSettingsPostprocessor.OnPostprocessAllAssets 187.774ms
			SyncVS.PostprocessSyncProject 84.766ms
			AssetPostprocessor.OnPostprocessAllAssets 76.503ms
			StyleCatalogPostProcessor.OnPostprocessAllAssets 21.847ms
			TextAssetPostProcessor.OnPostprocessAllAssets 10.911ms
			BuilderAssetPostprocessor.OnPostprocessAllAssets 8.308ms
			SpeedTree9Postprocessor.OnPostprocessAllAssets 7.543ms
			InputActionAssetPostprocessor.OnPostprocessAllAssets 3.373ms
			ShaderGraphAssetPostProcessor.OnPostprocessAllAssets 2.630ms
			WindowAssetPostprocessingWatcher.OnPostprocessAllAssets 1.499ms
			AssetChangedListener.OnPostprocessAllAssets 1.070ms
			ProjectSettingsPostprocessor.OnPostprocessAllAssets 1.032ms
			RetainedModeAssetPostprocessor.OnPostprocessAllAssets 0.982ms
			ArtifactBrowserPostProcessor.OnPostprocessAllAssets 0.633ms
			ReferencedClipsPostProcessor.OnPostprocessAllAssets 0.517ms
			MaterialPostprocessor.OnPostprocessAllAssets 0.509ms
			InputActionJsonNameModifierAssetProcessor.OnPostprocessAllAssets 0.339ms
			SampleDependencyImporterPostProcessor.OnPostprocessAllAssets 0.320ms
			TerrainToolbarOverlayPostProcessor.OnPostprocessAllAssets 0.253ms
			PostProcessor.OnPostprocessAllAssets 0.251ms
			AudioMixerPostprocessor.OnPostprocessAllAssets 0.224ms
			AssetEvents.OnPostprocessAllAssets 0.206ms
			ShaderReflectionAssetPostProcessor.OnPostprocessAllAssets 0.201ms
			TMPro_TexturePostProcessor.OnPostprocessAllAssets 0.187ms
			DomainReloadProcessor.OnPostprocessAllAssets 0.184ms
			CinemachineSettings.OnPostprocessAllAssets 0.161ms
			ConfigAssetsTracker.OnPostprocessAllAssets 0.143ms
			SpeedTreePostProcessor.OnPostprocessAllAssets 0.116ms
			AssetDatabaseCallbacks.OnPostprocessAllAssets 0.083ms
			SamplePostprocessor.OnPostprocessAllAssets 0.076ms
			RenderPipelineGlobalSettingsPostprocessor.OnPostprocessAllAssets 0.058ms
			ScenarioDriftAssetsTracker.OnPostprocessAllAssets 0.057ms
			AudioContainerPostProcessor.OnPostprocessAllAssets 0.056ms
	PostAssetChangesProfiler: 9.858ms
	UnloadStreamsBegin: 0.920ms
	PersistCurrentRevisions: 0.068ms
	GenerateScriptTypeHashes: 1.340ms
	GenerateScriptTypeSerializationHashes: 2.595ms
	Untracked: 494.740ms

Application.AssetDatabase Initial Refresh End
Shader Hidden/ChartRasterizerHardware is not supported: GPU does not support conservative rasterization
Launching external process: /Applications/Unity/Hub/Editor/6000.5.0f1/Unity.app/Contents/Helpers/UnityShaderCompiler
Launched and connected shader compiler UnityShaderCompiler after 0.06 seconds
Shader Hidden/ChartRasterizerHardware is not supported: GPU does not support conservative rasterization
Scanning for USB devices : 0.306ms
Initializing Unity extensions:
[MODES] ModeService[none].Initialize
[MODES] ModeService[none].LoadModes
[MODES] Loading mode Default (0) for mode-current-id-Da Hilg Unity
2026-06-22 04:52:19.592 Unity[49415:7731767] NSEventModifierFlagFunction specified to -setKeyEquivalentModifierMask: for item <NSMenuItem: 0x7fb4b9e00 SDF, ke='Command-F12'>, but is only supported for system-provided menu items; will not be used
Unloading 258 Unused Serialized files (Serialized files now loaded: 0)
Unloading 4522 unused Assets / (10.9 MB). Loaded Objects now: 5258.
Memory consumption went from 276.4 MB to 265.5 MB.
Total: 9.243625 ms (FindLiveObjects: 0.230250 ms CreateObjectMapping: 0.739875 ms MarkObjects: 4.898917 ms  DeleteObjects: 3.374000 ms)

2026-06-22 04:52:19.706 Unity[49415:7731767] NSEventModifierFlagFunction specified to -setKeyEquivalentModifierMask: for item <NSMenuItem: 0x7fb4b3ca0 SDF, ke='Command-F12'>, but is only supported for system-provided menu items; will not be used
Worker ready: AssetImportWorkerHW0 0
[DaHilg] Unity asset bridge:
unity vegetation level.glb: kept 517/1049 tree instances
unity glb level.glb 99.75 MB <- public/da-hilg/level.glb
unity vegetation canyon.glb: kept 102/213 tree instances
unity glb canyon.glb 30.20 MB <- public/da-hilg/canyon.glb
unity vegetation stanton.glb: kept 89/197 tree instances
unity glb stanton.glb 60.42 MB <- public/da-hilg/stanton.glb
unity glb cece.glb 0.47 MB <- public/da-hilg/cece.glb
unity glb drew.glb 0.69 MB <- public/da-hilg/drew.glb
unity glb kelli.glb 1.89 MB <- public/da-hilg/kelli.glb
unity glb mike.glb 1.13 MB <- public/da-hilg/mike.glb
unity vegetation meemaw.glb: kept 110/213 tree instances
unity glb meemaw.glb 42.41 MB <- public/da-hilg/meemaw.glb
unity glb xq.glb 93.98 MB <- public/da-hilg/xq.glb
unity glb sun3d.glb 0.17 MB <- public/da-hilg/sun3d.glb
unity glb anims/attack.glb 0.75 MB <- public/da-hilg/anims/attack.glb
unity glb anims/cheer.glb 0.75 MB <- public/da-hilg/anims/cheer.glb
unity glb anims/climb.glb 0.50 MB <- public/da-hilg/anims/climb.glb
unity glb anims/crawl.glb 0.50 MB <- public/da-hilg/anims/crawl.glb
unity glb anims/dance.glb 0.75 MB <- public/da-hilg/anims/dance.glb
unity glb anims/hit.glb 0.50 MB <- public/da-hilg/anims/hit.glb
unity glb anims/idle.glb 0.06 MB <- public/da-hilg/anims/idle.glb
unity glb anims/jump.glb 0.43 MB <- public/da-hilg/anims/jump.glb
unity glb anims/knockdown.glb 0.50 MB <- public/da-hilg/anims/knockdown.glb
unity glb anims/run.glb 0.50 MB <- public/da-hilg/anims/run.glb
unity glb anims/stumble.glb 0.50 MB <- public/da-hilg/anims/stumble.glb
unity glb anims/walk.glb 0.50 MB <- public/da-hilg/anims/walk.glb
unity glb anims/wave.glb 0.75 MB <- public/da-hilg/anims/wave.glb
Unity Da Hilg assets written to unity/DaHilgUnity/Library/DaHilgUnitySource
stream: dahill.glb 76.16 MB <- public/da-hilg/level.glb +meta +minimap
stream: canyon.glb 25.03 MB <- public/da-hilg/canyon.glb +meta +minimap
stream: stanton.glb 57.37 MB <- public/da-hilg/stanton.glb +meta +minimap
stream: meemaw.glb 39.16 MB <- public/da-hilg/meemaw.glb +meta +minimap
stream: xq.glb 87.24 MB <- public/da-hilg/xq.glb +meta +minimap
StreamingAssets staged 5/5 streamed level GLB(s) -> unity/DaHilgUnity/Assets/StreamingAssets
UnityEngine.Debug:ExtractStackTraceNoAlloc (byte*,int,string)
UnityEngine.StackTraceUtility:ExtractStackTrace () (at /Users/bokken/build/output/unity/unity/Runtime/Export/Scripting/StackTrace.cs:35)
UnityEngine.DebugLogHandler:Internal_Log (UnityEngine.LogType,UnityEngine.LogOption,string,UnityEngine.Object)
UnityEngine.DebugLogHandler:LogFormat (UnityEngine.LogType,UnityEngine.Object,string,object[])
UnityEngine.Logger:Log (UnityEngine.LogType,object)
UnityEngine.Debug:Log (object)
DaHilg.Editor.DaHilgProjectBuilder:BuildUnitySourceAssetBridge (string) (at Assets/DaHilg/Scripts/Editor/DaHilgProjectBuilder.cs:679)
DaHilg.Editor.DaHilgProjectBuilder:SyncSourceAssets () (at Assets/DaHilg/Scripts/Editor/DaHilgProjectBuilder.cs:640)
DaHilg.Editor.DaHilgProjectBuilder:RebuildUnityScene () (at Assets/DaHilg/Scripts/Editor/DaHilgProjectBuilder.cs:89)
DaHilg.Editor.DaHilgProjectBuilder:ValidateSpawnGrounding () (at Assets/DaHilg/Scripts/Editor/DaHilgProjectBuilder.cs:205)

(Filename: Assets/DaHilg/Scripts/Editor/DaHilgProjectBuilder.cs Line: 679)

Asset Pipeline Refresh (id=f0504815a6f7b4131a22ccc8ed436e65): Total: 0.208 seconds - Initiated by RefreshV2(NoUpdateAssetOptions)
[DaHilg] Source assets synced.
UnityEngine.Debug:ExtractStackTraceNoAlloc (byte*,int,string)
UnityEngine.StackTraceUtility:ExtractStackTrace () (at /Users/bokken/build/output/unity/unity/Runtime/Export/Scripting/StackTrace.cs:35)
UnityEngine.DebugLogHandler:Internal_Log (UnityEngine.LogType,UnityEngine.LogOption,string,UnityEngine.Object)
UnityEngine.DebugLogHandler:LogFormat (UnityEngine.LogType,UnityEngine.Object,string,object[])
UnityEngine.Logger:Log (UnityEngine.LogType,object)
UnityEngine.Debug:Log (object)
DaHilg.Editor.DaHilgProjectBuilder:SyncSourceAssets () (at Assets/DaHilg/Scripts/Editor/DaHilgProjectBuilder.cs:654)
DaHilg.Editor.DaHilgProjectBuilder:RebuildUnityScene () (at Assets/DaHilg/Scripts/Editor/DaHilgProjectBuilder.cs:89)
DaHilg.Editor.DaHilgProjectBuilder:ValidateSpawnGrounding () (at Assets/DaHilg/Scripts/Editor/DaHilgProjectBuilder.cs:205)

(Filename: Assets/DaHilg/Scripts/Editor/DaHilgProjectBuilder.cs Line: 654)

Asset Pipeline Refresh (id=b4e556860734f4989a5d46d43462bd30): Total: 0.103 seconds - Initiated by RefreshV2(NoUpdateAssetOptions)
[DaHilg] Supplemental source assets synced.
UnityEngine.Debug:ExtractStackTraceNoAlloc (byte*,int,string)
UnityEngine.StackTraceUtility:ExtractStackTrace () (at /Users/bokken/build/output/unity/unity/Runtime/Export/Scripting/StackTrace.cs:35)
UnityEngine.DebugLogHandler:Internal_Log (UnityEngine.LogType,UnityEngine.LogOption,string,UnityEngine.Object)
UnityEngine.DebugLogHandler:LogFormat (UnityEngine.LogType,UnityEngine.Object,string,object[])
UnityEngine.Logger:Log (UnityEngine.LogType,object)
UnityEngine.Debug:Log (object)
DaHilg.Editor.DaHilgProjectBuilder:SyncSupplementalSourceAssets () (at Assets/DaHilg/Scripts/Editor/DaHilgProjectBuilder.cs:706)
DaHilg.Editor.DaHilgProjectBuilder:RebuildUnityScene () (at Assets/DaHilg/Scripts/Editor/DaHilgProjectBuilder.cs:90)
DaHilg.Editor.DaHilgProjectBuilder:ValidateSpawnGrounding () (at Assets/DaHilg/Scripts/Editor/DaHilgProjectBuilder.cs:205)

(Filename: Assets/DaHilg/Scripts/Editor/DaHilgProjectBuilder.cs Line: 706)

Asset Pipeline Refresh (id=f94a5fc5276234328a2d2f7c6a44daf1): Total: 0.000 seconds - Initiated by StopAssetImportingV2(NoUpdateAssetOptions)
Asset Pipeline Refresh (id=73c5746383d1d433ba44319c42a88d4a): Total: 0.000 seconds - Initiated by StopAssetImportingV2(NoUpdateAssetOptions)
Asset Pipeline Refresh (id=31e297d7e6a124ca3b23d07f2b04c6b1): Total: 0.000 seconds - Initiated by StopAssetImportingV2(NoUpdateAssetOptions)
Asset Pipeline Refresh (id=0c4dd3ff579cc4633862e54a4523ab81): Total: 0.000 seconds - Initiated by StopAssetImportingV2(NoUpdateAssetOptions)
Asset Pipeline Refresh (id=00ca47f9effb04a4d93de90bcddae7e3): Total: 0.000 seconds - Initiated by StopAssetImportingV2(NoUpdateAssetOptions)
Asset Pipeline Refresh (id=1730c67fe1e1c43098df4c4b7669ef10): Total: 0.000 seconds - Initiated by StopAssetImportingV2(NoUpdateAssetOptions)
Asset Pipeline Refresh (id=67c9d46af2bf446b6afe8454f2df358f): Total: 0.000 seconds - Initiated by StopAssetImportingV2(NoUpdateAssetOptions)
Asset Pipeline Refresh (id=c90397f16f4a446aeac8c696cd027c29): Total: 0.000 seconds - Initiated by StopAssetImportingV2(NoUpdateAssetOptions)
Asset Pipeline Refresh (id=527ed641c871843ffae38333b631082d): Total: 0.000 seconds - Initiated by StopAssetImportingV2(NoUpdateAssetOptions)
Asset Pipeline Refresh (id=1abbb3eadef0e49a997266cba8ca883d): Total: 0.000 seconds - Initiated by StopAssetImportingV2(NoUpdateAssetOptions)
Asset Pipeline Refresh (id=b3d23398b32e64eb5a784ef6b0a02149): Total: 0.000 seconds - Initiated by StopAssetImportingV2(NoUpdateAssetOptions)
Asset Pipeline Refresh (id=9e2749499f6df4f2488bafc1966faf2b): Total: 0.000 seconds - Initiated by StopAssetImportingV2(NoUpdateAssetOptions)
Asset Pipeline Refresh (id=06a443ec7251d4249b8d4be048bee8cc): Total: 0.000 seconds - Initiated by StopAssetImportingV2(NoUpdateAssetOptions)
[DaHilg] Staged streamed level 'dahill' (compressed web GLB).
UnityEngine.Debug:ExtractStackTraceNoAlloc (byte*,int,string)
UnityEngine.StackTraceUtility:ExtractStackTrace () (at /Users/bokken/build/output/unity/unity/Runtime/Export/Scripting/StackTrace.cs:35)
UnityEngine.DebugLogHandler:Internal_Log (UnityEngine.LogType,UnityEngine.LogOption,string,UnityEngine.Object)
UnityEngine.DebugLogHandler:LogFormat (UnityEngine.LogType,UnityEngine.Object,string,object[])
UnityEngine.Logger:Log (UnityEngine.LogType,object)
UnityEngine.Debug:Log (object)
DaHilg.Editor.DaHilgProjectBuilder:StageStreamingLevelGlb (string,string) (at Assets/DaHilg/Scripts/Editor/DaHilgProjectBuilder.cs:2130)
DaHilg.Editor.DaHilgProjectBuilder:BuildLevel (string,string,string,string,string,string,System.Collections.Generic.Dictionary`2<string, UnityEditor.Animations.AnimatorController>) (at Assets/DaHilg/Scripts/Editor/DaHilgProjectBuilder.cs:1169)
DaHilg.Editor.DaHilgProjectBuilder:BuildLevelProfiles (System.Collections.Generic.Dictionary`2<string, UnityEditor.Animations.AnimatorController>) (at Assets/DaHilg/Scripts/Editor/DaHilgProjectBuilder.cs:1138)
DaHilg.Editor.DaHilgProjectBuilder:RebuildUnityScene () (at Assets/DaHilg/Scripts/Editor/DaHilgProjectBuilder.cs:93)
DaHilg.Editor.DaHilgProjectBuilder:ValidateSpawnGrounding () (at Assets/DaHilg/Scripts/Editor/DaHilgProjectBuilder.cs:205)

(Filename: Assets/DaHilg/Scripts/Editor/DaHilgProjectBuilder.cs Line: 2130)

[DaHilg] Staged vegetation/water overlay for 'dahill'.
UnityEngine.Debug:ExtractStackTraceNoAlloc (byte*,int,string)
UnityEngine.StackTraceUtility:ExtractStackTrace () (at /Users/bokken/build/output/unity/unity/Runtime/Export/Scripting/StackTrace.cs:35)
UnityEngine.DebugLogHandler:Internal_Log (UnityEngine.LogType,UnityEngine.LogOption,string,UnityEngine.Object)
UnityEngine.DebugLogHandler:LogFormat (UnityEngine.LogType,UnityEngine.Object,string,object[])
UnityEngine.Logger:Log (UnityEngine.LogType,object)
UnityEngine.Debug:Log (object)
DaHilg.Editor.DaHilgProjectBuilder:StageStreamingOverlayGlb (string) (at Assets/DaHilg/Scripts/Editor/DaHilgProjectBuilder.cs:2145)
DaHilg.Editor.DaHilgProjectBuilder:BuildLevel (string,string,string,string,string,string,System.Collections.Generic.Dictionary`2<string, UnityEditor.Animations.AnimatorController>) (at Assets/DaHilg/Scripts/Editor/DaHilgProjectBuilder.cs:1170)
DaHilg.Editor.DaHilgProjectBuilder:BuildLevelProfiles (System.Collections.Generic.Dictionary`2<string, UnityEditor.Animations.AnimatorController>) (at Assets/DaHilg/Scripts/Editor/DaHilgProjectBuilder.cs:1138)
DaHilg.Editor.DaHilgProjectBuilder:RebuildUnityScene () (at Assets/DaHilg/Scripts/Editor/DaHilgProjectBuilder.cs:93)
DaHilg.Editor.DaHilgProjectBuilder:ValidateSpawnGrounding () (at Assets/DaHilg/Scripts/Editor/DaHilgProjectBuilder.cs:205)

(Filename: Assets/DaHilg/Scripts/Editor/DaHilgProjectBuilder.cs Line: 2145)

[DaHilg] Staged streamed level 'canyon' (compressed web GLB).
UnityEngine.Debug:ExtractStackTraceNoAlloc (byte*,int,string)
UnityEngine.StackTraceUtility:ExtractStackTrace () (at /Users/bokken/build/output/unity/unity/Runtime/Export/Scripting/StackTrace.cs:35)
UnityEngine.DebugLogHandler:Internal_Log (UnityEngine.LogType,UnityEngine.LogOption,string,UnityEngine.Object)
UnityEngine.DebugLogHandler:LogFormat (UnityEngine.LogType,UnityEngine.Object,string,object[])
UnityEngine.Logger:Log (UnityEngine.LogType,object)
UnityEngine.Debug:Log (object)
DaHilg.Editor.DaHilgProjectBuilder:StageStreamingLevelGlb (string,string) (at Assets/DaHilg/Scripts/Editor/DaHilgProjectBuilder.cs:2130)
DaHilg.Editor.DaHilgProjectBuilder:BuildLevel (string,string,string,string,string,string,System.Collections.Generic.Dictionary`2<string, UnityEditor.Animations.AnimatorController>) (at Assets/DaHilg/Scripts/Editor/DaHilgProjectBuilder.cs:1169)
DaHilg.Editor.DaHilgProjectBuilder:BuildLevelProfiles (System.Collections.Generic.Dictionary`2<string, UnityEditor.Animations.AnimatorController>) (at Assets/DaHilg/Scripts/Editor/DaHilgProjectBuilder.cs:1138)
DaHilg.Editor.DaHilgProjectBuilder:RebuildUnityScene () (at Assets/DaHilg/Scripts/Editor/DaHilgProjectBuilder.cs:93)
DaHilg.Editor.DaHilgProjectBuilder:ValidateSpawnGrounding () (at Assets/DaHilg/Scripts/Editor/DaHilgProjectBuilder.cs:205)

(Filename: Assets/DaHilg/Scripts/Editor/DaHilgProjectBuilder.cs Line: 2130)

[DaHilg] Staged vegetation/water overlay for 'canyon'.
UnityEngine.Debug:ExtractStackTraceNoAlloc (byte*,int,string)
UnityEngine.StackTraceUtility:ExtractStackTrace () (at /Users/bokken/build/output/unity/unity/Runtime/Export/Scripting/StackTrace.cs:35)
UnityEngine.DebugLogHandler:Internal_Log (UnityEngine.LogType,UnityEngine.LogOption,string,UnityEngine.Object)
UnityEngine.DebugLogHandler:LogFormat (UnityEngine.LogType,UnityEngine.Object,string,object[])
UnityEngine.Logger:Log (UnityEngine.LogType,object)
UnityEngine.Debug:Log (object)
DaHilg.Editor.DaHilgProjectBuilder:StageStreamingOverlayGlb (string) (at Assets/DaHilg/Scripts/Editor/DaHilgProjectBuilder.cs:2145)
DaHilg.Editor.DaHilgProjectBuilder:BuildLevel (string,string,string,string,string,string,System.Collections.Generic.Dictionary`2<string, UnityEditor.Animations.AnimatorController>) (at Assets/DaHilg/Scripts/Editor/DaHilgProjectBuilder.cs:1170)
DaHilg.Editor.DaHilgProjectBuilder:BuildLevelProfiles (System.Collections.Generic.Dictionary`2<string, UnityEditor.Animations.AnimatorController>) (at Assets/DaHilg/Scripts/Editor/DaHilgProjectBuilder.cs:1138)
DaHilg.Editor.DaHilgProjectBuilder:RebuildUnityScene () (at Assets/DaHilg/Scripts/Editor/DaHilgProjectBuilder.cs:93)
DaHilg.Editor.DaHilgProjectBuilder:ValidateSpawnGrounding () (at Assets/DaHilg/Scripts/Editor/DaHilgProjectBuilder.cs:205)

(Filename: Assets/DaHilg/Scripts/Editor/DaHilgProjectBuilder.cs Line: 2145)

[DaHilg] Staged streamed level 'stanton' (compressed web GLB).
UnityEngine.Debug:ExtractStackTraceNoAlloc (byte*,int,string)
UnityEngine.StackTraceUtility:ExtractStackTrace () (at /Users/bokken/build/output/unity/unity/Runtime/Export/Scripting/StackTrace.cs:35)
UnityEngine.DebugLogHandler:Internal_Log (UnityEngine.LogType,UnityEngine.LogOption,string,UnityEngine.Object)
UnityEngine.DebugLogHandler:LogFormat (UnityEngine.LogType,UnityEngine.Object,string,object[])
UnityEngine.Logger:Log (UnityEngine.LogType,object)
UnityEngine.Debug:Log (object)
DaHilg.Editor.DaHilgProjectBuilder:StageStreamingLevelGlb (string,string) (at Assets/DaHilg/Scripts/Editor/DaHilgProjectBuilder.cs:2130)
DaHilg.Editor.DaHilgProjectBuilder:BuildLevel (string,string,string,string,string,string,System.Collections.Generic.Dictionary`2<string, UnityEditor.Animations.AnimatorController>) (at Assets/DaHilg/Scripts/Editor/DaHilgProjectBuilder.cs:1169)
DaHilg.Editor.DaHilgProjectBuilder:BuildLevelProfiles (System.Collections.Generic.Dictionary`2<string, UnityEditor.Animations.AnimatorController>) (at Assets/DaHilg/Scripts/Editor/DaHilgProjectBuilder.cs:1138)
DaHilg.Editor.DaHilgProjectBuilder:RebuildUnityScene () (at Assets/DaHilg/Scripts/Editor/DaHilgProjectBuilder.cs:93)
DaHilg.Editor.DaHilgProjectBuilder:ValidateSpawnGrounding () (at Assets/DaHilg/Scripts/Editor/DaHilgProjectBuilder.cs:205)

(Filename: Assets/DaHilg/Scripts/Editor/DaHilgProjectBuilder.cs Line: 2130)

[DaHilg] Staged vegetation/water overlay for 'stanton'.
UnityEngine.Debug:ExtractStackTraceNoAlloc (byte*,int,string)
UnityEngine.StackTraceUtility:ExtractStackTrace () (at /Users/bokken/build/output/unity/unity/Runtime/Export/Scripting/StackTrace.cs:35)
UnityEngine.DebugLogHandler:Internal_Log (UnityEngine.LogType,UnityEngine.LogOption,string,UnityEngine.Object)
UnityEngine.DebugLogHandler:LogFormat (UnityEngine.LogType,UnityEngine.Object,string,object[])
UnityEngine.Logger:Log (UnityEngine.LogType,object)
UnityEngine.Debug:Log (object)
DaHilg.Editor.DaHilgProjectBuilder:StageStreamingOverlayGlb (string) (at Assets/DaHilg/Scripts/Editor/DaHilgProjectBuilder.cs:2145)
DaHilg.Editor.DaHilgProjectBuilder:BuildLevel (string,string,string,string,string,string,System.Collections.Generic.Dictionary`2<string, UnityEditor.Animations.AnimatorController>) (at Assets/DaHilg/Scripts/Editor/DaHilgProjectBuilder.cs:1170)
DaHilg.Editor.DaHilgProjectBuilder:BuildLevelProfiles (System.Collections.Generic.Dictionary`2<string, UnityEditor.Animations.AnimatorController>) (at Assets/DaHilg/Scripts/Editor/DaHilgProjectBuilder.cs:1138)
DaHilg.Editor.DaHilgProjectBuilder:RebuildUnityScene () (at Assets/DaHilg/Scripts/Editor/DaHilgProjectBuilder.cs:93)
DaHilg.Editor.DaHilgProjectBuilder:ValidateSpawnGrounding () (at Assets/DaHilg/Scripts/Editor/DaHilgProjectBuilder.cs:205)

(Filename: Assets/DaHilg/Scripts/Editor/DaHilgProjectBuilder.cs Line: 2145)

[DaHilg] Staged streamed level 'meemaw' (compressed web GLB).
UnityEngine.Debug:ExtractStackTraceNoAlloc (byte*,int,string)
UnityEngine.StackTraceUtility:ExtractStackTrace () (at /Users/bokken/build/output/unity/unity/Runtime/Export/Scripting/StackTrace.cs:35)
UnityEngine.DebugLogHandler:Internal_Log (UnityEngine.LogType,UnityEngine.LogOption,string,UnityEngine.Object)
UnityEngine.DebugLogHandler:LogFormat (UnityEngine.LogType,UnityEngine.Object,string,object[])
UnityEngine.Logger:Log (UnityEngine.LogType,object)
UnityEngine.Debug:Log (object)
DaHilg.Editor.DaHilgProjectBuilder:StageStreamingLevelGlb (string,string) (at Assets/DaHilg/Scripts/Editor/DaHilgProjectBuilder.cs:2130)
DaHilg.Editor.DaHilgProjectBuilder:BuildLevel (string,string,string,string,string,string,System.Collections.Generic.Dictionary`2<string, UnityEditor.Animations.AnimatorController>) (at Assets/DaHilg/Scripts/Editor/DaHilgProjectBuilder.cs:1169)
DaHilg.Editor.DaHilgProjectBuilder:BuildLevelProfiles (System.Collections.Generic.Dictionary`2<string, UnityEditor.Animations.AnimatorController>) (at Assets/DaHilg/Scripts/Editor/DaHilgProjectBuilder.cs:1138)
DaHilg.Editor.DaHilgProjectBuilder:RebuildUnityScene () (at Assets/DaHilg/Scripts/Editor/DaHilgProjectBuilder.cs:93)
DaHilg.Editor.DaHilgProjectBuilder:ValidateSpawnGrounding () (at Assets/DaHilg/Scripts/Editor/DaHilgProjectBuilder.cs:205)

(Filename: Assets/DaHilg/Scripts/Editor/DaHilgProjectBuilder.cs Line: 2130)

[DaHilg] Staged vegetation/water overlay for 'meemaw'.
UnityEngine.Debug:ExtractStackTraceNoAlloc (byte*,int,string)
UnityEngine.StackTraceUtility:ExtractStackTrace () (at /Users/bokken/build/output/unity/unity/Runtime/Export/Scripting/StackTrace.cs:35)
UnityEngine.DebugLogHandler:Internal_Log (UnityEngine.LogType,UnityEngine.LogOption,string,UnityEngine.Object)
UnityEngine.DebugLogHandler:LogFormat (UnityEngine.LogType,UnityEngine.Object,string,object[])
UnityEngine.Logger:Log (UnityEngine.LogType,object)
UnityEngine.Debug:Log (object)
DaHilg.Editor.DaHilgProjectBuilder:StageStreamingOverlayGlb (string) (at Assets/DaHilg/Scripts/Editor/DaHilgProjectBuilder.cs:2145)
DaHilg.Editor.DaHilgProjectBuilder:BuildLevel (string,string,string,string,string,string,System.Collections.Generic.Dictionary`2<string, UnityEditor.Animations.AnimatorController>) (at Assets/DaHilg/Scripts/Editor/DaHilgProjectBuilder.cs:1170)
DaHilg.Editor.DaHilgProjectBuilder:BuildLevelProfiles (System.Collections.Generic.Dictionary`2<string, UnityEditor.Animations.AnimatorController>) (at Assets/DaHilg/Scripts/Editor/DaHilgProjectBuilder.cs:1138)
DaHilg.Editor.DaHilgProjectBuilder:RebuildUnityScene () (at Assets/DaHilg/Scripts/Editor/DaHilgProjectBuilder.cs:93)
DaHilg.Editor.DaHilgProjectBuilder:ValidateSpawnGrounding () (at Assets/DaHilg/Scripts/Editor/DaHilgProjectBuilder.cs:205)

(Filename: Assets/DaHilg/Scripts/Editor/DaHilgProjectBuilder.cs Line: 2145)

[DaHilg] Staged streamed level 'xq' (compressed web GLB).
UnityEngine.Debug:ExtractStackTraceNoAlloc (byte*,int,string)
UnityEngine.StackTraceUtility:ExtractStackTrace () (at /Users/bokken/build/output/unity/unity/Runtime/Export/Scripting/StackTrace.cs:35)
UnityEngine.DebugLogHandler:Internal_Log (UnityEngine.LogType,UnityEngine.LogOption,string,UnityEngine.Object)
UnityEngine.DebugLogHandler:LogFormat (UnityEngine.LogType,UnityEngine.Object,string,object[])
UnityEngine.Logger:Log (UnityEngine.LogType,object)
UnityEngine.Debug:Log (object)
DaHilg.Editor.DaHilgProjectBuilder:StageStreamingLevelGlb (string,string) (at Assets/DaHilg/Scripts/Editor/DaHilgProjectBuilder.cs:2130)
DaHilg.Editor.DaHilgProjectBuilder:BuildLevel (string,string,string,string,string,string,System.Collections.Generic.Dictionary`2<string, UnityEditor.Animations.AnimatorController>) (at Assets/DaHilg/Scripts/Editor/DaHilgProjectBuilder.cs:1169)
DaHilg.Editor.DaHilgProjectBuilder:BuildLevelProfiles (System.Collections.Generic.Dictionary`2<string, UnityEditor.Animations.AnimatorController>) (at Assets/DaHilg/Scripts/Editor/DaHilgProjectBuilder.cs:1138)
DaHilg.Editor.DaHilgProjectBuilder:RebuildUnityScene () (at Assets/DaHilg/Scripts/Editor/DaHilgProjectBuilder.cs:93)
DaHilg.Editor.DaHilgProjectBuilder:ValidateSpawnGrounding () (at Assets/DaHilg/Scripts/Editor/DaHilgProjectBuilder.cs:205)

(Filename: Assets/DaHilg/Scripts/Editor/DaHilgProjectBuilder.cs Line: 2130)

[DaHilg] Staged vegetation/water overlay for 'xq'.
UnityEngine.Debug:ExtractStackTraceNoAlloc (byte*,int,string)
UnityEngine.StackTraceUtility:ExtractStackTrace () (at /Users/bokken/build/output/unity/unity/Runtime/Export/Scripting/StackTrace.cs:35)
UnityEngine.DebugLogHandler:Internal_Log (UnityEngine.LogType,UnityEngine.LogOption,string,UnityEngine.Object)
UnityEngine.DebugLogHandler:LogFormat (UnityEngine.LogType,UnityEngine.Object,string,object[])
UnityEngine.Logger:Log (UnityEngine.LogType,object)
UnityEngine.Debug:Log (object)
DaHilg.Editor.DaHilgProjectBuilder:StageStreamingOverlayGlb (string) (at Assets/DaHilg/Scripts/Editor/DaHilgProjectBuilder.cs:2145)
DaHilg.Editor.DaHilgProjectBuilder:BuildLevel (string,string,string,string,string,string,System.Collections.Generic.Dictionary`2<string, UnityEditor.Animations.AnimatorController>) (at Assets/DaHilg/Scripts/Editor/DaHilgProjectBuilder.cs:1170)
DaHilg.Editor.DaHilgProjectBuilder:BuildLevelProfiles (System.Collections.Generic.Dictionary`2<string, UnityEditor.Animations.AnimatorController>) (at Assets/DaHilg/Scripts/Editor/DaHilgProjectBuilder.cs:1138)
DaHilg.Editor.DaHilgProjectBuilder:RebuildUnityScene () (at Assets/DaHilg/Scripts/Editor/DaHilgProjectBuilder.cs:93)
DaHilg.Editor.DaHilgProjectBuilder:ValidateSpawnGrounding () (at Assets/DaHilg/Scripts/Editor/DaHilgProjectBuilder.cs:205)

(Filename: Assets/DaHilg/Scripts/Editor/DaHilgProjectBuilder.cs Line: 2145)

Unloading 88 Unused Serialized files (Serialized files now loaded: 6)
Unloading 6245 unused Assets / (15.6 MB). Loaded Objects now: 7319.
Memory consumption went from 478.0 MB to 462.4 MB.
Total: 11.330042 ms (FindLiveObjects: 0.280708 ms CreateObjectMapping: 1.074708 ms MarkObjects: 6.133209 ms  DeleteObjects: 3.841083 ms)

Importing 'GUID: 20f767cd9cfc94c32887feea1d2728c7 - Path: Assets/DaHilg/Settings/GeneratedAnimations/mike_Stumble.anim' with importer (NativeFormatImporter)
Imported 'GUID: 20f767cd9cfc94c32887feea1d2728c7' -> (Import Result ID: '6238d7f3653c52a8438b23ca9b6020d5') in 0.015 seconds [static dependencies only]. Details - ImportResultOutputID=ddf6b277c4692b99e2a0d95d17deb3d1 DependenciesID=b19787886ffb0c2bd5ae740c94b1a0d4 StaticDependenciesID=80a7eaff91d2f52c5b756d08865b8199 
Importing 'GUID: 70b153fe4ba7e45dc9205bd2e8deb155 - Path: Assets/DaHilg/Settings/GeneratedAnimations/cece_Walk.anim' with importer (NativeFormatImporter)
Imported 'GUID: 70b153fe4ba7e45dc9205bd2e8deb155' -> (Import Result ID: '68475ddab34c22728db8d012b4e51676') in 0.005 seconds [static dependencies only]. Details - ImportResultOutputID=c2d7f1002b21491bfd99b5d2528e8d63 DependenciesID=9264fa2fb8111d54a016f648847c1fa1 StaticDependenciesID=5f4369aae2a307c11c564c86e2171fa4 
Importing 'GUID: a0bc60cf4414f4a7caf885e9cb34bbdf - Path: Assets/DaHilg/Settings/GeneratedAnimations/mike_Knockdown.anim' with importer (NativeFormatImporter)
Imported 'GUID: a0bc60cf4414f4a7caf885e9cb34bbdf' -> (Import Result ID: '11b8ffab97bdb5924b3fd995203ee639') in 0.010 seconds [static dependencies only]. Details - ImportResultOutputID=44d89f63f654a6f4d484769849218018 DependenciesID=dbe23ad70b51dd36bb830f19fe3adaf3 StaticDependenciesID=0bf1fded84ab2c8c3253c7bec25ff958 
Importing 'GUID: a0de698eddf0746c78a0888e60826080 - Path: Assets/DaHilg/Settings/GeneratedAnimations/kelli_Attack.anim' with importer (NativeFormatImporter)
Imported 'GUID: a0de698eddf0746c78a0888e60826080' -> (Import Result ID: '5dacb29949d03911c922d78dcee91488') in 0.011 seconds [static dependencies only]. Details - ImportResultOutputID=cb79e942afefada969b0056846b36571 DependenciesID=ac898eefdc64804a0ee3356a6f300373 StaticDependenciesID=3e59b2ac2c50b441d0a6573beccdca87 
Importing 'GUID: b037906659ba74e9396e87e9f5c30ee9 - Path: Assets/DaHilg/Settings/GeneratedAnimations/cece_Jump.anim' with importer (NativeFormatImporter)
Imported 'GUID: b037906659ba74e9396e87e9f5c30ee9' -> (Import Result ID: 'e95496f3736dfd5ac710551752e694d1') in 0.013 seconds [static dependencies only]. Details - ImportResultOutputID=9d1655216a153af9d9748290acb580c2 DependenciesID=cbf101838754c43212b94894bdd2d76c StaticDependenciesID=2fe29d36b361761efd40b635c4689bb5 
Importing 'GUID: d09cd82d8666f4245b96144afbd5f947 - Path: Assets/DaHilg/Settings/GeneratedAnimations/drew_Knockdown.anim' with importer (NativeFormatImporter)
Imported 'GUID: d09cd82d8666f4245b96144afbd5f947' -> (Import Result ID: 'f177ea3767e404f02b879cfba05f0286') in 0.010 seconds [static dependencies only]. Details - ImportResultOutputID=dc773f4490523ba5e44b1079f99649bd DependenciesID=e2a3cadd09bbdeee34c54f458285dbc3 StaticDependenciesID=0cae2d7a0455b7a827861f1d43ebe370 
Importing 'GUID: e0ea102cc197c4d02a6d8c9bc7931c49 - Path: Assets/DaHilg/Settings/GeneratedAnimations/drew_Climb.anim' with importer (NativeFormatImporter)
Imported 'GUID: e0ea102cc197c4d02a6d8c9bc7931c49' -> (Import Result ID: '666aa496d5d79492b69877fabd589fac') in 0.005 seconds [static dependencies only]. Details - ImportResultOutputID=c6cc9d62d20bca17b2237d282ae43bf5 DependenciesID=7c1f9a044a6dad28945123636168636f StaticDependenciesID=84949db4fda6204426ae23cd81045d84 
Importing 'GUID: 11874c6d899884983a61fd6e0a9ba126 - Path: Assets/DaHilg/Settings/GeneratedAnimations/drew_Cheer.anim' with importer (NativeFormatImporter)
Imported 'GUID: 11874c6d899884983a61fd6e0a9ba126' -> (Import Result ID: '0706d280347d516b909c8690cb378ad4') in 0.008 seconds [static dependencies only]. Details - ImportResultOutputID=063175a0be5a4c40f911898607b55a03 DependenciesID=ccafe3589f847ec718c7a3a0fe511b18 StaticDependenciesID=570de887a409190a347343cf7c0b1356 
Importing 'GUID: a12b3c74cac5942e08329f177fbc1c1f - Path: Assets/DaHilg/Settings/GeneratedAnimations/drew_Crawl.anim' with importer (NativeFormatImporter)
Imported 'GUID: a12b3c74cac5942e08329f177fbc1c1f' -> (Import Result ID: 'f7bf71682102b1a800da7f95fe5dede2') in 0.005 seconds [static dependencies only]. Details - ImportResultOutputID=d7b52cf82ccec4ffa894797491117d99 DependenciesID=e2c34092859337cc627879e8ae3c48f1 StaticDependenciesID=1def5ef5f6a3fe24d587eda5b27ebbf8 
Importing 'GUID: e1eca80446ee9483bb377e0472673766 - Path: Assets/DaHilg/Settings/GeneratedAnimations/cece_Cheer.anim' with importer (NativeFormatImporter)
Imported 'GUID: e1eca80446ee9483bb377e0472673766' -> (Import Result ID: 'c9c657d119e9178a2980912230d5dbba') in 0.008 seconds [static dependencies only]. Details - ImportResultOutputID=f89078f3d47ec50fe40c96f13258360a DependenciesID=ecc17dee744d1ecdb0affb7ab9438fa4 StaticDependenciesID=389a70a2cc2e6db6dea0fe317ddd371c 
Importing 'GUID: 12ea65785f8c649cda35f575868b1886 - Path: Assets/DaHilg/Settings/GeneratedAnimations/mike_Idle.anim' with importer (NativeFormatImporter)
Imported 'GUID: 12ea65785f8c649cda35f575868b1886' -> (Import Result ID: 'a67eea0e6925c4f46673f589130c6bc9') in 0.024 seconds [static dependencies only]. Details - ImportResultOutputID=36c96638ec51769fbe5403a21e6f901a DependenciesID=71a755fcd7288494e161995298372ea3 StaticDependenciesID=26fb0f64aa7c9342eeb9cda77ca47f3b 
Importing 'GUID: 32eb399d1878e4276af3a9039c8a4a3b - Path: Assets/DaHilg/Settings/GeneratedAnimations/drew_Hit.anim' with importer (NativeFormatImporter)
Imported 'GUID: 32eb399d1878e4276af3a9039c8a4a3b' -> (Import Result ID: '566147356003bb146c975761d734dd67') in 0.007 seconds [static dependencies only]. Details - ImportResultOutputID=d3da8b5552bd9642268b806568dac072 DependenciesID=46c9a0296e9734e7be2599325a6f3f26 StaticDependenciesID=9d329a782ee0cf2be134f6b07c3e082a 
Importing 'GUID: 42d6c3b4fdfee4638a9948e5d2ba6e6b - Path: Assets/DaHilg/Settings/GeneratedAnimations/kelli_Wave.anim' with importer (NativeFormatImporter)
Imported 'GUID: 42d6c3b4fdfee4638a9948e5d2ba6e6b' -> (Import Result ID: 'b8c0c5880bbc53ec2bdb8d7442f0fee1') in 0.049 seconds [static dependencies only]. Details - ImportResultOutputID=aba21e3c1b9ceef0a0ebb9ef3977f3b5 DependenciesID=cee441569a62a3f0747dcdb549df01dd StaticDependenciesID=50189bf516bf9aeaa51863dd1443a247 
Importing 'GUID: 82536c45e8620492282c31ebba1cf134 - Path: Assets/DaHilg/Settings/GeneratedAnimations/cece_Climb.anim' with importer (NativeFormatImporter)
Imported 'GUID: 82536c45e8620492282c31ebba1cf134' -> (Import Result ID: '11c12bceca262854b1ddaee2c5a84e23') in 0.005 seconds [static dependencies only]. Details - ImportResultOutputID=7164be5ad1aec9121b570fdf79312fe3 DependenciesID=1431c830bcd8e9de7f7eb57fddfb95d9 StaticDependenciesID=6e8438ecff6f78d68690d01f82642627 
Importing 'GUID: a240990a0cc0e42ff8315cd0ca2f76d4 - Path: Assets/DaHilg/Settings/GeneratedAnimations/cece_Knockdown.anim' with importer (NativeFormatImporter)
Imported 'GUID: a240990a0cc0e42ff8315cd0ca2f76d4' -> (Import Result ID: '8c78dc311d90ceaf382a5af9a11300aa') in 0.009 seconds [static dependencies only]. Details - ImportResultOutputID=c7bfa34d09f9e6f84a9617e26f5dc441 DependenciesID=faeca1c902bb049d05d0eadd05a87ba7 StaticDependenciesID=46906c46ec70bd432ecba781729c259f 
Importing 'GUID: e23bb10b6586246c0b9b0a881549dac7 - Path: Assets/DaHilg/Settings/GeneratedAnimations/cece_Attack.anim' with importer (NativeFormatImporter)
Imported 'GUID: e23bb10b6586246c0b9b0a881549dac7' -> (Import Result ID: 'd13a730a1c22fb42a82ff8974dbebe8f') in 0.011 seconds [static dependencies only]. Details - ImportResultOutputID=c0d563e607012e8a7f25eb1af9546a70 DependenciesID=1f853725ba38d5a191204c8bb3a45969 StaticDependenciesID=2ed848c00dc178bd0e4c03978e55e0a3 
Importing 'GUID: e2eedce90f11745b4ac3a154b7122db9 - Path: Assets/DaHilg/Settings/GeneratedAnimations/kelli_Run.anim' with importer (NativeFormatImporter)
Imported 'GUID: e2eedce90f11745b4ac3a154b7122db9' -> (Import Result ID: 'ef9013ff2fb5d4e16df41885a5252ccc') in 0.003 seconds [static dependencies only]. Details - ImportResultOutputID=f265ea1c5fd75e19165a26d28f927052 DependenciesID=08885e718f41891d3af542771b682ebe StaticDependenciesID=32d3c3580cfbeb4aba99ed94370ab634 
Importing 'GUID: f202de682f4ad446cac7e4ab9136b72e - Path: Assets/DaHilg/Settings/GeneratedAnimations/kelli_Knockdown.anim' with importer (NativeFormatImporter)
Imported 'GUID: f202de682f4ad446cac7e4ab9136b72e' -> (Import Result ID: '423ef1cfc1515068bcd833e2f86cf17a') in 0.009 seconds [static dependencies only]. Details - ImportResultOutputID=85cf1311e7cfce0b2e2804964723763a DependenciesID=f44765e2fda483f41219f91c831c8c54 StaticDependenciesID=01950d608ca9bd742819f1cebeee2e75 
Importing 'GUID: 13617a1b4284f4bba8d76c4a5201a401 - Path: Assets/DaHilg/Settings/GeneratedAnimations/mike_Walk.anim' with importer (NativeFormatImporter)
Imported 'GUID: 13617a1b4284f4bba8d76c4a5201a401' -> (Import Result ID: '959cb23805ed1fd498b15370cf2dc135') in 0.005 seconds [static dependencies only]. Details - ImportResultOutputID=7bf0d67b5dd04cc6cb93dc5869187c02 DependenciesID=80b09aa191487f9bda2848cea1321f59 StaticDependenciesID=f8ac36d0f2d638c44109ac19c0ccfeea 
Importing 'GUID: 139bd360210934490b6be1e66e3a0866 - Path: Assets/DaHilg/Settings/GeneratedAnimations/kelli_Climb.anim' with importer (NativeFormatImporter)
Imported 'GUID: 139bd360210934490b6be1e66e3a0866' -> (Import Result ID: 'cf639e7fe20e52fc272419b7af0b7761') in 0.005 seconds [static dependencies only]. Details - ImportResultOutputID=3e644d422d036580d2ed2753c1b8f681 DependenciesID=8fa2bbfb8f65b73a154e7aacb69152e9 StaticDependenciesID=5ee9d1cdca3619072e7dc6f70fd5ca99 
Importing 'GUID: 13deb0d06e9064352ae67b0470127d4d - Path: Assets/DaHilg/Settings/GeneratedAnimations/kelli_Dance.anim' with importer (NativeFormatImporter)
Imported 'GUID: 13deb0d06e9064352ae67b0470127d4d' -> (Import Result ID: '93ffc45b4c146787de64f4d07bec92da') in 0.037 seconds [static dependencies only]. Details - ImportResultOutputID=5068301a59551ba3e73e86fd2f735b33 DependenciesID=d799cabed5bc8a739a918495dc1aae4f StaticDependenciesID=a98834860696f7edb6475bf9899914d0 
Importing 'GUID: d387363ae99734109a857e2409708173 - Path: Assets/DaHilg/Settings/GeneratedAnimations/mike_Climb.anim' with importer (NativeFormatImporter)
Imported 'GUID: d387363ae99734109a857e2409708173' -> (Import Result ID: 'c9d6a41706a223bb89398437aa712192') in 0.005 seconds [static dependencies only]. Details - ImportResultOutputID=b8a2118838ec9f51ec888a72c5a55644 DependenciesID=4ec4d8b0e970299208414871bcf20266 StaticDependenciesID=bbaf4984b72426cc956cb03021a41236 
Importing 'GUID: d379cd38ef06f4073b939a0b174402e6 - Path: Assets/DaHilg/Settings/GeneratedAnimations/drew_Jump.anim' with importer (NativeFormatImporter)
Imported 'GUID: d379cd38ef06f4073b939a0b174402e6' -> (Import Result ID: 'cb4635982126f44fbd6a1d7c5d9be786') in 0.012 seconds [static dependencies only]. Details - ImportResultOutputID=f6809bd68af85ff4c9d8a5138bc08980 DependenciesID=e254a75d22232b11a550e70a314bc7ed StaticDependenciesID=d95382740fe223bdbe609f035a63ddc4 
Importing 'GUID: 147fb066a08bd439a8a2e2d77a0848ba - Path: Assets/DaHilg/Settings/GeneratedAnimations/cece_Idle.anim' with importer (NativeFormatImporter)
Imported 'GUID: 147fb066a08bd439a8a2e2d77a0848ba' -> (Import Result ID: '0416e22a9d44e028b9eb76d1a39cbea4') in 0.023 seconds [static dependencies only]. Details - ImportResultOutputID=7f74c381f20310f22a6ffc00457978d7 DependenciesID=2e83915b5591dafd5837f08921cf41ef StaticDependenciesID=ec31d509b180563c47c83f7b304e0afb 
Importing 'GUID: 74979e30e82ae48398e7bcb8eb91426f - Path: Assets/DaHilg/Settings/GeneratedAnimations/cece_Stumble.anim' with importer (NativeFormatImporter)
Imported 'GUID: 74979e30e82ae48398e7bcb8eb91426f' -> (Import Result ID: 'e328f08b7461ef284f65849f328cf570') in 0.010 seconds [static dependencies only]. Details - ImportResultOutputID=7aed9e12654f95486bead60a5337d113 DependenciesID=9e52d2d4285bf2a5e7691b25ecaf56f2 StaticDependenciesID=723b0c4a3fffdbf3b584c28d2a7dab00 
Importing 'GUID: a59801f5711e84378b567e9be9fa06ed - Path: Assets/DaHilg/Settings/GeneratedAnimations/drew_Attack.anim' with importer (NativeFormatImporter)
Imported 'GUID: a59801f5711e84378b567e9be9fa06ed' -> (Import Result ID: '0438418cd1c67c3882fe5b7a40329a35') in 0.011 seconds [static dependencies only]. Details - ImportResultOutputID=2eb803b176241de5142709ca9da271ec DependenciesID=a517735fb49a5dfcda78809950ef3f63 StaticDependenciesID=e0afe5eeb4b00abb9ccc97ef3fd4c7b5 
Importing 'GUID: 0617bd37ee35e44358a2df13013a3fe5 - Path: Assets/DaHilg/Settings/GeneratedAnimations/drew_Idle.anim' with importer (NativeFormatImporter)
Imported 'GUID: 0617bd37ee35e44358a2df13013a3fe5' -> (Import Result ID: '1480fa191f00da1a37b9d49037b4c693') in 0.024 seconds [static dependencies only]. Details - ImportResultOutputID=8e30a4a2728525304567cabda02b881a DependenciesID=459cf3318219d059a42c648728a52d21 StaticDependenciesID=a809ebce9f61bc973d782fe5d2a7ea34 
Importing 'GUID: a6b15ab732df34bb79cc74a00a446463 - Path: Assets/DaHilg/Settings/GeneratedAnimations/kelli_Stumble.anim' with importer (NativeFormatImporter)
Imported 'GUID: a6b15ab732df34bb79cc74a00a446463' -> (Import Result ID: 'b28385ed9cee3514c7beb16f506efceb') in 0.010 seconds [static dependencies only]. Details - ImportResultOutputID=1598085e542b209adb80be3e9d7033f5 DependenciesID=71b588e517f77b54fb22ce23525c34a5 StaticDependenciesID=d4bcf0679ac8c5809d183a6688c983f5 
Importing 'GUID: b675dc5ec6c5a4aedaf909c7b555a92c - Path: Assets/DaHilg/Settings/GeneratedAnimations/mike_Hit.anim' with importer (NativeFormatImporter)
Imported 'GUID: b675dc5ec6c5a4aedaf909c7b555a92c' -> (Import Result ID: '55f40ebdc8ced405f9c781d0a562b38e') in 0.006 seconds [static dependencies only]. Details - ImportResultOutputID=23c2cab08358883be212989c8e7acf3e DependenciesID=07186bb4509305c3f78fac920cc5c9e5 StaticDependenciesID=27624d655834e04cdf38c9565da497c0 
Importing 'GUID: 77eee6d2475fa44c78ce8232be3216f4 - Path: Assets/DaHilg/Settings/GeneratedAnimations/drew_Wave.anim' with importer (NativeFormatImporter)
Imported 'GUID: 77eee6d2475fa44c78ce8232be3216f4' -> (Import Result ID: '0b02a1b6488fbce4de08c65cf6646cde') in 0.049 seconds [static dependencies only]. Details - ImportResultOutputID=8429725fd258efdb1a827c084031c6d1 DependenciesID=910b6cf712a2de9eba5906461ee503c2 StaticDependenciesID=b708ca0dbf6e3cd35a5dc4f1eb4723a1 
Importing 'GUID: 87f86a3b069574ea9b4f4053b21caa28 - Path: Assets/DaHilg/Settings/GeneratedAnimations/cece_Crawl.anim' with importer (NativeFormatImporter)
Imported 'GUID: 87f86a3b069574ea9b4f4053b21caa28' -> (Import Result ID: '8802db24be83d4eca42b50276b195da4') in 0.005 seconds [static dependencies only]. Details - ImportResultOutputID=63235d151761abd6ed038f9fc436d5c2 DependenciesID=c2dce2b4a9b48f0be53b43f709d75acf StaticDependenciesID=0e5fd051fdb8af764390366968bf559e 
Importing 'GUID: 9765925b081334a57bde6d6ed28bd278 - Path: Assets/DaHilg/Settings/GeneratedAnimations/cece_Hit.anim' with importer (NativeFormatImporter)
Imported 'GUID: 9765925b081334a57bde6d6ed28bd278' -> (Import Result ID: 'f7e220ea1a01703e277a81044b448039') in 0.007 seconds [static dependencies only]. Details - ImportResultOutputID=0ca38da55ba1f7138c9e2e097e7fd0eb DependenciesID=44e422d3401d7b13c80c049effa0de62 StaticDependenciesID=36e9a62b1197d91050c9b345c4992399 
Importing 'GUID: 887a28f4b155544e3b1feabb2778526a - Path: Assets/DaHilg/Settings/GeneratedAnimations/mike_Wave.anim' with importer (NativeFormatImporter)
Imported 'GUID: 887a28f4b155544e3b1feabb2778526a' -> (Import Result ID: '45fb7c88631dce5fe13459e75ecc35f3') in 0.049 seconds [static dependencies only]. Details - ImportResultOutputID=18ad11b2d03d985f4c17e76c86cf1ef6 DependenciesID=4026d8610bc3d90d6fa78d7515d2a108 StaticDependenciesID=9a66daa7cbbf844e3e72254f7e2da55d 
Importing 'GUID: 09846186f471e48219321edd1f98efa3 - Path: Assets/DaHilg/Settings/GeneratedAnimations/kelli_Hit.anim' with importer (NativeFormatImporter)
Imported 'GUID: 09846186f471e48219321edd1f98efa3' -> (Import Result ID: '6f06acd23a0b4573733a7989a318a849') in 0.007 seconds [static dependencies only]. Details - ImportResultOutputID=73381417e4124cf7a5815593169585cf DependenciesID=edcbea4db05d211447b2343b26ae62b9 StaticDependenciesID=0c25d4b0a438bc34c98ad17a077ca93d 
Importing 'GUID: b9383b26fd4b94f9c99301fbe9574a1e - Path: Assets/DaHilg/Settings/GeneratedAnimations/drew_Stumble.anim' with importer (NativeFormatImporter)
Imported 'GUID: b9383b26fd4b94f9c99301fbe9574a1e' -> (Import Result ID: '6e51af1ab866e04ced22d73128e66f45') in 0.010 seconds [static dependencies only]. Details - ImportResultOutputID=b2e20f71bcc9b2fe1c6887475636f904 DependenciesID=88e4cee91cda0388681cfd66d68c1ab5 StaticDependenciesID=9d1db09279b77803ede4ef533a4508e5 
Importing 'GUID: abea446db3ace48f3a673fae53744a20 - Path: Assets/DaHilg/Settings/GeneratedAnimations/mike_Attack.anim' with importer (NativeFormatImporter)
Imported 'GUID: abea446db3ace48f3a673fae53744a20' -> (Import Result ID: '7d71aa7b2c9d2da907cff7718bbddc51') in 0.011 seconds [static dependencies only]. Details - ImportResultOutputID=8b426358fa3b89efd4d08fc55bc7c466 DependenciesID=444c79924974c815197db3e47b1381c3 StaticDependenciesID=30046737baf461ad1f5e5af30fca7787 
Importing 'GUID: db6dc3af35d9944d6bf56da0e3674bd0 - Path: Assets/DaHilg/Settings/GeneratedAnimations/drew_Walk.anim' with importer (NativeFormatImporter)
Imported 'GUID: db6dc3af35d9944d6bf56da0e3674bd0' -> (Import Result ID: '8c710d8564f711de4c8408f8016dab17') in 0.005 seconds [static dependencies only]. Details - ImportResultOutputID=11ba6d04001e93826a910172844ca201 DependenciesID=17bd9ef7aff02743f48ff5f2ea7c2e06 StaticDependenciesID=4aec63d1742a1b4b15a69f71756972d8 
Importing 'GUID: 0ccf68cf3afa2420e94bd1e265f558c2 - Path: Assets/DaHilg/Settings/GeneratedAnimations/kelli_Jump.anim' with importer (NativeFormatImporter)
Imported 'GUID: 0ccf68cf3afa2420e94bd1e265f558c2' -> (Import Result ID: 'd04f5dead2574f98eac17ea9a25036d1') in 0.012 seconds [static dependencies only]. Details - ImportResultOutputID=d0cd1da199116b9b1af3872828c1e970 DependenciesID=cbf4887faee667e1fda46e1f3352bd2f StaticDependenciesID=31f3b85d92745b2a2f02bee1f05bb1f4 
Importing 'GUID: 2cde36f084637408f8bbf9c12088c282 - Path: Assets/DaHilg/Settings/GeneratedAnimations/kelli_Cheer.anim' with importer (NativeFormatImporter)
Imported 'GUID: 2cde36f084637408f8bbf9c12088c282' -> (Import Result ID: '4bf7911c1d4511795f9ea9d09d7a886b') in 0.008 seconds [static dependencies only]. Details - ImportResultOutputID=fd363f7b91130344e8b0db5726cf3bae DependenciesID=a95d003a1c65fc209f11cb7f03ddebd0 StaticDependenciesID=fb4a353b3a44562b89293fdd4fa461a6 
Importing 'GUID: 7c3d6c232f2db4e6fa5c83a1a64adfaa - Path: Assets/DaHilg/Settings/GeneratedAnimations/mike_Dance.anim' with importer (NativeFormatImporter)
Imported 'GUID: 7c3d6c232f2db4e6fa5c83a1a64adfaa' -> (Import Result ID: '7181aabb2919baf45c01ee38e2e2903d') in 0.039 seconds [static dependencies only]. Details - ImportResultOutputID=0682d76605ced75291f13602bd774978 DependenciesID=3d6144e95b61a37b6cd21fad4ef8b70e StaticDependenciesID=ac1e12fc497fdaf74f462cd5267bba2c 
Importing 'GUID: cc2847ae07dc743beb136fd105a0988c - Path: Assets/DaHilg/Settings/GeneratedAnimations/kelli_Crawl.anim' with importer (NativeFormatImporter)
Imported 'GUID: cc2847ae07dc743beb136fd105a0988c' -> (Import Result ID: 'ed872e3403bf0272a61048ae6a5d2cdc') in 0.005 seconds [static dependencies only]. Details - ImportResultOutputID=4fc9f4d242651ca36c3f14f1b47bf07e DependenciesID=1b35a5d8fe81b4d95baa370014de5a45 StaticDependenciesID=a848b0ad290c15d53196b5b1ccf23bd4 
Importing 'GUID: cc7a5c6b2044c499784fa625f3b9be90 - Path: Assets/DaHilg/Settings/DaHilgSkybox.mat' with importer (NativeFormatImporter)
Imported 'GUID: cc7a5c6b2044c499784fa625f3b9be90' -> (Import Result ID: '7054dfe41b2fdbaa8f9635866df12abc') in 0.001 seconds [static dependencies only]. Details - ImportResultOutputID=28b6e99a92ea23b2dac3154c1d896a4b DependenciesID=9c0979fa19f792d10d81346817571eb7 StaticDependenciesID=430facc897fc479d0a318eebace39fcd 
Importing 'GUID: 2da2fdd50219b4abea6d3746ad0381f7 - Path: Assets/DaHilg/Settings/GeneratedAnimations/kelli_Walk.anim' with importer (NativeFormatImporter)
Imported 'GUID: 2da2fdd50219b4abea6d3746ad0381f7' -> (Import Result ID: 'bced78134c9ef049f76487aea5e3392f') in 0.005 seconds [static dependencies only]. Details - ImportResultOutputID=f805f866c337951bf23ec6bcb0979cc9 DependenciesID=c6a3f0f657a3229b9ee758e1fdc86fbe StaticDependenciesID=067ba88c318cbd362a279411832eb401 
Importing 'GUID: ed4e8c601ebc74fba944d307e076b40d - Path: Assets/DaHilg/Settings/GeneratedAnimations/mike_Cheer.anim' with importer (NativeFormatImporter)
Imported 'GUID: ed4e8c601ebc74fba944d307e076b40d' -> (Import Result ID: 'f554c292c57844200e5a6870e1d989aa') in 0.008 seconds [static dependencies only]. Details - ImportResultOutputID=ac48428ca25effac0893974149f04f1d DependenciesID=3007a4172331588fb7013302d59fd8e3 StaticDependenciesID=63e5073e26d78f6755d3296facefd62e 
Importing 'GUID: 1e1002d170c184c1d93da40b77f91c73 - Path: Assets/DaHilg/Settings/GeneratedAnimations/cece_Wave.anim' with importer (NativeFormatImporter)
Imported 'GUID: 1e1002d170c184c1d93da40b77f91c73' -> (Import Result ID: '8b80ecdd1875600745ff323e21850797') in 0.051 seconds [static dependencies only]. Details - ImportResultOutputID=ae7f16b6ceda279a9c2570b77f8ea597 DependenciesID=f363a71fe26d247d51e7d8449aaccc96 StaticDependenciesID=0c19f4c2acff31d06263b39c3d7306cc 
Importing 'GUID: 8ef177832c80a41a9891de6f15229209 - Path: Assets/DaHilg/Settings/GeneratedAnimations/cece_Dance.anim' with importer (NativeFormatImporter)
Imported 'GUID: 8ef177832c80a41a9891de6f15229209' -> (Import Result ID: 'c285afce507fec8c8b51e8e761c0d172') in 0.040 seconds [static dependencies only]. Details - ImportResultOutputID=fb17d7cf76293619c9fda6785bec3d8b DependenciesID=6039edd20b1411beea914c1b1de64bd4 StaticDependenciesID=fc393709cebda0597c739000a1bccb07 
Importing 'GUID: ee503838ad2444dadb46a514d8d4b2ee - Path: Assets/DaHilg/Settings/GeneratedAnimations/cece_Run.anim' with importer (NativeFormatImporter)
Imported 'GUID: ee503838ad2444dadb46a514d8d4b2ee' -> (Import Result ID: 'a20faeea514874b3e15fb12423b89bde') in 0.004 seconds [static dependencies only]. Details - ImportResultOutputID=3615524e4a7f0bae4a4e8b3b7f0738b6 DependenciesID=1bf758eadd2fba5377ba4ff9a4fe7146 StaticDependenciesID=68ade4d3596560c1a069263ac7608f8e 
Importing 'GUID: fe786c9bacf574e638afe1c04cd145e6 - Path: Assets/DaHilg/Settings/GeneratedAnimations/mike_Crawl.anim' with importer (NativeFormatImporter)
Imported 'GUID: fe786c9bacf574e638afe1c04cd145e6' -> (Import Result ID: '257933ae1e0d16f0e5ee9af420d63621') in 0.006 seconds [static dependencies only]. Details - ImportResultOutputID=dbf99a1af2cdbb5cf4381e55552e9032 DependenciesID=7f29b8f440e1737b04164c60c831b158 StaticDependenciesID=227fd217578672bdc7168a92d9a91edb 
Importing 'GUID: fefd67ddd3d024536bcb48425269cdcc - Path: Assets/DaHilg/Settings/GeneratedAnimations/mike_Run.anim' with importer (NativeFormatImporter)
Imported 'GUID: fefd67ddd3d024536bcb48425269cdcc' -> (Import Result ID: '9a3813e8b92b50661b255639eb152050') in 0.003 seconds [static dependencies only]. Details - ImportResultOutputID=4ef51dbba8869357b000312c4e1dbd77 DependenciesID=a3e7ebda789aed07769fb5cf7a75cbcb StaticDependenciesID=d5c020a9f3ced999b40ee039de03a44c 
Importing 'GUID: 0fcd33cb9594044159f891e1093f1320 - Path: Assets/DaHilg/Settings/GeneratedAnimations/drew_Run.anim' with importer (NativeFormatImporter)
Imported 'GUID: 0fcd33cb9594044159f891e1093f1320' -> (Import Result ID: 'ee55460bedb51430cc8d630ca2dbee21') in 0.004 seconds [static dependencies only]. Details - ImportResultOutputID=075ba7b2c79c0aebf16ac2cd0dd45051 DependenciesID=db9da672f2431d56733dbc78e18f5a91 StaticDependenciesID=8ac803356ef198168b84d610e337b736 
Importing 'GUID: 5fc14bd52c9c445a7922b64267237b89 - Path: Assets/DaHilg/Settings/GeneratedAnimations/mike_Jump.anim' with importer (NativeFormatImporter)
Imported 'GUID: 5fc14bd52c9c445a7922b64267237b89' -> (Import Result ID: '6e44f9377fc8f209419cfb6bae0f2999') in 0.012 seconds [static dependencies only]. Details - ImportResultOutputID=fb4b161b3ca75cf31edefb314201c6e7 DependenciesID=66317917c28e316b6bad30e191191b6c StaticDependenciesID=8b98b9364f22c93153d9f02c668b65b1 
Importing 'GUID: 7f0268268c51b4649849599ec3ac872c - Path: Assets/DaHilg/Settings/GeneratedAnimations/kelli_Idle.anim' with importer (NativeFormatImporter)
Imported 'GUID: 7f0268268c51b4649849599ec3ac872c' -> (Import Result ID: 'e32cbfcf117e0670ec3e8d4ea37e0869') in 0.024 seconds [static dependencies only]. Details - ImportResultOutputID=bd3b4560f2dc96f6d1ac484cfc85d783 DependenciesID=4de18382f030a8d016627e463102d445 StaticDependenciesID=713fa9bb635271737d9578619cedce23 
Importing 'GUID: cf33d79512fad46f28855595a0f47c46 - Path: Assets/DaHilg/Settings/GeneratedAnimations/drew_Dance.anim' with importer (NativeFormatImporter)
Imported 'GUID: cf33d79512fad46f28855595a0f47c46' -> (Import Result ID: 'd14c52f3e70cf7d4f19895d95f72a6ce') in 0.042 seconds [static dependencies only]. Details - ImportResultOutputID=63f78c44191e91b89f4effc50a5fe5dc DependenciesID=873bcaf7b6ea88b0a4e4a0b759a29b93 StaticDependenciesID=8479196ffa14ea4fc0a58c00f3bcdb78 
Importing 'GUID: 80e4667c77ce242bfb416d1d849dede1 - Path: Assets/DaHilg/Settings/CharacterControllers/kelli.controller' with importer (NativeFormatImporter)
Imported 'GUID: 80e4667c77ce242bfb416d1d849dede1' -> (Import Result ID: 'df768db64a4c213d576e804cba7cca55') in 0.001 seconds [static dependencies only]. Details - ImportResultOutputID=d43fc708ddc6740dc95ee72c2d70441d DependenciesID=31a24b9482bb1417e1bbc48b8986879c StaticDependenciesID=1c553d659eb4225a9674381cee702c25 
Importing 'GUID: 356f520c3bfc74ff1a17777e1915b702 - Path: Assets/DaHilg/Settings/CharacterControllers/mike.controller' with importer (NativeFormatImporter)
Imported 'GUID: 356f520c3bfc74ff1a17777e1915b702' -> (Import Result ID: 'c3950c598c446211179056f5b6a2d82e') in 0.001 seconds [static dependencies only]. Details - ImportResultOutputID=d245cfbe0838a1f87736ffe96416b1a3 DependenciesID=74bf4d3350eadc9dda99a2c763f46cd4 StaticDependenciesID=950f28c239b5c6f8d165e0a203348306 
Importing 'GUID: 4d036daf617844832bf8439d55ccfa62 - Path: Assets/DaHilg/Settings/AnimalControllers/pig.controller' with importer (NativeFormatImporter)
Imported 'GUID: 4d036daf617844832bf8439d55ccfa62' -> (Import Result ID: '2ff4716aad4e53525500ba645ca2c5a5') in 0.001 seconds [static dependencies only]. Details - ImportResultOutputID=24cc658c9ef6a1a6b0f2ffe3f426ceb9 DependenciesID=9cb1416d2c73a4f580fd7ea12bff3803 StaticDependenciesID=970c6a31dc6f8d0c589f792c7e8bd50a 
Importing 'GUID: ad1472de7ff364711948b7f6738e0a2c - Path: Assets/DaHilg/Settings/AnimalControllers/duck.controller' with importer (NativeFormatImporter)
Imported 'GUID: ad1472de7ff364711948b7f6738e0a2c' -> (Import Result ID: '17dda97e616f3a0230ef98d8dc484577') in 0.000 seconds [static dependencies only]. Details - ImportResultOutputID=23b84af437d950e745c624747a4d4cfe DependenciesID=b78a2e9519859e3cd1333a39e7f22c58 StaticDependenciesID=f4dfac0fef539d3fe6a627ba6b346513 
Importing 'GUID: 7e69e68f3a78b40658f32fabcc4ff5a5 - Path: Assets/DaHilg/Settings/CharacterControllers/drew.controller' with importer (NativeFormatImporter)
Imported 'GUID: 7e69e68f3a78b40658f32fabcc4ff5a5' -> (Import Result ID: 'd6552cfcfd7afd4478c7f214567d110b') in 0.000 seconds [static dependencies only]. Details - ImportResultOutputID=5e9276ed65f6f6f561f3518c9e711bd8 DependenciesID=e70d2ceb638fedfa4c9581e08296081e StaticDependenciesID=274be292f6d78c81afddf937eef5e892 
Importing 'GUID: 9e5cb70ce4eab4aa0a686eede89e7973 - Path: Assets/DaHilg/Settings/DaHilgCharacter.controller' with importer (NativeFormatImporter)
Imported 'GUID: 9e5cb70ce4eab4aa0a686eede89e7973' -> (Import Result ID: '71ab8d4f909b99c860bcb60716c51541') in 0.000 seconds [static dependencies only]. Details - ImportResultOutputID=58830df729b0d57dda36279a89d5f71f DependenciesID=b1bbb7b510c050937781d6c830cfb55b StaticDependenciesID=f32297f97f59bde815510b7ac0e92782 
Importing 'GUID: 417d5b9a6af3d4df8b5849f09911b139 - Path: Assets/DaHilg/Settings/DaHilgGameSettings.asset' with importer (NativeFormatImporter)
Imported 'GUID: 417d5b9a6af3d4df8b5849f09911b139' -> (Import Result ID: '4a2d7198d75852ffc9ef1f5c858c503c') in 0.000 seconds [static dependencies only]. Details - ImportResultOutputID=e10b146b564e974f07eb54b961e60e99 DependenciesID=6f67b40492b11bfdc70abc88d78e9776 StaticDependenciesID=5b6377287307285142179a0d42dacce1 
Importing 'GUID: 71866c7a06a9245c68fd3cbc16321d84 - Path: Assets/DaHilg/Settings/Level_stanton.asset' with importer (NativeFormatImporter)
Imported 'GUID: 71866c7a06a9245c68fd3cbc16321d84' -> (Import Result ID: '89be9eb7586955374cd5212808d07117') in 0.000 seconds [static dependencies only]. Details - ImportResultOutputID=f2d30b83e311954ff647d2f0d3ab8fab DependenciesID=3f91b67fa55012ff56e6f969b04fd914 StaticDependenciesID=d6e3deeb490b1742bfa3cae186b1dd8c 
Importing 'GUID: 42d373b7e570b4baead063d26f7cb388 - Path: Assets/DaHilg/Settings/Level_house.asset' with importer (NativeFormatImporter)
Imported 'GUID: 42d373b7e570b4baead063d26f7cb388' -> (Import Result ID: 'b6f1611aa3d3f9aa71d357ad2c481c32') in 0.000 seconds [static dependencies only]. Details - ImportResultOutputID=8f584a85727ba94b5a4eaf3eab6afa3a DependenciesID=86830c2f324e651c88bbda0c4274bf70 StaticDependenciesID=49e112ae1c9a3336c1d43f7c6e91686a 
Importing 'GUID: 6252575a3712843a1bc0de6b20f53007 - Path: Assets/DaHilg/UI/DaHilgPanelSettings.asset' with importer (NativeFormatImporter)
Imported 'GUID: 6252575a3712843a1bc0de6b20f53007' -> (Import Result ID: 'ea2fd2f617014cbd179f0135299a5a36') in 0.000 seconds [static dependencies only]. Details - ImportResultOutputID=7e66bd255f1c07b106fe40895d783d90 DependenciesID=61e9552bff5bc9b3ceb7d2b98c6cfd06 StaticDependenciesID=7b025f7ac8b875bc505d3a2709f0b272 
Importing 'GUID: e26dfc6f257244484ba9445aad1298bf - Path: Assets/DaHilg/Settings/Level_canyon.asset' with importer (NativeFormatImporter)
Imported 'GUID: e26dfc6f257244484ba9445aad1298bf' -> (Import Result ID: '28da693aa7319141b2482fb5888b365a') in 0.000 seconds [static dependencies only]. Details - ImportResultOutputID=c14843015a127fc49676b3451d43dd7f DependenciesID=23228b61f7fa112b4b41fdbebf5ccde1 StaticDependenciesID=6fabd67e87915cd735ac2bdb386afb22 
Importing 'GUID: 4512fd9c86a3b4659bec174467427dc9 - Path: Assets/DaHilg/Settings/Level_dahill.asset' with importer (NativeFormatImporter)
Imported 'GUID: 4512fd9c86a3b4659bec174467427dc9' -> (Import Result ID: '2a20292677a0cf68cda06df6a1abd76c') in 0.000 seconds [static dependencies only]. Details - ImportResultOutputID=216b013613c6fab438a4ea1a68991b17 DependenciesID=6309d61c3eebfd2c276dc604f51752c0 StaticDependenciesID=08c8a5df7114ad3358e4ccdcbb6f10ea 
Importing 'GUID: a8ece56730a89420c86da0b3e75890bd - Path: Assets/DaHilg/Settings/Level_xq.asset' with importer (NativeFormatImporter)
Imported 'GUID: a8ece56730a89420c86da0b3e75890bd' -> (Import Result ID: 'ff2b349e642cdffc285e6e82ccc817f9') in 0.001 seconds [static dependencies only]. Details - ImportResultOutputID=f49ee6c83d4b7d7eb33e727ad411ff26 DependenciesID=9d5349b471a1c695a05220d6e172adc7 StaticDependenciesID=bd058aa4043cd6fc9e623eb96b9bc9ac 
Importing 'GUID: f870e1d468a8045ec8b15a14d08ee7eb - Path: Assets/DaHilg/Settings/Level_meemaw.asset' with importer (NativeFormatImporter)
Imported 'GUID: f870e1d468a8045ec8b15a14d08ee7eb' -> (Import Result ID: '51a483b90f6a459a2aeed03c2ba6bd13') in 0.000 seconds [static dependencies only]. Details - ImportResultOutputID=ba21ab394cc9dfd9555818194bc3d6f2 DependenciesID=771acef43a095fed54994b0ddb1458d0 StaticDependenciesID=6bfb913489011c893371db04075a75db 
Refreshing native plugins compatible for Editor in 4.71 ms, found 2 plugins.

Asset Pipeline Refresh (id=8c5ecc64ff5f1466eb207e62b4456d93): Total: 0.873 seconds - Initiated by StopAssetImportingV2(NoUpdateAssetOptions)
	(Values over 0.05ms)
	Summary:
		Imports: total=67 (actual=67, local cache=0, cache server=0)
		Asset DB Process Time: managed=3 ms, native=851 ms
		Asset DB Callback time: managed=6 ms, native=11 ms
		Scripting: domain reloads=0, domain reload time=0 ms, compile time=0 ms, other=0 ms
		Project Asset Count: scripts=1092, non-scripts=1982
		Asset File Changes: new=0, changed=6, moved=0, deleted=0
		Scan Filter Count: 74
	ApplyChangesToAssetFolders: 0.127ms
	Scan: 13.447ms
	Collect global state as custom dependencies: 0.256ms
	OnSourceAssetsModified: 0.520ms
	CategorizeScriptCompilationAssets: 0.056ms
	CategorizeAssets: 16.843ms
	ImportOutOfDateAssets: 821.772ms (5.123ms without children)
		ImportManagerImport: 788.890ms (2.118ms without children)
			UpdateCategorizedAssets: 0.383ms
		ReloadNativeAssets: 0.093ms
		UnloadImportedAssets: 0.221ms
		EnsureUptoDateAssetsAreRegisteredWithGuidPM: 0.314ms
		ImportSchedulerStart: 27.126ms
	PostProcessAllAssets: 12.307ms
		XRBuildSystem.XRAssetImported 5.656ms
		PostProcessCallbackCreateDeferredMaterials 0.108ms
		ShaderAssetModifiedCallback 0.091ms
		RaytracingShaderImportPostprocess 0.054ms
		ComputeShaderImportPostprocess 0.053ms
		MonoPostProcessAllAssets: 5.767ms
			AssetPostprocessor.OnPostprocessAllAssets 2.135ms
			ShaderGraphAssetPostProcessor.OnPostprocessAllAssets 1.318ms
			MaterialPostprocessor.OnPostprocessAllAssets 0.580ms
			PostProcessor.OnPostprocessAllAssets 0.326ms
			TMPro_TexturePostProcessor.OnPostprocessAllAssets 0.196ms
			AssetChangedListener.OnPostprocessAllAssets 0.174ms
			InputActionAssetPostprocessor.OnPostprocessAllAssets 0.162ms
			InputActionJsonNameModifierAssetProcessor.OnPostprocessAllAssets 0.161ms
			TextAssetPostProcessor.OnPostprocessAllAssets 0.111ms
	PostAssetChangesProfiler: 5.308ms
	GatherAllCurrentPrimaryImportResultRevisions: 0.097ms
	PersistCurrentRevisions: 0.157ms
	Untracked: 1.656ms

Importing 'GUID: 662de78021cc242b0b65be122f7374fb - Path: Assets/DaHilg/Scenes/DaHilg.unity' with importer (DefaultImporter)
Imported 'GUID: 662de78021cc242b0b65be122f7374fb' -> (Import Result ID: '971a82f4e1af5d4dd051eabd92e13aa3') in 0.001 seconds [static dependencies only]. Details - ImportResultOutputID=b55d6541fa0a656cf36297fedcc370ce DependenciesID=a9aa1bbedd454273ff6e53e4e6638f30 StaticDependenciesID=da11d9e5fc4a7eb2ea331128e07c3544 
Refreshing native plugins compatible for Editor in 3.17 ms, found 2 plugins.
Asset Pipeline Refresh (id=b01d5c86911ef468badf89a7489b42cd): Total: 0.068 seconds - Initiated by StopAssetImportingV2(NoUpdateAssetOptions)
Asset Pipeline Refresh (id=9006bff21d90540b9aa7b1dafad1b0fb): Total: 0.136 seconds - Initiated by RefreshV2(NoUpdateAssetOptions)
[DaHilg] Unity scene rebuilt.
UnityEngine.Debug:ExtractStackTraceNoAlloc (byte*,int,string)
UnityEngine.StackTraceUtility:ExtractStackTrace () (at /Users/bokken/build/output/unity/unity/Runtime/Export/Scripting/StackTrace.cs:35)
UnityEngine.DebugLogHandler:Internal_Log (UnityEngine.LogType,UnityEngine.LogOption,string,UnityEngine.Object)
UnityEngine.DebugLogHandler:LogFormat (UnityEngine.LogType,UnityEngine.Object,string,object[])
UnityEngine.Logger:Log (UnityEngine.LogType,object)
UnityEngine.Debug:Log (object)
DaHilg.Editor.DaHilgProjectBuilder:RebuildUnityScene () (at Assets/DaHilg/Scripts/Editor/DaHilgProjectBuilder.cs:98)
DaHilg.Editor.DaHilgProjectBuilder:ValidateSpawnGrounding () (at Assets/DaHilg/Scripts/Editor/DaHilgProjectBuilder.cs:205)

(Filename: Assets/DaHilg/Scripts/Editor/DaHilgProjectBuilder.cs Line: 98)

Source mesh has over 2,097,152 triangles in it, and is using the Fast Midphase option. This might cause certain collisions to not be detected correctly due to an issue in the physics engine. If you observe that in your project, a workaround could be to turn off the Fast Midphase option for this particular mesh. Source mesh name: 
UnityEngine.Debug:ExtractStackTraceNoAlloc (byte*,int,string)
UnityEngine.StackTraceUtility:ExtractStackTrace () (at /Users/bokken/build/output/unity/unity/Runtime/Export/Scripting/StackTrace.cs:35)
UnityEngine.GameObject:Internal_AddComponentWithType (System.Type)
UnityEngine.GameObject:AddComponent (System.Type) (at /Users/bokken/build/output/unity/unity/Runtime/Export/Scripting/GameObject.bindings.cs:264)
UnityEngine.GameObject:AddComponent<UnityEngine.MeshCollider> () (at /Users/bokken/build/output/unity/unity/Runtime/Export/Scripting/GameObject.bindings.cs:269)
DaHilg.DaHilgLevelRuntime:PrepareLevelColliders (UnityEngine.GameObject,bool) (at Assets/DaHilg/Scripts/Runtime/DaHilgLevelRuntime.cs:288)
DaHilg.Editor.DaHilgProjectBuilder:ValidateSpawnGroundingAssets () (at Assets/DaHilg/Scripts/Editor/DaHilgProjectBuilder.cs:1603)
DaHilg.Editor.DaHilgProjectBuilder:ValidateSpawnGrounding () (at Assets/DaHilg/Scripts/Editor/DaHilgProjectBuilder.cs:206)

[Assets/DaHilg/Scripts/Editor/DaHilgProjectBuilder.cs line 1603]

[DaHilg] Spawn grounding validated for 56 spawn points.
UnityEngine.Debug:ExtractStackTraceNoAlloc (byte*,int,string)
UnityEngine.StackTraceUtility:ExtractStackTrace () (at /Users/bokken/build/output/unity/unity/Runtime/Export/Scripting/StackTrace.cs:35)
UnityEngine.DebugLogHandler:Internal_Log (UnityEngine.LogType,UnityEngine.LogOption,string,UnityEngine.Object)
UnityEngine.DebugLogHandler:LogFormat (UnityEngine.LogType,UnityEngine.Object,string,object[])
UnityEngine.Logger:Log (UnityEngine.LogType,object)
UnityEngine.Debug:Log (object)
DaHilg.Editor.DaHilgProjectBuilder:ValidateSpawnGroundingAssets () (at Assets/DaHilg/Scripts/Editor/DaHilgProjectBuilder.cs:1615)
DaHilg.Editor.DaHilgProjectBuilder:ValidateSpawnGrounding () (at Assets/DaHilg/Scripts/Editor/DaHilgProjectBuilder.cs:206)

(Filename: Assets/DaHilg/Scripts/Editor/DaHilgProjectBuilder.cs Line: 1615)

Thread 0x33b08f000 may have been prematurely finalized
Batchmode quit successfully invoked - shutting down!
Thread 0x339b07000 may have been prematurely finalized
Input System module state changed to: ShutdownInProgress.
Input Polling Thread exited.
Input System module state changed to: Shutdown.
Shutting down MSBuild server...
Shutting down VB/C# compiler server...
[Physics::Module] Cleanup current backend.
[Physics::Module] Id: 0xf2b8ea05
[Licensing::IpcConnector] LicenseClient-mcohen-6000.5.0-notifications channel disconnected successfully.
[Licensing::IpcConnector] LicenseClient-mcohen-6000.5.0 channel disconnected successfully.
Thread 0x16e1e3000 may have been prematurely finalized
Thread 0x16e157000 may have been prematurely finalized
Thread 0x16e2fb000 may have been prematurely finalized
Thread 0x16e387000 may have been prematurely finalized
Thread 0x16e413000 may have been prematurely finalized
Thread 0x16e26f000 may have been prematurely finalized
Thread 0x16e52b000 may have been prematurely finalized
Thread 0x16e49f000 may have been prematurely finalized
Thread 0x16e5b7000 may have been prematurely finalized
AcceleratorClientConnectionCallback - disconnected - :0
Thread 0x177e3f000 may have been prematurely finalized
Cleanup mono
CodeReloadManager destroyed
info: Microsoft.Hosting.Lifetime[0]
      Application is shutting down...
info: Unity.ILPP.Runner.PostProcessingAssemblyLoadContext[0]
      ALC ILPP context 1 is unloading
VB/C# compiler server shut down successfully.
MSBuild server shut down successfully.
debugger-agent: Unable to listen on 32
Exiting batchmode successfully now!
[Package Manager] Server process was shutdown
